{
  "stats": {
    "suites": 1,
    "tests": 1,
    "passes": 1,
    "pending": 0,
    "failures": 0,
    "start": "2025-11-21T22:25:54.054Z",
    "end": "2025-11-21T22:25:54.776Z",
    "duration": 722,
    "testsRegistered": 1,
    "passPercent": 100,
    "pendingPercent": 0,
    "other": 0,
    "hasOther": false,
    "skipped": 0,
    "hasSkipped": false
  },
  "results": [
    {
      "uuid": "fbaf9d25-4cd9-4a1e-8d2c-50564cbe3cc1",
      "title": "",
      "fullFile": "cypress\\e2e\\minimal-accessibility.cy.ts",
      "file": "cypress\\e2e\\minimal-accessibility.cy.ts",
      "beforeHooks": [],
      "afterHooks": [],
      "tests": [],
      "suites": [
        {
          "uuid": "2537435c-32d1-44d0-b50c-61fce477a49f",
          "title": "Minimal Accessibility Test",
          "fullFile": "",
          "file": "",
          "beforeHooks": [],
          "afterHooks": [],
          "tests": [
            {
              "title": "should pass a minimal accessibility check on the home page",
              "fullTitle": "Minimal Accessibility Test should pass a minimal accessibility check on the home page",
              "timedOut": null,
              "duration": 562,
              "state": "passed",
              "speed": "fast",
              "pass": true,
              "fail": false,
              "pending": false,
              "context": null,
              "code": "// cy.visit('/');\ncy.injectAxe();\n// cy.checkA11y();",
              "err": {},
              "uuid": "cc91723f-4491-455b-9153-0659a20b34c7",
              "parentUUID": "2537435c-32d1-44d0-b50c-61fce477a49f",
              "isHook": false,
              "skipped": false
            }
          ],
          "suites": [],
          "passes": [
            "cc91723f-4491-455b-9153-0659a20b34c7"
          ],
          "failures": [],
          "pending": [],
          "skipped": [],
          "duration": 562,
          "root": false,
          "rootEmpty": false,
          "_timeout": 2000
        }
      ],
      "passes": [],
      "failures": [],
      "pending": [],
      "skipped": [],
      "duration": 0,
      "root": true,
      "rootEmpty": true,
      "_timeout": 2000
    }
  ],
  "meta": {
    "mocha": {
      "version": "7.2.0"
    },
    "mochawesome": {
      "options": {
        "quiet": false,
        "reportFilename": "mochawesome",
        "saveHtml": false,
        "saveJson": true,
        "consoleReporter": "spec",
        "useInlineDiffs": false,
        "code": true
      },
      "version": "7.1.4"
    },
    "marge": {
      "options": {
        "reportDir": "cypress/results",
        "overwrite": false,
        "html": false,
        "json": true
      },
      "version": "6.3.2"
    }
  }
}