{
  "stats": {
    "suites": 14,
    "tests": 53,
    "passes": 21,
    "pending": 0,
    "failures": 32,
    "start": "2025-11-21T22:49:09.630Z",
    "end": "2025-11-21T22:54:57.486Z",
    "duration": 347856,
    "testsRegistered": 53,
    "passPercent": 39.62264150943396,
    "pendingPercent": 0,
    "other": 0,
    "hasOther": false,
    "skipped": 0,
    "hasSkipped": false
  },
  "results": [
    {
      "uuid": "d3dc5df6-07dd-4e0d-9821-5157117fd13e",
      "title": "",
      "fullFile": "cypress\\e2e\\responsive.cy.ts",
      "file": "cypress\\e2e\\responsive.cy.ts",
      "beforeHooks": [],
      "afterHooks": [],
      "tests": [],
      "suites": [
        {
          "uuid": "af9767a4-e8f5-4b09-b4c4-4ba19e6f0609",
          "title": "Responsive Design Tests",
          "fullFile": "",
          "file": "",
          "beforeHooks": [],
          "afterHooks": [],
          "tests": [],
          "suites": [
            {
              "uuid": "9e57bfd8-f51e-44a6-bcce-95fcca1a752d",
              "title": "Mobile Small (320x568)",
              "fullFile": "",
              "file": "",
              "beforeHooks": [],
              "afterHooks": [],
              "tests": [
                {
                  "title": "should display the page without horizontal scroll",
                  "fullTitle": "Responsive Design Tests Mobile Small (320x568) should display the page without horizontal scroll",
                  "timedOut": null,
                  "duration": 3011,
                  "state": "passed",
                  "speed": "fast",
                  "pass": true,
                  "fail": false,
                  "pending": false,
                  "context": null,
                  "code": "cy.get('body').should('not.have.css', 'overflow-x', 'scroll');\ncy.get('html').should('not.have.css', 'overflow-x', 'scroll');",
                  "err": {},
                  "uuid": "ec4200fc-fad8-447e-b519-1a3066a4cce7",
                  "parentUUID": "9e57bfd8-f51e-44a6-bcce-95fcca1a752d",
                  "isHook": false,
                  "skipped": false
                },
                {
                  "title": "should have proper navigation layout",
                  "fullTitle": "Responsive Design Tests Mobile Small (320x568) should have proper navigation layout",
                  "timedOut": null,
                  "duration": 10405,
                  "state": "failed",
                  "speed": null,
                  "pass": false,
                  "fail": true,
                  "pending": false,
                  "context": null,
                  "code": "if (width < 768) {\n    // Mobile: should have hamburger menu\n    cy.get('[data-testid=\"hamburger-menu\"]').should('be.visible');\n    cy.get('[data-testid=\"desktop-nav\"]').should('not.be.visible');\n}\nelse {\n    // Desktop: should have desktop navigation\n    cy.get('[data-testid=\"desktop-nav\"]').should('be.visible');\n    cy.get('[data-testid=\"hamburger-menu\"]').should('not.be.visible');\n}",
                  "err": {
                    "message": "AssertionError: Timed out retrying after 10000ms: Expected to find element: `[data-testid=\"hamburger-menu\"]`, but never found it.",
                    "estack": "AssertionError: Timed out retrying after 10000ms: Expected to find element: `[data-testid=\"hamburger-menu\"]`, but never found it.\n    at Context.eval (webpack://vite-react-typescript-starter/./cypress/e2e/responsive.cy.ts:45:51)",
                    "diff": null
                  },
                  "uuid": "d9bdb7be-3959-4982-a5a0-e6728980c0cd",
                  "parentUUID": "9e57bfd8-f51e-44a6-bcce-95fcca1a752d",
                  "isHook": false,
                  "skipped": false
                },
                {
                  "title": "should have proper search bar layout",
                  "fullTitle": "Responsive Design Tests Mobile Small (320x568) should have proper search bar layout",
                  "timedOut": null,
                  "duration": 10694,
                  "state": "failed",
                  "speed": null,
                  "pass": false,
                  "fail": true,
                  "pending": false,
                  "context": null,
                  "code": "if (width < 768) {\n    // Mobile: search should be hidden or in different location\n    cy.get('[data-testid=\"search-bar\"]').should('not.be.visible');\n    cy.get('[data-testid=\"search-icon\"]').should('be.visible');\n}\nelse {\n    // Desktop: search bar should be visible\n    cy.get('[data-testid=\"search-bar\"]').should('be.visible');\n}",
                  "err": {
                    "message": "AssertionError: Timed out retrying after 10000ms: Expected to find element: `[data-testid=\"search-bar\"]`, but never found it.",
                    "estack": "AssertionError: Timed out retrying after 10000ms: Expected to find element: `[data-testid=\"search-bar\"]`, but never found it.\n    at Context.eval (webpack://vite-react-typescript-starter/./cypress/e2e/responsive.cy.ts:57:47)",
                    "diff": null
                  },
                  "uuid": "97cf54a0-6c31-4f6a-a422-7a0b4f541a35",
                  "parentUUID": "9e57bfd8-f51e-44a6-bcce-95fcca1a752d",
                  "isHook": false,
                  "skipped": false
                },
                {
                  "title": "should have proper button sizes (minimum 44px)",
                  "fullTitle": "Responsive Design Tests Mobile Small (320x568) should have proper button sizes (minimum 44px)",
                  "timedOut": null,
                  "duration": 410,
                  "state": "passed",
                  "speed": "fast",
                  "pass": true,
                  "fail": false,
                  "pending": false,
                  "context": null,
                  "code": "cy.get('button').each(function ($button) {\n    cy.wrap($button).should(function ($el) {\n        var rect = $el[0].getBoundingClientRect();\n        expect(rect.height).to.be.at.least(44);\n        expect(rect.width).to.be.at.least(44);\n    });\n});",
                  "err": {},
                  "uuid": "98967d3f-bf29-4da8-992b-ff125d36778f",
                  "parentUUID": "9e57bfd8-f51e-44a6-bcce-95fcca1a752d",
                  "isHook": false,
                  "skipped": false
                },
                {
                  "title": "should have proper text sizes",
                  "fullTitle": "Responsive Design Tests Mobile Small (320x568) should have proper text sizes",
                  "timedOut": null,
                  "duration": 326,
                  "state": "passed",
                  "speed": "fast",
                  "pass": true,
                  "fail": false,
                  "pending": false,
                  "context": null,
                  "code": "cy.get('h1').should('have.css', 'font-size').and('match', /(1[6-9]|[2-9][0-9])px/);\ncy.get('p').should('have.css', 'font-size').and('match', /(1[4-9]|[2-9][0-9])px/);",
                  "err": {},
                  "uuid": "e6d13a47-5a26-4968-9e8b-e1537c7d0078",
                  "parentUUID": "9e57bfd8-f51e-44a6-bcce-95fcca1a752d",
                  "isHook": false,
                  "skipped": false
                },
                {
                  "title": "should have proper spacing",
                  "fullTitle": "Responsive Design Tests Mobile Small (320x568) should have proper spacing",
                  "timedOut": null,
                  "duration": 10409,
                  "state": "failed",
                  "speed": null,
                  "pass": false,
                  "fail": true,
                  "pending": false,
                  "context": null,
                  "code": "cy.get('[data-testid=\"main-content\"]').should('have.css', 'padding');\ncy.get('[data-testid=\"main-content\"]').should('have.css', 'margin');",
                  "err": {
                    "message": "AssertionError: Timed out retrying after 10000ms: Expected to find element: `[data-testid=\"main-content\"]`, but never found it.",
                    "estack": "AssertionError: Timed out retrying after 10000ms: Expected to find element: `[data-testid=\"main-content\"]`, but never found it.\n    at Context.eval (webpack://vite-react-typescript-starter/./cypress/e2e/responsive.cy.ts:81:47)",
                    "diff": null
                  },
                  "uuid": "7f8c35a9-ab3c-48da-93b0-6d92afbba6fb",
                  "parentUUID": "9e57bfd8-f51e-44a6-bcce-95fcca1a752d",
                  "isHook": false,
                  "skipped": false
                }
              ],
              "suites": [],
              "passes": [
                "ec4200fc-fad8-447e-b519-1a3066a4cce7",
                "98967d3f-bf29-4da8-992b-ff125d36778f",
                "e6d13a47-5a26-4968-9e8b-e1537c7d0078"
              ],
              "failures": [
                "d9bdb7be-3959-4982-a5a0-e6728980c0cd",
                "97cf54a0-6c31-4f6a-a422-7a0b4f541a35",
                "7f8c35a9-ab3c-48da-93b0-6d92afbba6fb"
              ],
              "pending": [],
              "skipped": [],
              "duration": 35255,
              "root": false,
              "rootEmpty": false,
              "_timeout": 2000
            },
            {
              "uuid": "81024a86-3cd4-4fd5-91d3-57b8659bf3c9",
              "title": "Mobile Medium (375x667)",
              "fullFile": "",
              "file": "",
              "beforeHooks": [],
              "afterHooks": [],
              "tests": [
                {
                  "title": "should display the page without horizontal scroll",
                  "fullTitle": "Responsive Design Tests Mobile Medium (375x667) should display the page without horizontal scroll",
                  "timedOut": null,
                  "duration": 632,
                  "state": "passed",
                  "speed": "fast",
                  "pass": true,
                  "fail": false,
                  "pending": false,
                  "context": null,
                  "code": "cy.get('body').should('not.have.css', 'overflow-x', 'scroll');\ncy.get('html').should('not.have.css', 'overflow-x', 'scroll');",
                  "err": {},
                  "uuid": "8f3e013f-be8e-4e8c-8426-235c56f9a00a",
                  "parentUUID": "81024a86-3cd4-4fd5-91d3-57b8659bf3c9",
                  "isHook": false,
                  "skipped": false
                },
                {
                  "title": "should have proper navigation layout",
                  "fullTitle": "Responsive Design Tests Mobile Medium (375x667) should have proper navigation layout",
                  "timedOut": null,
                  "duration": 10281,
                  "state": "failed",
                  "speed": null,
                  "pass": false,
                  "fail": true,
                  "pending": false,
                  "context": null,
                  "code": "if (width < 768) {\n    // Mobile: should have hamburger menu\n    cy.get('[data-testid=\"hamburger-menu\"]').should('be.visible');\n    cy.get('[data-testid=\"desktop-nav\"]').should('not.be.visible');\n}\nelse {\n    // Desktop: should have desktop navigation\n    cy.get('[data-testid=\"desktop-nav\"]').should('be.visible');\n    cy.get('[data-testid=\"hamburger-menu\"]').should('not.be.visible');\n}",
                  "err": {
                    "message": "AssertionError: Timed out retrying after 10000ms: Expected to find element: `[data-testid=\"hamburger-menu\"]`, but never found it.",
                    "estack": "AssertionError: Timed out retrying after 10000ms: Expected to find element: `[data-testid=\"hamburger-menu\"]`, but never found it.\n    at Context.eval (webpack://vite-react-typescript-starter/./cypress/e2e/responsive.cy.ts:45:51)",
                    "diff": null
                  },
                  "uuid": "d398296c-3d3e-48e8-a104-96494a474de7",
                  "parentUUID": "81024a86-3cd4-4fd5-91d3-57b8659bf3c9",
                  "isHook": false,
                  "skipped": false
                },
                {
                  "title": "should have proper search bar layout",
                  "fullTitle": "Responsive Design Tests Mobile Medium (375x667) should have proper search bar layout",
                  "timedOut": null,
                  "duration": 10741,
                  "state": "failed",
                  "speed": null,
                  "pass": false,
                  "fail": true,
                  "pending": false,
                  "context": null,
                  "code": "if (width < 768) {\n    // Mobile: search should be hidden or in different location\n    cy.get('[data-testid=\"search-bar\"]').should('not.be.visible');\n    cy.get('[data-testid=\"search-icon\"]').should('be.visible');\n}\nelse {\n    // Desktop: search bar should be visible\n    cy.get('[data-testid=\"search-bar\"]').should('be.visible');\n}",
                  "err": {
                    "message": "AssertionError: Timed out retrying after 10000ms: Expected to find element: `[data-testid=\"search-bar\"]`, but never found it.",
                    "estack": "AssertionError: Timed out retrying after 10000ms: Expected to find element: `[data-testid=\"search-bar\"]`, but never found it.\n    at Context.eval (webpack://vite-react-typescript-starter/./cypress/e2e/responsive.cy.ts:57:47)",
                    "diff": null
                  },
                  "uuid": "a5f5d08b-2404-49e8-b56c-dc90835f957f",
                  "parentUUID": "81024a86-3cd4-4fd5-91d3-57b8659bf3c9",
                  "isHook": false,
                  "skipped": false
                },
                {
                  "title": "should have proper button sizes (minimum 44px)",
                  "fullTitle": "Responsive Design Tests Mobile Medium (375x667) should have proper button sizes (minimum 44px)",
                  "timedOut": null,
                  "duration": 398,
                  "state": "passed",
                  "speed": "fast",
                  "pass": true,
                  "fail": false,
                  "pending": false,
                  "context": null,
                  "code": "cy.get('button').each(function ($button) {\n    cy.wrap($button).should(function ($el) {\n        var rect = $el[0].getBoundingClientRect();\n        expect(rect.height).to.be.at.least(44);\n        expect(rect.width).to.be.at.least(44);\n    });\n});",
                  "err": {},
                  "uuid": "ed48132d-dd73-493a-9044-b8b912fe3b4d",
                  "parentUUID": "81024a86-3cd4-4fd5-91d3-57b8659bf3c9",
                  "isHook": false,
                  "skipped": false
                },
                {
                  "title": "should have proper text sizes",
                  "fullTitle": "Responsive Design Tests Mobile Medium (375x667) should have proper text sizes",
                  "timedOut": null,
                  "duration": 414,
                  "state": "passed",
                  "speed": "fast",
                  "pass": true,
                  "fail": false,
                  "pending": false,
                  "context": null,
                  "code": "cy.get('h1').should('have.css', 'font-size').and('match', /(1[6-9]|[2-9][0-9])px/);\ncy.get('p').should('have.css', 'font-size').and('match', /(1[4-9]|[2-9][0-9])px/);",
                  "err": {},
                  "uuid": "85c43ea2-afc3-4dbe-9830-582f9a40b92b",
                  "parentUUID": "81024a86-3cd4-4fd5-91d3-57b8659bf3c9",
                  "isHook": false,
                  "skipped": false
                },
                {
                  "title": "should have proper spacing",
                  "fullTitle": "Responsive Design Tests Mobile Medium (375x667) should have proper spacing",
                  "timedOut": null,
                  "duration": 10276,
                  "state": "failed",
                  "speed": null,
                  "pass": false,
                  "fail": true,
                  "pending": false,
                  "context": null,
                  "code": "cy.get('[data-testid=\"main-content\"]').should('have.css', 'padding');\ncy.get('[data-testid=\"main-content\"]').should('have.css', 'margin');",
                  "err": {
                    "message": "AssertionError: Timed out retrying after 10000ms: Expected to find element: `[data-testid=\"main-content\"]`, but never found it.",
                    "estack": "AssertionError: Timed out retrying after 10000ms: Expected to find element: `[data-testid=\"main-content\"]`, but never found it.\n    at Context.eval (webpack://vite-react-typescript-starter/./cypress/e2e/responsive.cy.ts:81:47)",
                    "diff": null
                  },
                  "uuid": "56b2b248-de05-48c3-8088-7eda28181636",
                  "parentUUID": "81024a86-3cd4-4fd5-91d3-57b8659bf3c9",
                  "isHook": false,
                  "skipped": false
                }
              ],
              "suites": [],
              "passes": [
                "8f3e013f-be8e-4e8c-8426-235c56f9a00a",
                "ed48132d-dd73-493a-9044-b8b912fe3b4d",
                "85c43ea2-afc3-4dbe-9830-582f9a40b92b"
              ],
              "failures": [
                "d398296c-3d3e-48e8-a104-96494a474de7",
                "a5f5d08b-2404-49e8-b56c-dc90835f957f",
                "56b2b248-de05-48c3-8088-7eda28181636"
              ],
              "pending": [],
              "skipped": [],
              "duration": 32742,
              "root": false,
              "rootEmpty": false,
              "_timeout": 2000
            },
            {
              "uuid": "d3c415e4-b652-4269-9552-2a8dc40153f3",
              "title": "Mobile Large (414x896)",
              "fullFile": "",
              "file": "",
              "beforeHooks": [],
              "afterHooks": [],
              "tests": [
                {
                  "title": "should display the page without horizontal scroll",
                  "fullTitle": "Responsive Design Tests Mobile Large (414x896) should display the page without horizontal scroll",
                  "timedOut": null,
                  "duration": 671,
                  "state": "passed",
                  "speed": "fast",
                  "pass": true,
                  "fail": false,
                  "pending": false,
                  "context": null,
                  "code": "cy.get('body').should('not.have.css', 'overflow-x', 'scroll');\ncy.get('html').should('not.have.css', 'overflow-x', 'scroll');",
                  "err": {},
                  "uuid": "afdc391f-3b3b-4793-8762-315695a598bb",
                  "parentUUID": "d3c415e4-b652-4269-9552-2a8dc40153f3",
                  "isHook": false,
                  "skipped": false
                },
                {
                  "title": "should have proper navigation layout",
                  "fullTitle": "Responsive Design Tests Mobile Large (414x896) should have proper navigation layout",
                  "timedOut": null,
                  "duration": 10349,
                  "state": "failed",
                  "speed": null,
                  "pass": false,
                  "fail": true,
                  "pending": false,
                  "context": null,
                  "code": "if (width < 768) {\n    // Mobile: should have hamburger menu\n    cy.get('[data-testid=\"hamburger-menu\"]').should('be.visible');\n    cy.get('[data-testid=\"desktop-nav\"]').should('not.be.visible');\n}\nelse {\n    // Desktop: should have desktop navigation\n    cy.get('[data-testid=\"desktop-nav\"]').should('be.visible');\n    cy.get('[data-testid=\"hamburger-menu\"]').should('not.be.visible');\n}",
                  "err": {
                    "message": "AssertionError: Timed out retrying after 10000ms: Expected to find element: `[data-testid=\"hamburger-menu\"]`, but never found it.",
                    "estack": "AssertionError: Timed out retrying after 10000ms: Expected to find element: `[data-testid=\"hamburger-menu\"]`, but never found it.\n    at Context.eval (webpack://vite-react-typescript-starter/./cypress/e2e/responsive.cy.ts:45:51)",
                    "diff": null
                  },
                  "uuid": "c81141a4-1a8f-487b-b355-2311458b0a10",
                  "parentUUID": "d3c415e4-b652-4269-9552-2a8dc40153f3",
                  "isHook": false,
                  "skipped": false
                },
                {
                  "title": "should have proper search bar layout",
                  "fullTitle": "Responsive Design Tests Mobile Large (414x896) should have proper search bar layout",
                  "timedOut": null,
                  "duration": 10729,
                  "state": "failed",
                  "speed": null,
                  "pass": false,
                  "fail": true,
                  "pending": false,
                  "context": null,
                  "code": "if (width < 768) {\n    // Mobile: search should be hidden or in different location\n    cy.get('[data-testid=\"search-bar\"]').should('not.be.visible');\n    cy.get('[data-testid=\"search-icon\"]').should('be.visible');\n}\nelse {\n    // Desktop: search bar should be visible\n    cy.get('[data-testid=\"search-bar\"]').should('be.visible');\n}",
                  "err": {
                    "message": "AssertionError: Timed out retrying after 10000ms: Expected to find element: `[data-testid=\"search-bar\"]`, but never found it.",
                    "estack": "AssertionError: Timed out retrying after 10000ms: Expected to find element: `[data-testid=\"search-bar\"]`, but never found it.\n    at Context.eval (webpack://vite-react-typescript-starter/./cypress/e2e/responsive.cy.ts:57:47)",
                    "diff": null
                  },
                  "uuid": "2c6eaeb1-65fe-49d9-bc25-fd49b279c7eb",
                  "parentUUID": "d3c415e4-b652-4269-9552-2a8dc40153f3",
                  "isHook": false,
                  "skipped": false
                },
                {
                  "title": "should have proper button sizes (minimum 44px)",
                  "fullTitle": "Responsive Design Tests Mobile Large (414x896) should have proper button sizes (minimum 44px)",
                  "timedOut": null,
                  "duration": 386,
                  "state": "passed",
                  "speed": "fast",
                  "pass": true,
                  "fail": false,
                  "pending": false,
                  "context": null,
                  "code": "cy.get('button').each(function ($button) {\n    cy.wrap($button).should(function ($el) {\n        var rect = $el[0].getBoundingClientRect();\n        expect(rect.height).to.be.at.least(44);\n        expect(rect.width).to.be.at.least(44);\n    });\n});",
                  "err": {},
                  "uuid": "52727b22-2cec-453c-8ac0-49a1d1e74b96",
                  "parentUUID": "d3c415e4-b652-4269-9552-2a8dc40153f3",
                  "isHook": false,
                  "skipped": false
                },
                {
                  "title": "should have proper text sizes",
                  "fullTitle": "Responsive Design Tests Mobile Large (414x896) should have proper text sizes",
                  "timedOut": null,
                  "duration": 316,
                  "state": "passed",
                  "speed": "fast",
                  "pass": true,
                  "fail": false,
                  "pending": false,
                  "context": null,
                  "code": "cy.get('h1').should('have.css', 'font-size').and('match', /(1[6-9]|[2-9][0-9])px/);\ncy.get('p').should('have.css', 'font-size').and('match', /(1[4-9]|[2-9][0-9])px/);",
                  "err": {},
                  "uuid": "74527d08-040c-415f-a712-7cea1aa5f72a",
                  "parentUUID": "d3c415e4-b652-4269-9552-2a8dc40153f3",
                  "isHook": false,
                  "skipped": false
                },
                {
                  "title": "should have proper spacing",
                  "fullTitle": "Responsive Design Tests Mobile Large (414x896) should have proper spacing",
                  "timedOut": null,
                  "duration": 10385,
                  "state": "failed",
                  "speed": null,
                  "pass": false,
                  "fail": true,
                  "pending": false,
                  "context": null,
                  "code": "cy.get('[data-testid=\"main-content\"]').should('have.css', 'padding');\ncy.get('[data-testid=\"main-content\"]').should('have.css', 'margin');",
                  "err": {
                    "message": "AssertionError: Timed out retrying after 10000ms: Expected to find element: `[data-testid=\"main-content\"]`, but never found it.",
                    "estack": "AssertionError: Timed out retrying after 10000ms: Expected to find element: `[data-testid=\"main-content\"]`, but never found it.\n    at Context.eval (webpack://vite-react-typescript-starter/./cypress/e2e/responsive.cy.ts:81:47)",
                    "diff": null
                  },
                  "uuid": "b2acdbd8-26e6-406f-9a16-cedc6240be4d",
                  "parentUUID": "d3c415e4-b652-4269-9552-2a8dc40153f3",
                  "isHook": false,
                  "skipped": false
                }
              ],
              "suites": [],
              "passes": [
                "afdc391f-3b3b-4793-8762-315695a598bb",
                "52727b22-2cec-453c-8ac0-49a1d1e74b96",
                "74527d08-040c-415f-a712-7cea1aa5f72a"
              ],
              "failures": [
                "c81141a4-1a8f-487b-b355-2311458b0a10",
                "2c6eaeb1-65fe-49d9-bc25-fd49b279c7eb",
                "b2acdbd8-26e6-406f-9a16-cedc6240be4d"
              ],
              "pending": [],
              "skipped": [],
              "duration": 32836,
              "root": false,
              "rootEmpty": false,
              "_timeout": 2000
            },
            {
              "uuid": "13ed72f0-653e-4cef-8921-3d6d42bd0fd4",
              "title": "Tablet (768x1024)",
              "fullFile": "",
              "file": "",
              "beforeHooks": [],
              "afterHooks": [],
              "tests": [
                {
                  "title": "should display the page without horizontal scroll",
                  "fullTitle": "Responsive Design Tests Tablet (768x1024) should display the page without horizontal scroll",
                  "timedOut": null,
                  "duration": 609,
                  "state": "passed",
                  "speed": "fast",
                  "pass": true,
                  "fail": false,
                  "pending": false,
                  "context": null,
                  "code": "cy.get('body').should('not.have.css', 'overflow-x', 'scroll');\ncy.get('html').should('not.have.css', 'overflow-x', 'scroll');",
                  "err": {},
                  "uuid": "aa1270ac-bd46-4a20-918e-302187ce2e3e",
                  "parentUUID": "13ed72f0-653e-4cef-8921-3d6d42bd0fd4",
                  "isHook": false,
                  "skipped": false
                },
                {
                  "title": "should have proper navigation layout",
                  "fullTitle": "Responsive Design Tests Tablet (768x1024) should have proper navigation layout",
                  "timedOut": null,
                  "duration": 10379,
                  "state": "failed",
                  "speed": null,
                  "pass": false,
                  "fail": true,
                  "pending": false,
                  "context": null,
                  "code": "if (width < 768) {\n    // Mobile: should have hamburger menu\n    cy.get('[data-testid=\"hamburger-menu\"]').should('be.visible');\n    cy.get('[data-testid=\"desktop-nav\"]').should('not.be.visible');\n}\nelse {\n    // Desktop: should have desktop navigation\n    cy.get('[data-testid=\"desktop-nav\"]').should('be.visible');\n    cy.get('[data-testid=\"hamburger-menu\"]').should('not.be.visible');\n}",
                  "err": {
                    "message": "AssertionError: Timed out retrying after 10000ms: Expected to find element: `[data-testid=\"desktop-nav\"]`, but never found it.",
                    "estack": "AssertionError: Timed out retrying after 10000ms: Expected to find element: `[data-testid=\"desktop-nav\"]`, but never found it.\n    at Context.eval (webpack://vite-react-typescript-starter/./cypress/e2e/responsive.cy.ts:49:48)",
                    "diff": null
                  },
                  "uuid": "4a71d76e-6acf-4bb6-ab0e-4b7d2d41e8e3",
                  "parentUUID": "13ed72f0-653e-4cef-8921-3d6d42bd0fd4",
                  "isHook": false,
                  "skipped": false
                },
                {
                  "title": "should have proper search bar layout",
                  "fullTitle": "Responsive Design Tests Tablet (768x1024) should have proper search bar layout",
                  "timedOut": null,
                  "duration": 10711,
                  "state": "failed",
                  "speed": null,
                  "pass": false,
                  "fail": true,
                  "pending": false,
                  "context": null,
                  "code": "if (width < 768) {\n    // Mobile: search should be hidden or in different location\n    cy.get('[data-testid=\"search-bar\"]').should('not.be.visible');\n    cy.get('[data-testid=\"search-icon\"]').should('be.visible');\n}\nelse {\n    // Desktop: search bar should be visible\n    cy.get('[data-testid=\"search-bar\"]').should('be.visible');\n}",
                  "err": {
                    "message": "AssertionError: Timed out retrying after 10000ms: Expected to find element: `[data-testid=\"search-bar\"]`, but never found it.",
                    "estack": "AssertionError: Timed out retrying after 10000ms: Expected to find element: `[data-testid=\"search-bar\"]`, but never found it.\n    at Context.eval (webpack://vite-react-typescript-starter/./cypress/e2e/responsive.cy.ts:61:47)",
                    "diff": null
                  },
                  "uuid": "3c879acb-5796-434f-af7b-e6daac90d983",
                  "parentUUID": "13ed72f0-653e-4cef-8921-3d6d42bd0fd4",
                  "isHook": false,
                  "skipped": false
                },
                {
                  "title": "should have proper button sizes (minimum 44px)",
                  "fullTitle": "Responsive Design Tests Tablet (768x1024) should have proper button sizes (minimum 44px)",
                  "timedOut": null,
                  "duration": 424,
                  "state": "passed",
                  "speed": "fast",
                  "pass": true,
                  "fail": false,
                  "pending": false,
                  "context": null,
                  "code": "cy.get('button').each(function ($button) {\n    cy.wrap($button).should(function ($el) {\n        var rect = $el[0].getBoundingClientRect();\n        expect(rect.height).to.be.at.least(44);\n        expect(rect.width).to.be.at.least(44);\n    });\n});",
                  "err": {},
                  "uuid": "d134721e-d2d7-41aa-8ac4-52f02357bb4a",
                  "parentUUID": "13ed72f0-653e-4cef-8921-3d6d42bd0fd4",
                  "isHook": false,
                  "skipped": false
                },
                {
                  "title": "should have proper text sizes",
                  "fullTitle": "Responsive Design Tests Tablet (768x1024) should have proper text sizes",
                  "timedOut": null,
                  "duration": 325,
                  "state": "passed",
                  "speed": "fast",
                  "pass": true,
                  "fail": false,
                  "pending": false,
                  "context": null,
                  "code": "cy.get('h1').should('have.css', 'font-size').and('match', /(1[6-9]|[2-9][0-9])px/);\ncy.get('p').should('have.css', 'font-size').and('match', /(1[4-9]|[2-9][0-9])px/);",
                  "err": {},
                  "uuid": "b289a9ae-4ca0-4804-a3eb-55f5d2ec02f5",
                  "parentUUID": "13ed72f0-653e-4cef-8921-3d6d42bd0fd4",
                  "isHook": false,
                  "skipped": false
                },
                {
                  "title": "should have proper spacing",
                  "fullTitle": "Responsive Design Tests Tablet (768x1024) should have proper spacing",
                  "timedOut": null,
                  "duration": 10395,
                  "state": "failed",
                  "speed": null,
                  "pass": false,
                  "fail": true,
                  "pending": false,
                  "context": null,
                  "code": "cy.get('[data-testid=\"main-content\"]').should('have.css', 'padding');\ncy.get('[data-testid=\"main-content\"]').should('have.css', 'margin');",
                  "err": {
                    "message": "AssertionError: Timed out retrying after 10000ms: Expected to find element: `[data-testid=\"main-content\"]`, but never found it.",
                    "estack": "AssertionError: Timed out retrying after 10000ms: Expected to find element: `[data-testid=\"main-content\"]`, but never found it.\n    at Context.eval (webpack://vite-react-typescript-starter/./cypress/e2e/responsive.cy.ts:81:47)",
                    "diff": null
                  },
                  "uuid": "55896cd9-4526-4e50-80ed-25697b5c9b3e",
                  "parentUUID": "13ed72f0-653e-4cef-8921-3d6d42bd0fd4",
                  "isHook": false,
                  "skipped": false
                }
              ],
              "suites": [],
              "passes": [
                "aa1270ac-bd46-4a20-918e-302187ce2e3e",
                "d134721e-d2d7-41aa-8ac4-52f02357bb4a",
                "b289a9ae-4ca0-4804-a3eb-55f5d2ec02f5"
              ],
              "failures": [
                "4a71d76e-6acf-4bb6-ab0e-4b7d2d41e8e3",
                "3c879acb-5796-434f-af7b-e6daac90d983",
                "55896cd9-4526-4e50-80ed-25697b5c9b3e"
              ],
              "pending": [],
              "skipped": [],
              "duration": 32843,
              "root": false,
              "rootEmpty": false,
              "_timeout": 2000
            },
            {
              "uuid": "e3d631d8-5ed8-40f7-8ade-2aa2fd0e69bb",
              "title": "Desktop Small (1024x768)",
              "fullFile": "",
              "file": "",
              "beforeHooks": [],
              "afterHooks": [],
              "tests": [
                {
                  "title": "should display the page without horizontal scroll",
                  "fullTitle": "Responsive Design Tests Desktop Small (1024x768) should display the page without horizontal scroll",
                  "timedOut": null,
                  "duration": 603,
                  "state": "passed",
                  "speed": "fast",
                  "pass": true,
                  "fail": false,
                  "pending": false,
                  "context": null,
                  "code": "cy.get('body').should('not.have.css', 'overflow-x', 'scroll');\ncy.get('html').should('not.have.css', 'overflow-x', 'scroll');",
                  "err": {},
                  "uuid": "72884096-542c-495c-bd82-a69073007c1f",
                  "parentUUID": "e3d631d8-5ed8-40f7-8ade-2aa2fd0e69bb",
                  "isHook": false,
                  "skipped": false
                },
                {
                  "title": "should have proper navigation layout",
                  "fullTitle": "Responsive Design Tests Desktop Small (1024x768) should have proper navigation layout",
                  "timedOut": null,
                  "duration": 10294,
                  "state": "failed",
                  "speed": null,
                  "pass": false,
                  "fail": true,
                  "pending": false,
                  "context": null,
                  "code": "if (width < 768) {\n    // Mobile: should have hamburger menu\n    cy.get('[data-testid=\"hamburger-menu\"]').should('be.visible');\n    cy.get('[data-testid=\"desktop-nav\"]').should('not.be.visible');\n}\nelse {\n    // Desktop: should have desktop navigation\n    cy.get('[data-testid=\"desktop-nav\"]').should('be.visible');\n    cy.get('[data-testid=\"hamburger-menu\"]').should('not.be.visible');\n}",
                  "err": {
                    "message": "AssertionError: Timed out retrying after 10000ms: Expected to find element: `[data-testid=\"desktop-nav\"]`, but never found it.",
                    "estack": "AssertionError: Timed out retrying after 10000ms: Expected to find element: `[data-testid=\"desktop-nav\"]`, but never found it.\n    at Context.eval (webpack://vite-react-typescript-starter/./cypress/e2e/responsive.cy.ts:49:48)",
                    "diff": null
                  },
                  "uuid": "fe3e8c2b-c5d3-436f-a975-194f5a3a1df8",
                  "parentUUID": "e3d631d8-5ed8-40f7-8ade-2aa2fd0e69bb",
                  "isHook": false,
                  "skipped": false
                },
                {
                  "title": "should have proper search bar layout",
                  "fullTitle": "Responsive Design Tests Desktop Small (1024x768) should have proper search bar layout",
                  "timedOut": null,
                  "duration": 10763,
                  "state": "failed",
                  "speed": null,
                  "pass": false,
                  "fail": true,
                  "pending": false,
                  "context": null,
                  "code": "if (width < 768) {\n    // Mobile: search should be hidden or in different location\n    cy.get('[data-testid=\"search-bar\"]').should('not.be.visible');\n    cy.get('[data-testid=\"search-icon\"]').should('be.visible');\n}\nelse {\n    // Desktop: search bar should be visible\n    cy.get('[data-testid=\"search-bar\"]').should('be.visible');\n}",
                  "err": {
                    "message": "AssertionError: Timed out retrying after 10000ms: Expected to find element: `[data-testid=\"search-bar\"]`, but never found it.",
                    "estack": "AssertionError: Timed out retrying after 10000ms: Expected to find element: `[data-testid=\"search-bar\"]`, but never found it.\n    at Context.eval (webpack://vite-react-typescript-starter/./cypress/e2e/responsive.cy.ts:61:47)",
                    "diff": null
                  },
                  "uuid": "43b6e793-42b0-4c40-8842-e5c93ffd8d0a",
                  "parentUUID": "e3d631d8-5ed8-40f7-8ade-2aa2fd0e69bb",
                  "isHook": false,
                  "skipped": false
                },
                {
                  "title": "should have proper button sizes (minimum 44px)",
                  "fullTitle": "Responsive Design Tests Desktop Small (1024x768) should have proper button sizes (minimum 44px)",
                  "timedOut": null,
                  "duration": 376,
                  "state": "passed",
                  "speed": "fast",
                  "pass": true,
                  "fail": false,
                  "pending": false,
                  "context": null,
                  "code": "cy.get('button').each(function ($button) {\n    cy.wrap($button).should(function ($el) {\n        var rect = $el[0].getBoundingClientRect();\n        expect(rect.height).to.be.at.least(44);\n        expect(rect.width).to.be.at.least(44);\n    });\n});",
                  "err": {},
                  "uuid": "b56b05dd-01fa-4747-8090-afd01cd2b1c0",
                  "parentUUID": "e3d631d8-5ed8-40f7-8ade-2aa2fd0e69bb",
                  "isHook": false,
                  "skipped": false
                },
                {
                  "title": "should have proper text sizes",
                  "fullTitle": "Responsive Design Tests Desktop Small (1024x768) should have proper text sizes",
                  "timedOut": null,
                  "duration": 299,
                  "state": "passed",
                  "speed": "fast",
                  "pass": true,
                  "fail": false,
                  "pending": false,
                  "context": null,
                  "code": "cy.get('h1').should('have.css', 'font-size').and('match', /(1[6-9]|[2-9][0-9])px/);\ncy.get('p').should('have.css', 'font-size').and('match', /(1[4-9]|[2-9][0-9])px/);",
                  "err": {},
                  "uuid": "26b195c9-829f-4158-a6bc-1bb5ee548678",
                  "parentUUID": "e3d631d8-5ed8-40f7-8ade-2aa2fd0e69bb",
                  "isHook": false,
                  "skipped": false
                },
                {
                  "title": "should have proper spacing",
                  "fullTitle": "Responsive Design Tests Desktop Small (1024x768) should have proper spacing",
                  "timedOut": null,
                  "duration": 10310,
                  "state": "failed",
                  "speed": null,
                  "pass": false,
                  "fail": true,
                  "pending": false,
                  "context": null,
                  "code": "cy.get('[data-testid=\"main-content\"]').should('have.css', 'padding');\ncy.get('[data-testid=\"main-content\"]').should('have.css', 'margin');",
                  "err": {
                    "message": "AssertionError: Timed out retrying after 10000ms: Expected to find element: `[data-testid=\"main-content\"]`, but never found it.",
                    "estack": "AssertionError: Timed out retrying after 10000ms: Expected to find element: `[data-testid=\"main-content\"]`, but never found it.\n    at Context.eval (webpack://vite-react-typescript-starter/./cypress/e2e/responsive.cy.ts:81:47)",
                    "diff": null
                  },
                  "uuid": "d11ec88e-5b18-421d-a5ab-a3eb52dcbf16",
                  "parentUUID": "e3d631d8-5ed8-40f7-8ade-2aa2fd0e69bb",
                  "isHook": false,
                  "skipped": false
                }
              ],
              "suites": [],
              "passes": [
                "72884096-542c-495c-bd82-a69073007c1f",
                "b56b05dd-01fa-4747-8090-afd01cd2b1c0",
                "26b195c9-829f-4158-a6bc-1bb5ee548678"
              ],
              "failures": [
                "fe3e8c2b-c5d3-436f-a975-194f5a3a1df8",
                "43b6e793-42b0-4c40-8842-e5c93ffd8d0a",
                "d11ec88e-5b18-421d-a5ab-a3eb52dcbf16"
              ],
              "pending": [],
              "skipped": [],
              "duration": 32645,
              "root": false,
              "rootEmpty": false,
              "_timeout": 2000
            },
            {
              "uuid": "171212cf-b00a-4b01-b058-31a9d608f496",
              "title": "Desktop Large (1440x900)",
              "fullFile": "",
              "file": "",
              "beforeHooks": [],
              "afterHooks": [],
              "tests": [
                {
                  "title": "should display the page without horizontal scroll",
                  "fullTitle": "Responsive Design Tests Desktop Large (1440x900) should display the page without horizontal scroll",
                  "timedOut": null,
                  "duration": 651,
                  "state": "passed",
                  "speed": "fast",
                  "pass": true,
                  "fail": false,
                  "pending": false,
                  "context": null,
                  "code": "cy.get('body').should('not.have.css', 'overflow-x', 'scroll');\ncy.get('html').should('not.have.css', 'overflow-x', 'scroll');",
                  "err": {},
                  "uuid": "1bb574e7-cc71-41c3-a460-1aa89cc04861",
                  "parentUUID": "171212cf-b00a-4b01-b058-31a9d608f496",
                  "isHook": false,
                  "skipped": false
                },
                {
                  "title": "should have proper navigation layout",
                  "fullTitle": "Responsive Design Tests Desktop Large (1440x900) should have proper navigation layout",
                  "timedOut": null,
                  "duration": 10364,
                  "state": "failed",
                  "speed": null,
                  "pass": false,
                  "fail": true,
                  "pending": false,
                  "context": null,
                  "code": "if (width < 768) {\n    // Mobile: should have hamburger menu\n    cy.get('[data-testid=\"hamburger-menu\"]').should('be.visible');\n    cy.get('[data-testid=\"desktop-nav\"]').should('not.be.visible');\n}\nelse {\n    // Desktop: should have desktop navigation\n    cy.get('[data-testid=\"desktop-nav\"]').should('be.visible');\n    cy.get('[data-testid=\"hamburger-menu\"]').should('not.be.visible');\n}",
                  "err": {
                    "message": "AssertionError: Timed out retrying after 10000ms: Expected to find element: `[data-testid=\"desktop-nav\"]`, but never found it.",
                    "estack": "AssertionError: Timed out retrying after 10000ms: Expected to find element: `[data-testid=\"desktop-nav\"]`, but never found it.\n    at Context.eval (webpack://vite-react-typescript-starter/./cypress/e2e/responsive.cy.ts:49:48)",
                    "diff": null
                  },
                  "uuid": "a95081c8-f57d-4afc-80bd-736fec39b89f",
                  "parentUUID": "171212cf-b00a-4b01-b058-31a9d608f496",
                  "isHook": false,
                  "skipped": false
                },
                {
                  "title": "should have proper search bar layout",
                  "fullTitle": "Responsive Design Tests Desktop Large (1440x900) should have proper search bar layout",
                  "timedOut": null,
                  "duration": 10747,
                  "state": "failed",
                  "speed": null,
                  "pass": false,
                  "fail": true,
                  "pending": false,
                  "context": null,
                  "code": "if (width < 768) {\n    // Mobile: search should be hidden or in different location\n    cy.get('[data-testid=\"search-bar\"]').should('not.be.visible');\n    cy.get('[data-testid=\"search-icon\"]').should('be.visible');\n}\nelse {\n    // Desktop: search bar should be visible\n    cy.get('[data-testid=\"search-bar\"]').should('be.visible');\n}",
                  "err": {
                    "message": "AssertionError: Timed out retrying after 10000ms: Expected to find element: `[data-testid=\"search-bar\"]`, but never found it.",
                    "estack": "AssertionError: Timed out retrying after 10000ms: Expected to find element: `[data-testid=\"search-bar\"]`, but never found it.\n    at Context.eval (webpack://vite-react-typescript-starter/./cypress/e2e/responsive.cy.ts:61:47)",
                    "diff": null
                  },
                  "uuid": "c78f9efd-f886-4f7d-8088-6c1630f9b04d",
                  "parentUUID": "171212cf-b00a-4b01-b058-31a9d608f496",
                  "isHook": false,
                  "skipped": false
                },
                {
                  "title": "should have proper button sizes (minimum 44px)",
                  "fullTitle": "Responsive Design Tests Desktop Large (1440x900) should have proper button sizes (minimum 44px)",
                  "timedOut": null,
                  "duration": 378,
                  "state": "passed",
                  "speed": "fast",
                  "pass": true,
                  "fail": false,
                  "pending": false,
                  "context": null,
                  "code": "cy.get('button').each(function ($button) {\n    cy.wrap($button).should(function ($el) {\n        var rect = $el[0].getBoundingClientRect();\n        expect(rect.height).to.be.at.least(44);\n        expect(rect.width).to.be.at.least(44);\n    });\n});",
                  "err": {},
                  "uuid": "a9500bc8-91c5-4586-b9f9-ffd387561bf5",
                  "parentUUID": "171212cf-b00a-4b01-b058-31a9d608f496",
                  "isHook": false,
                  "skipped": false
                },
                {
                  "title": "should have proper text sizes",
                  "fullTitle": "Responsive Design Tests Desktop Large (1440x900) should have proper text sizes",
                  "timedOut": null,
                  "duration": 317,
                  "state": "passed",
                  "speed": "fast",
                  "pass": true,
                  "fail": false,
                  "pending": false,
                  "context": null,
                  "code": "cy.get('h1').should('have.css', 'font-size').and('match', /(1[6-9]|[2-9][0-9])px/);\ncy.get('p').should('have.css', 'font-size').and('match', /(1[4-9]|[2-9][0-9])px/);",
                  "err": {},
                  "uuid": "c42d637e-5c16-4de0-b058-2d26d7087bf6",
                  "parentUUID": "171212cf-b00a-4b01-b058-31a9d608f496",
                  "isHook": false,
                  "skipped": false
                },
                {
                  "title": "should have proper spacing",
                  "fullTitle": "Responsive Design Tests Desktop Large (1440x900) should have proper spacing",
                  "timedOut": null,
                  "duration": 10403,
                  "state": "failed",
                  "speed": null,
                  "pass": false,
                  "fail": true,
                  "pending": false,
                  "context": null,
                  "code": "cy.get('[data-testid=\"main-content\"]').should('have.css', 'padding');\ncy.get('[data-testid=\"main-content\"]').should('have.css', 'margin');",
                  "err": {
                    "message": "AssertionError: Timed out retrying after 10000ms: Expected to find element: `[data-testid=\"main-content\"]`, but never found it.",
                    "estack": "AssertionError: Timed out retrying after 10000ms: Expected to find element: `[data-testid=\"main-content\"]`, but never found it.\n    at Context.eval (webpack://vite-react-typescript-starter/./cypress/e2e/responsive.cy.ts:81:47)",
                    "diff": null
                  },
                  "uuid": "8d71ddbd-215e-4142-ab21-6928d21ff310",
                  "parentUUID": "171212cf-b00a-4b01-b058-31a9d608f496",
                  "isHook": false,
                  "skipped": false
                }
              ],
              "suites": [],
              "passes": [
                "1bb574e7-cc71-41c3-a460-1aa89cc04861",
                "a9500bc8-91c5-4586-b9f9-ffd387561bf5",
                "c42d637e-5c16-4de0-b058-2d26d7087bf6"
              ],
              "failures": [
                "a95081c8-f57d-4afc-80bd-736fec39b89f",
                "c78f9efd-f886-4f7d-8088-6c1630f9b04d",
                "8d71ddbd-215e-4142-ab21-6928d21ff310"
              ],
              "pending": [],
              "skipped": [],
              "duration": 32860,
              "root": false,
              "rootEmpty": false,
              "_timeout": 2000
            },
            {
              "uuid": "1b91bafd-2b57-493a-9ec6-92bca29e55a0",
              "title": "Mobile Navigation Tests",
              "fullFile": "",
              "file": "",
              "beforeHooks": [],
              "afterHooks": [],
              "tests": [
                {
                  "title": "should open mobile drawer when hamburger menu is clicked",
                  "fullTitle": "Responsive Design Tests Mobile Navigation Tests should open mobile drawer when hamburger menu is clicked",
                  "timedOut": null,
                  "duration": 10689,
                  "state": "failed",
                  "speed": null,
                  "pass": false,
                  "fail": true,
                  "pending": false,
                  "context": null,
                  "code": "cy.get('[data-testid=\"hamburger-menu\"]').click();\ncy.get('[data-testid=\"mobile-drawer\"]').should('be.visible');\ncy.get('[data-testid=\"mobile-drawer\"]').should('have.class', 'translate-x-0');",
                  "err": {
                    "message": "AssertionError: Timed out retrying after 10000ms: Expected to find element: `[data-testid=\"hamburger-menu\"]`, but never found it.",
                    "estack": "AssertionError: Timed out retrying after 10000ms: Expected to find element: `[data-testid=\"hamburger-menu\"]`, but never found it.\n    at Context.eval (webpack://vite-react-typescript-starter/./cypress/e2e/responsive.cy.ts:94:9)",
                    "diff": null
                  },
                  "uuid": "8763623d-179a-4587-8175-1330e026dd45",
                  "parentUUID": "1b91bafd-2b57-493a-9ec6-92bca29e55a0",
                  "isHook": false,
                  "skipped": false
                },
                {
                  "title": "should close mobile drawer when backdrop is clicked",
                  "fullTitle": "Responsive Design Tests Mobile Navigation Tests should close mobile drawer when backdrop is clicked",
                  "timedOut": null,
                  "duration": 10428,
                  "state": "failed",
                  "speed": null,
                  "pass": false,
                  "fail": true,
                  "pending": false,
                  "context": null,
                  "code": "cy.get('[data-testid=\"hamburger-menu\"]').click();\ncy.get('[data-testid=\"mobile-drawer\"]').should('be.visible');\ncy.get('[data-testid=\"drawer-backdrop\"]').click({ force: true });\ncy.get('[data-testid=\"mobile-drawer\"]').should('not.be.visible');",
                  "err": {
                    "message": "AssertionError: Timed out retrying after 10000ms: Expected to find element: `[data-testid=\"hamburger-menu\"]`, but never found it.",
                    "estack": "AssertionError: Timed out retrying after 10000ms: Expected to find element: `[data-testid=\"hamburger-menu\"]`, but never found it.\n    at Context.eval (webpack://vite-react-typescript-starter/./cypress/e2e/responsive.cy.ts:100:9)",
                    "diff": null
                  },
                  "uuid": "3f2a721f-7520-473b-9fea-73d0d0db26da",
                  "parentUUID": "1b91bafd-2b57-493a-9ec6-92bca29e55a0",
                  "isHook": false,
                  "skipped": false
                },
                {
                  "title": "should close mobile drawer when escape key is pressed",
                  "fullTitle": "Responsive Design Tests Mobile Navigation Tests should close mobile drawer when escape key is pressed",
                  "timedOut": null,
                  "duration": 10409,
                  "state": "failed",
                  "speed": null,
                  "pass": false,
                  "fail": true,
                  "pending": false,
                  "context": null,
                  "code": "cy.get('[data-testid=\"hamburger-menu\"]').click();\ncy.get('[data-testid=\"mobile-drawer\"]').should('be.visible');\ncy.get('body').type('{esc}');\ncy.get('[data-testid=\"mobile-drawer\"]').should('not.be.visible');",
                  "err": {
                    "message": "AssertionError: Timed out retrying after 10000ms: Expected to find element: `[data-testid=\"hamburger-menu\"]`, but never found it.",
                    "estack": "AssertionError: Timed out retrying after 10000ms: Expected to find element: `[data-testid=\"hamburger-menu\"]`, but never found it.\n    at Context.eval (webpack://vite-react-typescript-starter/./cypress/e2e/responsive.cy.ts:107:9)",
                    "diff": null
                  },
                  "uuid": "c7d8fa04-975c-45df-8ce0-87fc0864f753",
                  "parentUUID": "1b91bafd-2b57-493a-9ec6-92bca29e55a0",
                  "isHook": false,
                  "skipped": false
                },
                {
                  "title": "should navigate to correct page when menu item is clicked",
                  "fullTitle": "Responsive Design Tests Mobile Navigation Tests should navigate to correct page when menu item is clicked",
                  "timedOut": null,
                  "duration": 10402,
                  "state": "failed",
                  "speed": null,
                  "pass": false,
                  "fail": true,
                  "pending": false,
                  "context": null,
                  "code": "cy.get('[data-testid=\"hamburger-menu\"]').click();\ncy.get('[data-testid=\"mobile-drawer\"]').should('be.visible');\ncy.get('[data-testid=\"nav-schedule\"]').click();\ncy.url().should('include', '/schedule');\ncy.get('[data-testid=\"mobile-drawer\"]').should('not.be.visible');",
                  "err": {
                    "message": "AssertionError: Timed out retrying after 10000ms: Expected to find element: `[data-testid=\"hamburger-menu\"]`, but never found it.",
                    "estack": "AssertionError: Timed out retrying after 10000ms: Expected to find element: `[data-testid=\"hamburger-menu\"]`, but never found it.\n    at Context.eval (webpack://vite-react-typescript-starter/./cypress/e2e/responsive.cy.ts:114:9)",
                    "diff": null
                  },
                  "uuid": "c37b0d98-960c-4784-a2d8-7d08353711b9",
                  "parentUUID": "1b91bafd-2b57-493a-9ec6-92bca29e55a0",
                  "isHook": false,
                  "skipped": false
                }
              ],
              "suites": [],
              "passes": [],
              "failures": [
                "8763623d-179a-4587-8175-1330e026dd45",
                "3f2a721f-7520-473b-9fea-73d0d0db26da",
                "c7d8fa04-975c-45df-8ce0-87fc0864f753",
                "c37b0d98-960c-4784-a2d8-7d08353711b9"
              ],
              "pending": [],
              "skipped": [],
              "duration": 41928,
              "root": false,
              "rootEmpty": false,
              "_timeout": 2000
            },
            {
              "uuid": "9d41304c-6997-46d2-83bd-c1a7eeb173ad",
              "title": "Table Responsive Tests",
              "fullFile": "",
              "file": "",
              "beforeHooks": [],
              "afterHooks": [],
              "tests": [
                {
                  "title": "should display table as cards on mobile",
                  "fullTitle": "Responsive Design Tests Table Responsive Tests should display table as cards on mobile",
                  "timedOut": null,
                  "duration": 10390,
                  "state": "failed",
                  "speed": null,
                  "pass": false,
                  "fail": true,
                  "pending": false,
                  "context": null,
                  "code": "cy.viewport(375, 667);\ncy.get('[data-testid=\"responsive-table\"]').should('have.class', 'block');\ncy.get('[data-testid=\"table-cards\"]').should('be.visible');",
                  "err": {
                    "message": "AssertionError: Timed out retrying after 10000ms: Expected to find element: `[data-testid=\"responsive-table\"]`, but never found it.",
                    "estack": "AssertionError: Timed out retrying after 10000ms: Expected to find element: `[data-testid=\"responsive-table\"]`, but never found it.\n    at Context.eval (webpack://vite-react-typescript-starter/./cypress/e2e/responsive.cy.ts:129:49)",
                    "diff": null
                  },
                  "uuid": "7346463b-fa1f-435a-93ed-6a933a2b90f6",
                  "parentUUID": "9d41304c-6997-46d2-83bd-c1a7eeb173ad",
                  "isHook": false,
                  "skipped": false
                },
                {
                  "title": "should display table normally on desktop",
                  "fullTitle": "Responsive Design Tests Table Responsive Tests should display table normally on desktop",
                  "timedOut": null,
                  "duration": 10439,
                  "state": "failed",
                  "speed": null,
                  "pass": false,
                  "fail": true,
                  "pending": false,
                  "context": null,
                  "code": "cy.viewport(1024, 768);\ncy.get('[data-testid=\"responsive-table\"]').should('not.have.class', 'block');\ncy.get('[data-testid=\"table-cards\"]').should('not.be.visible');\ncy.get('table').should('be.visible');",
                  "err": {
                    "message": "AssertionError: Timed out retrying after 10000ms: Expected to find element: `[data-testid=\"responsive-table\"]`, but never found it.",
                    "estack": "AssertionError: Timed out retrying after 10000ms: Expected to find element: `[data-testid=\"responsive-table\"]`, but never found it.\n    at Context.eval (webpack://vite-react-typescript-starter/./cypress/e2e/responsive.cy.ts:135:49)",
                    "diff": null
                  },
                  "uuid": "99bd9a97-66f2-44c7-b511-61ffb8d08edf",
                  "parentUUID": "9d41304c-6997-46d2-83bd-c1a7eeb173ad",
                  "isHook": false,
                  "skipped": false
                },
                {
                  "title": "should be horizontally scrollable on tablet",
                  "fullTitle": "Responsive Design Tests Table Responsive Tests should be horizontally scrollable on tablet",
                  "timedOut": null,
                  "duration": 10397,
                  "state": "failed",
                  "speed": null,
                  "pass": false,
                  "fail": true,
                  "pending": false,
                  "context": null,
                  "code": "cy.viewport(768, 1024);\ncy.get('[data-testid=\"table-container\"]').should('have.css', 'overflow-x', 'auto');",
                  "err": {
                    "message": "AssertionError: Timed out retrying after 10000ms: Expected to find element: `[data-testid=\"table-container\"]`, but never found it.",
                    "estack": "AssertionError: Timed out retrying after 10000ms: Expected to find element: `[data-testid=\"table-container\"]`, but never found it.\n    at Context.eval (webpack://vite-react-typescript-starter/./cypress/e2e/responsive.cy.ts:142:48)",
                    "diff": null
                  },
                  "uuid": "bd2dfcef-465c-409b-ba9d-7c4aefd1d9e1",
                  "parentUUID": "9d41304c-6997-46d2-83bd-c1a7eeb173ad",
                  "isHook": false,
                  "skipped": false
                }
              ],
              "suites": [],
              "passes": [],
              "failures": [
                "7346463b-fa1f-435a-93ed-6a933a2b90f6",
                "99bd9a97-66f2-44c7-b511-61ffb8d08edf",
                "bd2dfcef-465c-409b-ba9d-7c4aefd1d9e1"
              ],
              "pending": [],
              "skipped": [],
              "duration": 31226,
              "root": false,
              "rootEmpty": false,
              "_timeout": 2000
            },
            {
              "uuid": "8281a313-abdf-436e-b8d6-0bb9fe43cf75",
              "title": "Modal Responsive Tests",
              "fullFile": "",
              "file": "",
              "beforeHooks": [],
              "afterHooks": [],
              "tests": [
                {
                  "title": "should display modal full-screen on mobile",
                  "fullTitle": "Responsive Design Tests Modal Responsive Tests should display modal full-screen on mobile",
                  "timedOut": null,
                  "duration": 10421,
                  "state": "failed",
                  "speed": null,
                  "pass": false,
                  "fail": true,
                  "pending": false,
                  "context": null,
                  "code": "cy.viewport(375, 667);\ncy.get('[data-testid=\"sync-button\"]').click();\ncy.get('[data-testid=\"modal\"]').should('have.class', 'w-full');\ncy.get('[data-testid=\"modal\"]').should('have.class', 'h-full');\ncy.get('[data-testid=\"modal\"]').should('have.class', 'rounded-none');",
                  "err": {
                    "message": "AssertionError: Timed out retrying after 10000ms: Expected to find element: `[data-testid=\"sync-button\"]`, but never found it.",
                    "estack": "AssertionError: Timed out retrying after 10000ms: Expected to find element: `[data-testid=\"sync-button\"]`, but never found it.\n    at Context.eval (webpack://vite-react-typescript-starter/./cypress/e2e/responsive.cy.ts:153:9)",
                    "diff": null
                  },
                  "uuid": "02e8be37-e225-4f25-9514-1c7c565a2e22",
                  "parentUUID": "8281a313-abdf-436e-b8d6-0bb9fe43cf75",
                  "isHook": false,
                  "skipped": false
                },
                {
                  "title": "should display modal normally on desktop",
                  "fullTitle": "Responsive Design Tests Modal Responsive Tests should display modal normally on desktop",
                  "timedOut": null,
                  "duration": 10427,
                  "state": "failed",
                  "speed": null,
                  "pass": false,
                  "fail": true,
                  "pending": false,
                  "context": null,
                  "code": "cy.viewport(1024, 768);\ncy.get('[data-testid=\"sync-button\"]').click();\ncy.get('[data-testid=\"modal\"]').should('not.have.class', 'w-full');\ncy.get('[data-testid=\"modal\"]').should('not.have.class', 'h-full');\ncy.get('[data-testid=\"modal\"]').should('not.have.class', 'rounded-none');",
                  "err": {
                    "message": "AssertionError: Timed out retrying after 10000ms: Expected to find element: `[data-testid=\"sync-button\"]`, but never found it.",
                    "estack": "AssertionError: Timed out retrying after 10000ms: Expected to find element: `[data-testid=\"sync-button\"]`, but never found it.\n    at Context.eval (webpack://vite-react-typescript-starter/./cypress/e2e/responsive.cy.ts:161:9)",
                    "diff": null
                  },
                  "uuid": "a55316c6-21fd-44d1-8c48-47eac7acfee0",
                  "parentUUID": "8281a313-abdf-436e-b8d6-0bb9fe43cf75",
                  "isHook": false,
                  "skipped": false
                }
              ],
              "suites": [],
              "passes": [],
              "failures": [
                "02e8be37-e225-4f25-9514-1c7c565a2e22",
                "a55316c6-21fd-44d1-8c48-47eac7acfee0"
              ],
              "pending": [],
              "skipped": [],
              "duration": 20848,
              "root": false,
              "rootEmpty": false,
              "_timeout": 2000
            },
            {
              "uuid": "08e45f43-d2b2-49db-8807-d5cb79f762ae",
              "title": "Form Responsive Tests",
              "fullFile": "",
              "file": "",
              "beforeHooks": [],
              "afterHooks": [],
              "tests": [
                {
                  "title": "should have proper form layout on mobile",
                  "fullTitle": "Responsive Design Tests Form Responsive Tests should have proper form layout on mobile",
                  "timedOut": null,
                  "duration": 10499,
                  "state": "failed",
                  "speed": null,
                  "pass": false,
                  "fail": true,
                  "pending": false,
                  "context": null,
                  "code": "cy.viewport(375, 667);\ncy.get('form').should('have.css', 'padding');\ncy.get('input').each(function ($input) {\n    cy.wrap($input).should(function ($el) {\n        var rect = $el[0].getBoundingClientRect();\n        expect(rect.height).to.be.at.least(44);\n    });\n});",
                  "err": {
                    "message": "AssertionError: Timed out retrying after 10000ms: expected 40 to be at least 44",
                    "estack": "AssertionError: Timed out retrying after 10000ms: expected 40 to be at least 44\n    at Context.eval (webpack://vite-react-typescript-starter/./cypress/e2e/responsive.cy.ts:179:39)\n    at <unknown> (http://localhost:5173/__cypress/runner/cypress_runner.js:121877:17)\n    at tryCatcher (http://localhost:5173/__cypress/runner/cypress_runner.js:1777:23)\n    at Promise.attempt.Promise.try (http://localhost:5173/__cypress/runner/cypress_runner.js:4285:29)\n    at Context.shouldFnWithCallback (http://localhost:5173/__cypress/runner/cypress_runner.js:121874:66)\n    at Context.shouldFn (http://localhost:5173/__cypress/runner/cypress_runner.js:121917:37)",
                    "diff": "- 40\n+ 44\n"
                  },
                  "uuid": "7d4a136c-12cc-45bf-bc7a-5d0be4555141",
                  "parentUUID": "08e45f43-d2b2-49db-8807-d5cb79f762ae",
                  "isHook": false,
                  "skipped": false
                },
                {
                  "title": "should have proper form layout on desktop",
                  "fullTitle": "Responsive Design Tests Form Responsive Tests should have proper form layout on desktop",
                  "timedOut": null,
                  "duration": 10468,
                  "state": "failed",
                  "speed": null,
                  "pass": false,
                  "fail": true,
                  "pending": false,
                  "context": null,
                  "code": "cy.viewport(1024, 768);\ncy.get('form').should('have.css', 'max-width');\ncy.get('form').should('have.css', 'margin', '0px auto');",
                  "err": {
                    "message": "AssertionError: Timed out retrying after 10000ms: expected '<form#login-form.space-y-6>' to have CSS property 'margin' with the value '0px auto', but the value was '0px'",
                    "estack": "AssertionError: Timed out retrying after 10000ms: expected '<form#login-form.space-y-6>' to have CSS property 'margin' with the value '0px auto', but the value was '0px'\n    at Context.eval (webpack://vite-react-typescript-starter/./cypress/e2e/responsive.cy.ts:187:21)",
                    "diff": "- '0px'\n+ '0px auto'\n"
                  },
                  "uuid": "f282d9a1-9c1e-482e-89d7-ab41cb8c1c2b",
                  "parentUUID": "08e45f43-d2b2-49db-8807-d5cb79f762ae",
                  "isHook": false,
                  "skipped": false
                }
              ],
              "suites": [],
              "passes": [],
              "failures": [
                "7d4a136c-12cc-45bf-bc7a-5d0be4555141",
                "f282d9a1-9c1e-482e-89d7-ab41cb8c1c2b"
              ],
              "pending": [],
              "skipped": [],
              "duration": 20967,
              "root": false,
              "rootEmpty": false,
              "_timeout": 2000
            },
            {
              "uuid": "9759accd-b258-4522-92d9-65af3437b418",
              "title": "Touch Interaction Tests",
              "fullFile": "",
              "file": "",
              "beforeHooks": [],
              "afterHooks": [],
              "tests": [
                {
                  "title": "should handle touch events properly",
                  "fullTitle": "Responsive Design Tests Touch Interaction Tests should handle touch events properly",
                  "timedOut": null,
                  "duration": 10405,
                  "state": "failed",
                  "speed": null,
                  "pass": false,
                  "fail": true,
                  "pending": false,
                  "context": null,
                  "code": "cy.get('[data-testid=\"hamburger-menu\"]').trigger('touchstart');\ncy.get('[data-testid=\"hamburger-menu\"]').trigger('touchend');\ncy.get('[data-testid=\"mobile-drawer\"]').should('be.visible');",
                  "err": {
                    "message": "AssertionError: Timed out retrying after 10000ms: Expected to find element: `[data-testid=\"hamburger-menu\"]`, but never found it.",
                    "estack": "AssertionError: Timed out retrying after 10000ms: Expected to find element: `[data-testid=\"hamburger-menu\"]`, but never found it.\n    at Context.eval (webpack://vite-react-typescript-starter/./cypress/e2e/responsive.cy.ts:198:9)",
                    "diff": null
                  },
                  "uuid": "916bf093-6e6f-40c2-ab3b-3aad3b168161",
                  "parentUUID": "9759accd-b258-4522-92d9-65af3437b418",
                  "isHook": false,
                  "skipped": false
                },
                {
                  "title": "should have proper touch targets",
                  "fullTitle": "Responsive Design Tests Touch Interaction Tests should have proper touch targets",
                  "timedOut": null,
                  "duration": 10431,
                  "state": "failed",
                  "speed": null,
                  "pass": false,
                  "fail": true,
                  "pending": false,
                  "context": null,
                  "code": "cy.get('button, a, input, select, textarea').each(function ($element) {\n    cy.wrap($element).should(function ($el) {\n        var rect = $el[0].getBoundingClientRect();\n        expect(rect.height).to.be.at.least(44);\n        expect(rect.width).to.be.at.least(44);\n    });\n});",
                  "err": {
                    "message": "AssertionError: Timed out retrying after 10000ms: expected 1 to be at least 44",
                    "estack": "AssertionError: Timed out retrying after 10000ms: expected 1 to be at least 44\n    at Context.eval (webpack://vite-react-typescript-starter/./cypress/e2e/responsive.cy.ts:207:39)\n    at <unknown> (http://localhost:5173/__cypress/runner/cypress_runner.js:121877:17)\n    at tryCatcher (http://localhost:5173/__cypress/runner/cypress_runner.js:1777:23)\n    at Promise.attempt.Promise.try (http://localhost:5173/__cypress/runner/cypress_runner.js:4285:29)\n    at Context.shouldFnWithCallback (http://localhost:5173/__cypress/runner/cypress_runner.js:121874:66)\n    at Context.shouldFn (http://localhost:5173/__cypress/runner/cypress_runner.js:121917:37)",
                    "diff": "- 1\n+ 44\n"
                  },
                  "uuid": "bf911792-40df-4a08-8f47-428004df7700",
                  "parentUUID": "9759accd-b258-4522-92d9-65af3437b418",
                  "isHook": false,
                  "skipped": false
                }
              ],
              "suites": [],
              "passes": [],
              "failures": [
                "916bf093-6e6f-40c2-ab3b-3aad3b168161",
                "bf911792-40df-4a08-8f47-428004df7700"
              ],
              "pending": [],
              "skipped": [],
              "duration": 20836,
              "root": false,
              "rootEmpty": false,
              "_timeout": 2000
            },
            {
              "uuid": "0fd2a905-19a1-43e1-ad0e-e2910e8ce801",
              "title": "Orientation Tests",
              "fullFile": "",
              "file": "",
              "beforeHooks": [],
              "afterHooks": [],
              "tests": [
                {
                  "title": "should adapt to landscape orientation",
                  "fullTitle": "Responsive Design Tests Orientation Tests should adapt to landscape orientation",
                  "timedOut": null,
                  "duration": 328,
                  "state": "passed",
                  "speed": "fast",
                  "pass": true,
                  "fail": false,
                  "pending": false,
                  "context": null,
                  "code": "cy.viewport(667, 375); // Landscape mobile\ncy.visit('/student-dashboard');\ncy.get('body').should('not.have.css', 'overflow-x', 'scroll');",
                  "err": {},
                  "uuid": "d2c2491f-1639-43e7-b5b3-aa49fc783d00",
                  "parentUUID": "0fd2a905-19a1-43e1-ad0e-e2910e8ce801",
                  "isHook": false,
                  "skipped": false
                },
                {
                  "title": "should adapt to portrait orientation",
                  "fullTitle": "Responsive Design Tests Orientation Tests should adapt to portrait orientation",
                  "timedOut": null,
                  "duration": 223,
                  "state": "passed",
                  "speed": "fast",
                  "pass": true,
                  "fail": false,
                  "pending": false,
                  "context": null,
                  "code": "cy.viewport(375, 667); // Portrait mobile\ncy.visit('/student-dashboard');\ncy.get('body').should('not.have.css', 'overflow-x', 'scroll');",
                  "err": {},
                  "uuid": "da175ef4-7943-42fc-8def-2179c99e180b",
                  "parentUUID": "0fd2a905-19a1-43e1-ad0e-e2910e8ce801",
                  "isHook": false,
                  "skipped": false
                }
              ],
              "suites": [],
              "passes": [
                "d2c2491f-1639-43e7-b5b3-aa49fc783d00",
                "da175ef4-7943-42fc-8def-2179c99e180b"
              ],
              "failures": [],
              "pending": [],
              "skipped": [],
              "duration": 551,
              "root": false,
              "rootEmpty": false,
              "_timeout": 2000
            },
            {
              "uuid": "c28c5dad-1c51-45c0-8944-ccc2b8afb84b",
              "title": "Performance Tests",
              "fullFile": "",
              "file": "",
              "beforeHooks": [],
              "afterHooks": [],
              "tests": [
                {
                  "title": "should load within acceptable time on mobile",
                  "fullTitle": "Responsive Design Tests Performance Tests should load within acceptable time on mobile",
                  "timedOut": null,
                  "duration": 10421,
                  "state": "failed",
                  "speed": null,
                  "pass": false,
                  "fail": true,
                  "pending": false,
                  "context": null,
                  "code": "cy.viewport(375, 667);\nvar startTime = Date.now();\ncy.visit('/student-dashboard');\ncy.get('[data-testid=\"main-content\"]').should('be.visible').then(function () {\n    var loadTime = Date.now() - startTime;\n    expect(loadTime).to.be.lessThan(3000); // 3 seconds\n});",
                  "err": {
                    "message": "AssertionError: Timed out retrying after 10000ms: Expected to find element: `[data-testid=\"main-content\"]`, but never found it.",
                    "estack": "AssertionError: Timed out retrying after 10000ms: Expected to find element: `[data-testid=\"main-content\"]`, but never found it.\n    at Context.eval (webpack://vite-react-typescript-starter/./cypress/e2e/responsive.cy.ts:233:45)",
                    "diff": null
                  },
                  "uuid": "450e9f5e-065e-414a-8444-5ad70c40bc6b",
                  "parentUUID": "c28c5dad-1c51-45c0-8944-ccc2b8afb84b",
                  "isHook": false,
                  "skipped": false
                },
                {
                  "title": "should have acceptable bundle size",
                  "fullTitle": "Responsive Design Tests Performance Tests should have acceptable bundle size",
                  "timedOut": null,
                  "duration": 29,
                  "state": "passed",
                  "speed": "fast",
                  "pass": true,
                  "fail": false,
                  "pending": false,
                  "context": null,
                  "code": "cy.window().then(function (win) {\n    var performance = win.performance;\n    var navigation = performance.getEntriesByType('navigation')[0];\n    expect(navigation.transferSize).to.be.lessThan(2 * 1024 * 1024); // 2MB\n});",
                  "err": {},
                  "uuid": "f28d759c-c51e-4196-ba29-cb9b365fc951",
                  "parentUUID": "c28c5dad-1c51-45c0-8944-ccc2b8afb84b",
                  "isHook": false,
                  "skipped": false
                }
              ],
              "suites": [],
              "passes": [
                "f28d759c-c51e-4196-ba29-cb9b365fc951"
              ],
              "failures": [
                "450e9f5e-065e-414a-8444-5ad70c40bc6b"
              ],
              "pending": [],
              "skipped": [],
              "duration": 10450,
              "root": false,
              "rootEmpty": false,
              "_timeout": 2000
            }
          ],
          "passes": [],
          "failures": [],
          "pending": [],
          "skipped": [],
          "duration": 0,
          "root": false,
          "rootEmpty": false,
          "_timeout": 2000
        }
      ],
      "passes": [],
      "failures": [],
      "pending": [],
      "skipped": [],
      "duration": 0,
      "root": true,
      "rootEmpty": true,
      "_timeout": 2000
    }
  ],
  "meta": {
    "mocha": {
      "version": "7.2.0"
    },
    "mochawesome": {
      "options": {
        "quiet": false,
        "reportFilename": "mochawesome",
        "saveHtml": false,
        "saveJson": true,
        "consoleReporter": "spec",
        "useInlineDiffs": false,
        "code": true
      },
      "version": "7.1.4"
    },
    "marge": {
      "options": {
        "reportDir": "cypress/results",
        "overwrite": false,
        "html": false,
        "json": true
      },
      "version": "6.3.2"
    }
  }
}