{
  "stats": {
    "suites": 14,
    "tests": 53,
    "passes": 21,
    "pending": 0,
    "failures": 32,
    "start": "2025-11-22T00:13:39.335Z",
    "end": "2025-11-22T00:22:45.960Z",
    "duration": 546625,
    "testsRegistered": 53,
    "passPercent": 39.62264150943396,
    "pendingPercent": 0,
    "other": 0,
    "hasOther": false,
    "skipped": 0,
    "hasSkipped": false
  },
  "results": [
    {
      "uuid": "a8811de5-6a76-4a6e-b83b-197f9ec9f5fc",
      "title": "",
      "fullFile": "cypress\\e2e\\responsive.cy.ts",
      "file": "cypress\\e2e\\responsive.cy.ts",
      "beforeHooks": [],
      "afterHooks": [],
      "tests": [],
      "suites": [
        {
          "uuid": "7b62a95f-68e4-4493-9292-6f4ad469e68f",
          "title": "Responsive Design Tests",
          "fullFile": "",
          "file": "",
          "beforeHooks": [],
          "afterHooks": [],
          "tests": [],
          "suites": [
            {
              "uuid": "4b6701db-334c-4d08-949e-7c871f96f6c9",
              "title": "Mobile Small (320x568)",
              "fullFile": "",
              "file": "",
              "beforeHooks": [],
              "afterHooks": [],
              "tests": [
                {
                  "title": "should display the page without horizontal scroll",
                  "fullTitle": "Responsive Design Tests Mobile Small (320x568) should display the page without horizontal scroll",
                  "timedOut": null,
                  "duration": 19347,
                  "state": "passed",
                  "speed": "slow",
                  "pass": true,
                  "fail": false,
                  "pending": false,
                  "context": null,
                  "code": "cy.get('body').should('not.have.css', 'overflow-x', 'scroll');\ncy.get('html').should('not.have.css', 'overflow-x', 'scroll');",
                  "err": {},
                  "uuid": "cf9b6d1f-f80e-46f8-807b-c2537e0c9637",
                  "parentUUID": "4b6701db-334c-4d08-949e-7c871f96f6c9",
                  "isHook": false,
                  "skipped": false
                },
                {
                  "title": "should have proper navigation layout",
                  "fullTitle": "Responsive Design Tests Mobile Small (320x568) should have proper navigation layout",
                  "timedOut": null,
                  "duration": 14145,
                  "state": "failed",
                  "speed": null,
                  "pass": false,
                  "fail": true,
                  "pending": false,
                  "context": null,
                  "code": "if (width < 768) {\n    // Mobile: should have hamburger menu\n    cy.get('[data-testid=\"hamburger-menu\"]').should('be.visible');\n    cy.get('[data-testid=\"desktop-nav\"]').should('not.be.visible');\n}\nelse {\n    // Desktop: should have desktop navigation\n    cy.get('[data-testid=\"desktop-nav\"]').should('be.visible');\n    cy.get('[data-testid=\"hamburger-menu\"]').should('not.be.visible');\n}",
                  "err": {
                    "message": "AssertionError: Timed out retrying after 12000ms: Expected to find element: `[data-testid=\"hamburger-menu\"]`, but never found it.",
                    "estack": "AssertionError: Timed out retrying after 12000ms: Expected to find element: `[data-testid=\"hamburger-menu\"]`, but never found it.\n    at Context.eval (webpack://vite-react-typescript-starter/./cypress/e2e/responsive.cy.ts:45:51)",
                    "diff": null
                  },
                  "uuid": "2bf8797f-b517-4034-a148-870dc806e197",
                  "parentUUID": "4b6701db-334c-4d08-949e-7c871f96f6c9",
                  "isHook": false,
                  "skipped": false
                },
                {
                  "title": "should have proper search bar layout",
                  "fullTitle": "Responsive Design Tests Mobile Small (320x568) should have proper search bar layout",
                  "timedOut": null,
                  "duration": 13575,
                  "state": "failed",
                  "speed": null,
                  "pass": false,
                  "fail": true,
                  "pending": false,
                  "context": null,
                  "code": "if (width < 768) {\n    // Mobile: search should be hidden or in different location\n    cy.get('[data-testid=\"search-bar\"]').should('not.be.visible');\n    cy.get('[data-testid=\"search-icon\"]').should('be.visible');\n}\nelse {\n    // Desktop: search bar should be visible\n    cy.get('[data-testid=\"search-bar\"]').should('be.visible');\n}",
                  "err": {
                    "message": "AssertionError: Timed out retrying after 12000ms: Expected to find element: `[data-testid=\"search-bar\"]`, but never found it.",
                    "estack": "AssertionError: Timed out retrying after 12000ms: Expected to find element: `[data-testid=\"search-bar\"]`, but never found it.\n    at Context.eval (webpack://vite-react-typescript-starter/./cypress/e2e/responsive.cy.ts:57:47)",
                    "diff": null
                  },
                  "uuid": "5dcc5fda-5bcb-4c5f-87f1-321b9715f92d",
                  "parentUUID": "4b6701db-334c-4d08-949e-7c871f96f6c9",
                  "isHook": false,
                  "skipped": false
                },
                {
                  "title": "should have proper button sizes (minimum 44px)",
                  "fullTitle": "Responsive Design Tests Mobile Small (320x568) should have proper button sizes (minimum 44px)",
                  "timedOut": null,
                  "duration": 1946,
                  "state": "passed",
                  "speed": "fast",
                  "pass": true,
                  "fail": false,
                  "pending": false,
                  "context": null,
                  "code": "cy.get('button').each(function ($button) {\n    cy.wrap($button).should(function ($el) {\n        var rect = $el[0].getBoundingClientRect();\n        expect(rect.height).to.be.at.least(44);\n        expect(rect.width).to.be.at.least(44);\n    });\n});",
                  "err": {},
                  "uuid": "e8f20c26-5b4f-40c8-bec5-d4d0b27ea8b2",
                  "parentUUID": "4b6701db-334c-4d08-949e-7c871f96f6c9",
                  "isHook": false,
                  "skipped": false
                },
                {
                  "title": "should have proper text sizes",
                  "fullTitle": "Responsive Design Tests Mobile Small (320x568) should have proper text sizes",
                  "timedOut": null,
                  "duration": 1818,
                  "state": "passed",
                  "speed": "fast",
                  "pass": true,
                  "fail": false,
                  "pending": false,
                  "context": null,
                  "code": "cy.get('h1').should('have.css', 'font-size').and('match', /(1[6-9]|[2-9][0-9])px/);\ncy.get('p').should('have.css', 'font-size').and('match', /(1[4-9]|[2-9][0-9])px/);",
                  "err": {},
                  "uuid": "b7629ec2-1aae-4b4a-a4ed-3ab8df13312c",
                  "parentUUID": "4b6701db-334c-4d08-949e-7c871f96f6c9",
                  "isHook": false,
                  "skipped": false
                },
                {
                  "title": "should have proper spacing",
                  "fullTitle": "Responsive Design Tests Mobile Small (320x568) should have proper spacing",
                  "timedOut": null,
                  "duration": 13449,
                  "state": "failed",
                  "speed": null,
                  "pass": false,
                  "fail": true,
                  "pending": false,
                  "context": null,
                  "code": "cy.get('[data-testid=\"main-content\"]').should('have.css', 'padding');\ncy.get('[data-testid=\"main-content\"]').should('have.css', 'margin');",
                  "err": {
                    "message": "AssertionError: Timed out retrying after 12000ms: Expected to find element: `[data-testid=\"main-content\"]`, but never found it.",
                    "estack": "AssertionError: Timed out retrying after 12000ms: Expected to find element: `[data-testid=\"main-content\"]`, but never found it.\n    at Context.eval (webpack://vite-react-typescript-starter/./cypress/e2e/responsive.cy.ts:81:47)",
                    "diff": null
                  },
                  "uuid": "de61210f-9742-48eb-adf5-d4172a81f2e8",
                  "parentUUID": "4b6701db-334c-4d08-949e-7c871f96f6c9",
                  "isHook": false,
                  "skipped": false
                }
              ],
              "suites": [],
              "passes": [
                "cf9b6d1f-f80e-46f8-807b-c2537e0c9637",
                "e8f20c26-5b4f-40c8-bec5-d4d0b27ea8b2",
                "b7629ec2-1aae-4b4a-a4ed-3ab8df13312c"
              ],
              "failures": [
                "2bf8797f-b517-4034-a148-870dc806e197",
                "5dcc5fda-5bcb-4c5f-87f1-321b9715f92d",
                "de61210f-9742-48eb-adf5-d4172a81f2e8"
              ],
              "pending": [],
              "skipped": [],
              "duration": 64280,
              "root": false,
              "rootEmpty": false,
              "_timeout": 2000
            },
            {
              "uuid": "d1c97508-214e-4a64-b866-554cb87cea00",
              "title": "Mobile Medium (375x667)",
              "fullFile": "",
              "file": "",
              "beforeHooks": [],
              "afterHooks": [],
              "tests": [
                {
                  "title": "should display the page without horizontal scroll",
                  "fullTitle": "Responsive Design Tests Mobile Medium (375x667) should display the page without horizontal scroll",
                  "timedOut": null,
                  "duration": 2199,
                  "state": "passed",
                  "speed": "fast",
                  "pass": true,
                  "fail": false,
                  "pending": false,
                  "context": null,
                  "code": "cy.get('body').should('not.have.css', 'overflow-x', 'scroll');\ncy.get('html').should('not.have.css', 'overflow-x', 'scroll');",
                  "err": {},
                  "uuid": "7e80280c-31fd-439f-8b70-dc4c53658a88",
                  "parentUUID": "d1c97508-214e-4a64-b866-554cb87cea00",
                  "isHook": false,
                  "skipped": false
                },
                {
                  "title": "should have proper navigation layout",
                  "fullTitle": "Responsive Design Tests Mobile Medium (375x667) should have proper navigation layout",
                  "timedOut": null,
                  "duration": 13498,
                  "state": "failed",
                  "speed": null,
                  "pass": false,
                  "fail": true,
                  "pending": false,
                  "context": null,
                  "code": "if (width < 768) {\n    // Mobile: should have hamburger menu\n    cy.get('[data-testid=\"hamburger-menu\"]').should('be.visible');\n    cy.get('[data-testid=\"desktop-nav\"]').should('not.be.visible');\n}\nelse {\n    // Desktop: should have desktop navigation\n    cy.get('[data-testid=\"desktop-nav\"]').should('be.visible');\n    cy.get('[data-testid=\"hamburger-menu\"]').should('not.be.visible');\n}",
                  "err": {
                    "message": "AssertionError: Timed out retrying after 12000ms: Expected to find element: `[data-testid=\"hamburger-menu\"]`, but never found it.",
                    "estack": "AssertionError: Timed out retrying after 12000ms: Expected to find element: `[data-testid=\"hamburger-menu\"]`, but never found it.\n    at Context.eval (webpack://vite-react-typescript-starter/./cypress/e2e/responsive.cy.ts:45:51)",
                    "diff": null
                  },
                  "uuid": "b88d02be-d0ef-421b-a853-b505f6e1e363",
                  "parentUUID": "d1c97508-214e-4a64-b866-554cb87cea00",
                  "isHook": false,
                  "skipped": false
                },
                {
                  "title": "should have proper search bar layout",
                  "fullTitle": "Responsive Design Tests Mobile Medium (375x667) should have proper search bar layout",
                  "timedOut": null,
                  "duration": 14571,
                  "state": "failed",
                  "speed": null,
                  "pass": false,
                  "fail": true,
                  "pending": false,
                  "context": null,
                  "code": "if (width < 768) {\n    // Mobile: search should be hidden or in different location\n    cy.get('[data-testid=\"search-bar\"]').should('not.be.visible');\n    cy.get('[data-testid=\"search-icon\"]').should('be.visible');\n}\nelse {\n    // Desktop: search bar should be visible\n    cy.get('[data-testid=\"search-bar\"]').should('be.visible');\n}",
                  "err": {
                    "message": "AssertionError: Timed out retrying after 12000ms: Expected to find element: `[data-testid=\"search-bar\"]`, but never found it.",
                    "estack": "AssertionError: Timed out retrying after 12000ms: Expected to find element: `[data-testid=\"search-bar\"]`, but never found it.\n    at Context.eval (webpack://vite-react-typescript-starter/./cypress/e2e/responsive.cy.ts:57:47)",
                    "diff": null
                  },
                  "uuid": "00e35c0d-b44a-4300-a507-314af1c7e2fe",
                  "parentUUID": "d1c97508-214e-4a64-b866-554cb87cea00",
                  "isHook": false,
                  "skipped": false
                },
                {
                  "title": "should have proper button sizes (minimum 44px)",
                  "fullTitle": "Responsive Design Tests Mobile Medium (375x667) should have proper button sizes (minimum 44px)",
                  "timedOut": null,
                  "duration": 2913,
                  "state": "passed",
                  "speed": "fast",
                  "pass": true,
                  "fail": false,
                  "pending": false,
                  "context": null,
                  "code": "cy.get('button').each(function ($button) {\n    cy.wrap($button).should(function ($el) {\n        var rect = $el[0].getBoundingClientRect();\n        expect(rect.height).to.be.at.least(44);\n        expect(rect.width).to.be.at.least(44);\n    });\n});",
                  "err": {},
                  "uuid": "860899b9-8c98-47e5-8316-753ed0d8893b",
                  "parentUUID": "d1c97508-214e-4a64-b866-554cb87cea00",
                  "isHook": false,
                  "skipped": false
                },
                {
                  "title": "should have proper text sizes",
                  "fullTitle": "Responsive Design Tests Mobile Medium (375x667) should have proper text sizes",
                  "timedOut": null,
                  "duration": 2540,
                  "state": "passed",
                  "speed": "fast",
                  "pass": true,
                  "fail": false,
                  "pending": false,
                  "context": null,
                  "code": "cy.get('h1').should('have.css', 'font-size').and('match', /(1[6-9]|[2-9][0-9])px/);\ncy.get('p').should('have.css', 'font-size').and('match', /(1[4-9]|[2-9][0-9])px/);",
                  "err": {},
                  "uuid": "318cf2e8-03dc-49a6-bf7e-8a325800caea",
                  "parentUUID": "d1c97508-214e-4a64-b866-554cb87cea00",
                  "isHook": false,
                  "skipped": false
                },
                {
                  "title": "should have proper spacing",
                  "fullTitle": "Responsive Design Tests Mobile Medium (375x667) should have proper spacing",
                  "timedOut": null,
                  "duration": 14021,
                  "state": "failed",
                  "speed": null,
                  "pass": false,
                  "fail": true,
                  "pending": false,
                  "context": null,
                  "code": "cy.get('[data-testid=\"main-content\"]').should('have.css', 'padding');\ncy.get('[data-testid=\"main-content\"]').should('have.css', 'margin');",
                  "err": {
                    "message": "AssertionError: Timed out retrying after 12000ms: Expected to find element: `[data-testid=\"main-content\"]`, but never found it.",
                    "estack": "AssertionError: Timed out retrying after 12000ms: Expected to find element: `[data-testid=\"main-content\"]`, but never found it.\n    at Context.eval (webpack://vite-react-typescript-starter/./cypress/e2e/responsive.cy.ts:81:47)",
                    "diff": null
                  },
                  "uuid": "5b624ca2-07f4-4f2b-85e0-81f3b839dccc",
                  "parentUUID": "d1c97508-214e-4a64-b866-554cb87cea00",
                  "isHook": false,
                  "skipped": false
                }
              ],
              "suites": [],
              "passes": [
                "7e80280c-31fd-439f-8b70-dc4c53658a88",
                "860899b9-8c98-47e5-8316-753ed0d8893b",
                "318cf2e8-03dc-49a6-bf7e-8a325800caea"
              ],
              "failures": [
                "b88d02be-d0ef-421b-a853-b505f6e1e363",
                "00e35c0d-b44a-4300-a507-314af1c7e2fe",
                "5b624ca2-07f4-4f2b-85e0-81f3b839dccc"
              ],
              "pending": [],
              "skipped": [],
              "duration": 49742,
              "root": false,
              "rootEmpty": false,
              "_timeout": 2000
            },
            {
              "uuid": "812d304c-3d58-40ca-9b1c-b44e92f8da1f",
              "title": "Mobile Large (414x896)",
              "fullFile": "",
              "file": "",
              "beforeHooks": [],
              "afterHooks": [],
              "tests": [
                {
                  "title": "should display the page without horizontal scroll",
                  "fullTitle": "Responsive Design Tests Mobile Large (414x896) should display the page without horizontal scroll",
                  "timedOut": null,
                  "duration": 2507,
                  "state": "passed",
                  "speed": "fast",
                  "pass": true,
                  "fail": false,
                  "pending": false,
                  "context": null,
                  "code": "cy.get('body').should('not.have.css', 'overflow-x', 'scroll');\ncy.get('html').should('not.have.css', 'overflow-x', 'scroll');",
                  "err": {},
                  "uuid": "6ed117e1-9b3f-489f-bbaf-0f1ef0aba6a3",
                  "parentUUID": "812d304c-3d58-40ca-9b1c-b44e92f8da1f",
                  "isHook": false,
                  "skipped": false
                },
                {
                  "title": "should have proper navigation layout",
                  "fullTitle": "Responsive Design Tests Mobile Large (414x896) should have proper navigation layout",
                  "timedOut": null,
                  "duration": 14546,
                  "state": "failed",
                  "speed": null,
                  "pass": false,
                  "fail": true,
                  "pending": false,
                  "context": null,
                  "code": "if (width < 768) {\n    // Mobile: should have hamburger menu\n    cy.get('[data-testid=\"hamburger-menu\"]').should('be.visible');\n    cy.get('[data-testid=\"desktop-nav\"]').should('not.be.visible');\n}\nelse {\n    // Desktop: should have desktop navigation\n    cy.get('[data-testid=\"desktop-nav\"]').should('be.visible');\n    cy.get('[data-testid=\"hamburger-menu\"]').should('not.be.visible');\n}",
                  "err": {
                    "message": "AssertionError: Timed out retrying after 12000ms: Expected to find element: `[data-testid=\"hamburger-menu\"]`, but never found it.",
                    "estack": "AssertionError: Timed out retrying after 12000ms: Expected to find element: `[data-testid=\"hamburger-menu\"]`, but never found it.\n    at Context.eval (webpack://vite-react-typescript-starter/./cypress/e2e/responsive.cy.ts:45:51)",
                    "diff": null
                  },
                  "uuid": "3ea36e2e-75df-4e27-9e4b-e395b9c3a121",
                  "parentUUID": "812d304c-3d58-40ca-9b1c-b44e92f8da1f",
                  "isHook": false,
                  "skipped": false
                },
                {
                  "title": "should have proper search bar layout",
                  "fullTitle": "Responsive Design Tests Mobile Large (414x896) should have proper search bar layout",
                  "timedOut": null,
                  "duration": 15156,
                  "state": "failed",
                  "speed": null,
                  "pass": false,
                  "fail": true,
                  "pending": false,
                  "context": null,
                  "code": "if (width < 768) {\n    // Mobile: search should be hidden or in different location\n    cy.get('[data-testid=\"search-bar\"]').should('not.be.visible');\n    cy.get('[data-testid=\"search-icon\"]').should('be.visible');\n}\nelse {\n    // Desktop: search bar should be visible\n    cy.get('[data-testid=\"search-bar\"]').should('be.visible');\n}",
                  "err": {
                    "message": "AssertionError: Timed out retrying after 12000ms: Expected to find element: `[data-testid=\"search-bar\"]`, but never found it.",
                    "estack": "AssertionError: Timed out retrying after 12000ms: Expected to find element: `[data-testid=\"search-bar\"]`, but never found it.\n    at Context.eval (webpack://vite-react-typescript-starter/./cypress/e2e/responsive.cy.ts:57:47)",
                    "diff": null
                  },
                  "uuid": "22ef9021-6669-4a0d-9875-a990f0e7fa58",
                  "parentUUID": "812d304c-3d58-40ca-9b1c-b44e92f8da1f",
                  "isHook": false,
                  "skipped": false
                },
                {
                  "title": "should have proper button sizes (minimum 44px)",
                  "fullTitle": "Responsive Design Tests Mobile Large (414x896) should have proper button sizes (minimum 44px)",
                  "timedOut": null,
                  "duration": 3060,
                  "state": "passed",
                  "speed": "fast",
                  "pass": true,
                  "fail": false,
                  "pending": false,
                  "context": null,
                  "code": "cy.get('button').each(function ($button) {\n    cy.wrap($button).should(function ($el) {\n        var rect = $el[0].getBoundingClientRect();\n        expect(rect.height).to.be.at.least(44);\n        expect(rect.width).to.be.at.least(44);\n    });\n});",
                  "err": {},
                  "uuid": "f3b2005d-0061-430d-aba8-ea719ac8462e",
                  "parentUUID": "812d304c-3d58-40ca-9b1c-b44e92f8da1f",
                  "isHook": false,
                  "skipped": false
                },
                {
                  "title": "should have proper text sizes",
                  "fullTitle": "Responsive Design Tests Mobile Large (414x896) should have proper text sizes",
                  "timedOut": null,
                  "duration": 2464,
                  "state": "passed",
                  "speed": "fast",
                  "pass": true,
                  "fail": false,
                  "pending": false,
                  "context": null,
                  "code": "cy.get('h1').should('have.css', 'font-size').and('match', /(1[6-9]|[2-9][0-9])px/);\ncy.get('p').should('have.css', 'font-size').and('match', /(1[4-9]|[2-9][0-9])px/);",
                  "err": {},
                  "uuid": "d4dcdd10-71cb-4785-8023-06d8a29edce7",
                  "parentUUID": "812d304c-3d58-40ca-9b1c-b44e92f8da1f",
                  "isHook": false,
                  "skipped": false
                },
                {
                  "title": "should have proper spacing",
                  "fullTitle": "Responsive Design Tests Mobile Large (414x896) should have proper spacing",
                  "timedOut": null,
                  "duration": 14790,
                  "state": "failed",
                  "speed": null,
                  "pass": false,
                  "fail": true,
                  "pending": false,
                  "context": null,
                  "code": "cy.get('[data-testid=\"main-content\"]').should('have.css', 'padding');\ncy.get('[data-testid=\"main-content\"]').should('have.css', 'margin');",
                  "err": {
                    "message": "AssertionError: Timed out retrying after 12000ms: Expected to find element: `[data-testid=\"main-content\"]`, but never found it.",
                    "estack": "AssertionError: Timed out retrying after 12000ms: Expected to find element: `[data-testid=\"main-content\"]`, but never found it.\n    at Context.eval (webpack://vite-react-typescript-starter/./cypress/e2e/responsive.cy.ts:81:47)",
                    "diff": null
                  },
                  "uuid": "3184514b-4361-4934-bb22-e34b6d0e5c3d",
                  "parentUUID": "812d304c-3d58-40ca-9b1c-b44e92f8da1f",
                  "isHook": false,
                  "skipped": false
                }
              ],
              "suites": [],
              "passes": [
                "6ed117e1-9b3f-489f-bbaf-0f1ef0aba6a3",
                "f3b2005d-0061-430d-aba8-ea719ac8462e",
                "d4dcdd10-71cb-4785-8023-06d8a29edce7"
              ],
              "failures": [
                "3ea36e2e-75df-4e27-9e4b-e395b9c3a121",
                "22ef9021-6669-4a0d-9875-a990f0e7fa58",
                "3184514b-4361-4934-bb22-e34b6d0e5c3d"
              ],
              "pending": [],
              "skipped": [],
              "duration": 52523,
              "root": false,
              "rootEmpty": false,
              "_timeout": 2000
            },
            {
              "uuid": "bcf7879c-6441-41bb-b304-b3d8d88d0ed2",
              "title": "Tablet (768x1024)",
              "fullFile": "",
              "file": "",
              "beforeHooks": [],
              "afterHooks": [],
              "tests": [
                {
                  "title": "should display the page without horizontal scroll",
                  "fullTitle": "Responsive Design Tests Tablet (768x1024) should display the page without horizontal scroll",
                  "timedOut": null,
                  "duration": 2121,
                  "state": "passed",
                  "speed": "fast",
                  "pass": true,
                  "fail": false,
                  "pending": false,
                  "context": null,
                  "code": "cy.get('body').should('not.have.css', 'overflow-x', 'scroll');\ncy.get('html').should('not.have.css', 'overflow-x', 'scroll');",
                  "err": {},
                  "uuid": "515606a3-7a4b-4514-a802-ac28c7f74596",
                  "parentUUID": "bcf7879c-6441-41bb-b304-b3d8d88d0ed2",
                  "isHook": false,
                  "skipped": false
                },
                {
                  "title": "should have proper navigation layout",
                  "fullTitle": "Responsive Design Tests Tablet (768x1024) should have proper navigation layout",
                  "timedOut": null,
                  "duration": 14010,
                  "state": "failed",
                  "speed": null,
                  "pass": false,
                  "fail": true,
                  "pending": false,
                  "context": null,
                  "code": "if (width < 768) {\n    // Mobile: should have hamburger menu\n    cy.get('[data-testid=\"hamburger-menu\"]').should('be.visible');\n    cy.get('[data-testid=\"desktop-nav\"]').should('not.be.visible');\n}\nelse {\n    // Desktop: should have desktop navigation\n    cy.get('[data-testid=\"desktop-nav\"]').should('be.visible');\n    cy.get('[data-testid=\"hamburger-menu\"]').should('not.be.visible');\n}",
                  "err": {
                    "message": "AssertionError: Timed out retrying after 12000ms: Expected to find element: `[data-testid=\"desktop-nav\"]`, but never found it.",
                    "estack": "AssertionError: Timed out retrying after 12000ms: Expected to find element: `[data-testid=\"desktop-nav\"]`, but never found it.\n    at Context.eval (webpack://vite-react-typescript-starter/./cypress/e2e/responsive.cy.ts:49:48)",
                    "diff": null
                  },
                  "uuid": "0ba5f377-74b1-4829-9081-98f0600a89c0",
                  "parentUUID": "bcf7879c-6441-41bb-b304-b3d8d88d0ed2",
                  "isHook": false,
                  "skipped": false
                },
                {
                  "title": "should have proper search bar layout",
                  "fullTitle": "Responsive Design Tests Tablet (768x1024) should have proper search bar layout",
                  "timedOut": null,
                  "duration": 14956,
                  "state": "failed",
                  "speed": null,
                  "pass": false,
                  "fail": true,
                  "pending": false,
                  "context": null,
                  "code": "if (width < 768) {\n    // Mobile: search should be hidden or in different location\n    cy.get('[data-testid=\"search-bar\"]').should('not.be.visible');\n    cy.get('[data-testid=\"search-icon\"]').should('be.visible');\n}\nelse {\n    // Desktop: search bar should be visible\n    cy.get('[data-testid=\"search-bar\"]').should('be.visible');\n}",
                  "err": {
                    "message": "AssertionError: Timed out retrying after 12000ms: Expected to find element: `[data-testid=\"search-bar\"]`, but never found it.",
                    "estack": "AssertionError: Timed out retrying after 12000ms: Expected to find element: `[data-testid=\"search-bar\"]`, but never found it.\n    at Context.eval (webpack://vite-react-typescript-starter/./cypress/e2e/responsive.cy.ts:61:47)",
                    "diff": null
                  },
                  "uuid": "1a08bbcb-ce96-473f-8126-aad45b0e7b75",
                  "parentUUID": "bcf7879c-6441-41bb-b304-b3d8d88d0ed2",
                  "isHook": false,
                  "skipped": false
                },
                {
                  "title": "should have proper button sizes (minimum 44px)",
                  "fullTitle": "Responsive Design Tests Tablet (768x1024) should have proper button sizes (minimum 44px)",
                  "timedOut": null,
                  "duration": 3030,
                  "state": "passed",
                  "speed": "fast",
                  "pass": true,
                  "fail": false,
                  "pending": false,
                  "context": null,
                  "code": "cy.get('button').each(function ($button) {\n    cy.wrap($button).should(function ($el) {\n        var rect = $el[0].getBoundingClientRect();\n        expect(rect.height).to.be.at.least(44);\n        expect(rect.width).to.be.at.least(44);\n    });\n});",
                  "err": {},
                  "uuid": "257890d7-386e-4f08-8aeb-6c408217d963",
                  "parentUUID": "bcf7879c-6441-41bb-b304-b3d8d88d0ed2",
                  "isHook": false,
                  "skipped": false
                },
                {
                  "title": "should have proper text sizes",
                  "fullTitle": "Responsive Design Tests Tablet (768x1024) should have proper text sizes",
                  "timedOut": null,
                  "duration": 2505,
                  "state": "passed",
                  "speed": "fast",
                  "pass": true,
                  "fail": false,
                  "pending": false,
                  "context": null,
                  "code": "cy.get('h1').should('have.css', 'font-size').and('match', /(1[6-9]|[2-9][0-9])px/);\ncy.get('p').should('have.css', 'font-size').and('match', /(1[4-9]|[2-9][0-9])px/);",
                  "err": {},
                  "uuid": "e8f80f54-80bf-4d6c-a171-49133f50c7a3",
                  "parentUUID": "bcf7879c-6441-41bb-b304-b3d8d88d0ed2",
                  "isHook": false,
                  "skipped": false
                },
                {
                  "title": "should have proper spacing",
                  "fullTitle": "Responsive Design Tests Tablet (768x1024) should have proper spacing",
                  "timedOut": null,
                  "duration": 13985,
                  "state": "failed",
                  "speed": null,
                  "pass": false,
                  "fail": true,
                  "pending": false,
                  "context": null,
                  "code": "cy.get('[data-testid=\"main-content\"]').should('have.css', 'padding');\ncy.get('[data-testid=\"main-content\"]').should('have.css', 'margin');",
                  "err": {
                    "message": "AssertionError: Timed out retrying after 12000ms: Expected to find element: `[data-testid=\"main-content\"]`, but never found it.",
                    "estack": "AssertionError: Timed out retrying after 12000ms: Expected to find element: `[data-testid=\"main-content\"]`, but never found it.\n    at Context.eval (webpack://vite-react-typescript-starter/./cypress/e2e/responsive.cy.ts:81:47)",
                    "diff": null
                  },
                  "uuid": "28248f02-1da5-48c0-954e-aff454d17641",
                  "parentUUID": "bcf7879c-6441-41bb-b304-b3d8d88d0ed2",
                  "isHook": false,
                  "skipped": false
                }
              ],
              "suites": [],
              "passes": [
                "515606a3-7a4b-4514-a802-ac28c7f74596",
                "257890d7-386e-4f08-8aeb-6c408217d963",
                "e8f80f54-80bf-4d6c-a171-49133f50c7a3"
              ],
              "failures": [
                "0ba5f377-74b1-4829-9081-98f0600a89c0",
                "1a08bbcb-ce96-473f-8126-aad45b0e7b75",
                "28248f02-1da5-48c0-954e-aff454d17641"
              ],
              "pending": [],
              "skipped": [],
              "duration": 50607,
              "root": false,
              "rootEmpty": false,
              "_timeout": 2000
            },
            {
              "uuid": "1d609f79-0e78-414d-b8f1-8226dfd18205",
              "title": "Desktop Small (1024x768)",
              "fullFile": "",
              "file": "",
              "beforeHooks": [],
              "afterHooks": [],
              "tests": [
                {
                  "title": "should display the page without horizontal scroll",
                  "fullTitle": "Responsive Design Tests Desktop Small (1024x768) should display the page without horizontal scroll",
                  "timedOut": null,
                  "duration": 2171,
                  "state": "passed",
                  "speed": "fast",
                  "pass": true,
                  "fail": false,
                  "pending": false,
                  "context": null,
                  "code": "cy.get('body').should('not.have.css', 'overflow-x', 'scroll');\ncy.get('html').should('not.have.css', 'overflow-x', 'scroll');",
                  "err": {},
                  "uuid": "ccdd0270-a487-4f96-9a88-1de32f02b406",
                  "parentUUID": "1d609f79-0e78-414d-b8f1-8226dfd18205",
                  "isHook": false,
                  "skipped": false
                },
                {
                  "title": "should have proper navigation layout",
                  "fullTitle": "Responsive Design Tests Desktop Small (1024x768) should have proper navigation layout",
                  "timedOut": null,
                  "duration": 14173,
                  "state": "failed",
                  "speed": null,
                  "pass": false,
                  "fail": true,
                  "pending": false,
                  "context": null,
                  "code": "if (width < 768) {\n    // Mobile: should have hamburger menu\n    cy.get('[data-testid=\"hamburger-menu\"]').should('be.visible');\n    cy.get('[data-testid=\"desktop-nav\"]').should('not.be.visible');\n}\nelse {\n    // Desktop: should have desktop navigation\n    cy.get('[data-testid=\"desktop-nav\"]').should('be.visible');\n    cy.get('[data-testid=\"hamburger-menu\"]').should('not.be.visible');\n}",
                  "err": {
                    "message": "AssertionError: Timed out retrying after 12000ms: Expected to find element: `[data-testid=\"desktop-nav\"]`, but never found it.",
                    "estack": "AssertionError: Timed out retrying after 12000ms: Expected to find element: `[data-testid=\"desktop-nav\"]`, but never found it.\n    at Context.eval (webpack://vite-react-typescript-starter/./cypress/e2e/responsive.cy.ts:49:48)",
                    "diff": null
                  },
                  "uuid": "b4543b54-25a5-44e4-b5b3-d91a96560e98",
                  "parentUUID": "1d609f79-0e78-414d-b8f1-8226dfd18205",
                  "isHook": false,
                  "skipped": false
                },
                {
                  "title": "should have proper search bar layout",
                  "fullTitle": "Responsive Design Tests Desktop Small (1024x768) should have proper search bar layout",
                  "timedOut": null,
                  "duration": 15246,
                  "state": "failed",
                  "speed": null,
                  "pass": false,
                  "fail": true,
                  "pending": false,
                  "context": null,
                  "code": "if (width < 768) {\n    // Mobile: search should be hidden or in different location\n    cy.get('[data-testid=\"search-bar\"]').should('not.be.visible');\n    cy.get('[data-testid=\"search-icon\"]').should('be.visible');\n}\nelse {\n    // Desktop: search bar should be visible\n    cy.get('[data-testid=\"search-bar\"]').should('be.visible');\n}",
                  "err": {
                    "message": "AssertionError: Timed out retrying after 12000ms: Expected to find element: `[data-testid=\"search-bar\"]`, but never found it.",
                    "estack": "AssertionError: Timed out retrying after 12000ms: Expected to find element: `[data-testid=\"search-bar\"]`, but never found it.\n    at Context.eval (webpack://vite-react-typescript-starter/./cypress/e2e/responsive.cy.ts:61:47)",
                    "diff": null
                  },
                  "uuid": "f9dee3e8-ec3b-415e-9fdd-cc1cf10ab04f",
                  "parentUUID": "1d609f79-0e78-414d-b8f1-8226dfd18205",
                  "isHook": false,
                  "skipped": false
                },
                {
                  "title": "should have proper button sizes (minimum 44px)",
                  "fullTitle": "Responsive Design Tests Desktop Small (1024x768) should have proper button sizes (minimum 44px)",
                  "timedOut": null,
                  "duration": 3069,
                  "state": "passed",
                  "speed": "fast",
                  "pass": true,
                  "fail": false,
                  "pending": false,
                  "context": null,
                  "code": "cy.get('button').each(function ($button) {\n    cy.wrap($button).should(function ($el) {\n        var rect = $el[0].getBoundingClientRect();\n        expect(rect.height).to.be.at.least(44);\n        expect(rect.width).to.be.at.least(44);\n    });\n});",
                  "err": {},
                  "uuid": "4cbea719-f89e-46fc-a8cb-62d724b91e8c",
                  "parentUUID": "1d609f79-0e78-414d-b8f1-8226dfd18205",
                  "isHook": false,
                  "skipped": false
                },
                {
                  "title": "should have proper text sizes",
                  "fullTitle": "Responsive Design Tests Desktop Small (1024x768) should have proper text sizes",
                  "timedOut": null,
                  "duration": 3168,
                  "state": "passed",
                  "speed": "fast",
                  "pass": true,
                  "fail": false,
                  "pending": false,
                  "context": null,
                  "code": "cy.get('h1').should('have.css', 'font-size').and('match', /(1[6-9]|[2-9][0-9])px/);\ncy.get('p').should('have.css', 'font-size').and('match', /(1[4-9]|[2-9][0-9])px/);",
                  "err": {},
                  "uuid": "8c6f05d6-c3d0-45be-8b41-16c704218e8b",
                  "parentUUID": "1d609f79-0e78-414d-b8f1-8226dfd18205",
                  "isHook": false,
                  "skipped": false
                },
                {
                  "title": "should have proper spacing",
                  "fullTitle": "Responsive Design Tests Desktop Small (1024x768) should have proper spacing",
                  "timedOut": null,
                  "duration": 14217,
                  "state": "failed",
                  "speed": null,
                  "pass": false,
                  "fail": true,
                  "pending": false,
                  "context": null,
                  "code": "cy.get('[data-testid=\"main-content\"]').should('have.css', 'padding');\ncy.get('[data-testid=\"main-content\"]').should('have.css', 'margin');",
                  "err": {
                    "message": "AssertionError: Timed out retrying after 12000ms: Expected to find element: `[data-testid=\"main-content\"]`, but never found it.",
                    "estack": "AssertionError: Timed out retrying after 12000ms: Expected to find element: `[data-testid=\"main-content\"]`, but never found it.\n    at Context.eval (webpack://vite-react-typescript-starter/./cypress/e2e/responsive.cy.ts:81:47)",
                    "diff": null
                  },
                  "uuid": "c0670058-c6ba-4387-8666-96a3ffdf73fd",
                  "parentUUID": "1d609f79-0e78-414d-b8f1-8226dfd18205",
                  "isHook": false,
                  "skipped": false
                }
              ],
              "suites": [],
              "passes": [
                "ccdd0270-a487-4f96-9a88-1de32f02b406",
                "4cbea719-f89e-46fc-a8cb-62d724b91e8c",
                "8c6f05d6-c3d0-45be-8b41-16c704218e8b"
              ],
              "failures": [
                "b4543b54-25a5-44e4-b5b3-d91a96560e98",
                "f9dee3e8-ec3b-415e-9fdd-cc1cf10ab04f",
                "c0670058-c6ba-4387-8666-96a3ffdf73fd"
              ],
              "pending": [],
              "skipped": [],
              "duration": 52044,
              "root": false,
              "rootEmpty": false,
              "_timeout": 2000
            },
            {
              "uuid": "3ebf18f5-8f56-4574-9ed7-e4e2c9144839",
              "title": "Desktop Large (1440x900)",
              "fullFile": "",
              "file": "",
              "beforeHooks": [],
              "afterHooks": [],
              "tests": [
                {
                  "title": "should display the page without horizontal scroll",
                  "fullTitle": "Responsive Design Tests Desktop Large (1440x900) should display the page without horizontal scroll",
                  "timedOut": null,
                  "duration": 2073,
                  "state": "passed",
                  "speed": "fast",
                  "pass": true,
                  "fail": false,
                  "pending": false,
                  "context": null,
                  "code": "cy.get('body').should('not.have.css', 'overflow-x', 'scroll');\ncy.get('html').should('not.have.css', 'overflow-x', 'scroll');",
                  "err": {},
                  "uuid": "abe6f352-9cbb-469a-b06c-f034df788f10",
                  "parentUUID": "3ebf18f5-8f56-4574-9ed7-e4e2c9144839",
                  "isHook": false,
                  "skipped": false
                },
                {
                  "title": "should have proper navigation layout",
                  "fullTitle": "Responsive Design Tests Desktop Large (1440x900) should have proper navigation layout",
                  "timedOut": null,
                  "duration": 14048,
                  "state": "failed",
                  "speed": null,
                  "pass": false,
                  "fail": true,
                  "pending": false,
                  "context": null,
                  "code": "if (width < 768) {\n    // Mobile: should have hamburger menu\n    cy.get('[data-testid=\"hamburger-menu\"]').should('be.visible');\n    cy.get('[data-testid=\"desktop-nav\"]').should('not.be.visible');\n}\nelse {\n    // Desktop: should have desktop navigation\n    cy.get('[data-testid=\"desktop-nav\"]').should('be.visible');\n    cy.get('[data-testid=\"hamburger-menu\"]').should('not.be.visible');\n}",
                  "err": {
                    "message": "AssertionError: Timed out retrying after 12000ms: Expected to find element: `[data-testid=\"desktop-nav\"]`, but never found it.",
                    "estack": "AssertionError: Timed out retrying after 12000ms: Expected to find element: `[data-testid=\"desktop-nav\"]`, but never found it.\n    at Context.eval (webpack://vite-react-typescript-starter/./cypress/e2e/responsive.cy.ts:49:48)",
                    "diff": null
                  },
                  "uuid": "7f1e3a54-44ac-48c7-8f6d-26e2ab6818da",
                  "parentUUID": "3ebf18f5-8f56-4574-9ed7-e4e2c9144839",
                  "isHook": false,
                  "skipped": false
                },
                {
                  "title": "should have proper search bar layout",
                  "fullTitle": "Responsive Design Tests Desktop Large (1440x900) should have proper search bar layout",
                  "timedOut": null,
                  "duration": 15155,
                  "state": "failed",
                  "speed": null,
                  "pass": false,
                  "fail": true,
                  "pending": false,
                  "context": null,
                  "code": "if (width < 768) {\n    // Mobile: search should be hidden or in different location\n    cy.get('[data-testid=\"search-bar\"]').should('not.be.visible');\n    cy.get('[data-testid=\"search-icon\"]').should('be.visible');\n}\nelse {\n    // Desktop: search bar should be visible\n    cy.get('[data-testid=\"search-bar\"]').should('be.visible');\n}",
                  "err": {
                    "message": "AssertionError: Timed out retrying after 12000ms: Expected to find element: `[data-testid=\"search-bar\"]`, but never found it.",
                    "estack": "AssertionError: Timed out retrying after 12000ms: Expected to find element: `[data-testid=\"search-bar\"]`, but never found it.\n    at Context.eval (webpack://vite-react-typescript-starter/./cypress/e2e/responsive.cy.ts:61:47)",
                    "diff": null
                  },
                  "uuid": "f97bf3e0-661e-4907-97e8-d54ffa823c07",
                  "parentUUID": "3ebf18f5-8f56-4574-9ed7-e4e2c9144839",
                  "isHook": false,
                  "skipped": false
                },
                {
                  "title": "should have proper button sizes (minimum 44px)",
                  "fullTitle": "Responsive Design Tests Desktop Large (1440x900) should have proper button sizes (minimum 44px)",
                  "timedOut": null,
                  "duration": 2902,
                  "state": "passed",
                  "speed": "fast",
                  "pass": true,
                  "fail": false,
                  "pending": false,
                  "context": null,
                  "code": "cy.get('button').each(function ($button) {\n    cy.wrap($button).should(function ($el) {\n        var rect = $el[0].getBoundingClientRect();\n        expect(rect.height).to.be.at.least(44);\n        expect(rect.width).to.be.at.least(44);\n    });\n});",
                  "err": {},
                  "uuid": "15c761e8-224e-4cc8-b83f-049c41b0b57d",
                  "parentUUID": "3ebf18f5-8f56-4574-9ed7-e4e2c9144839",
                  "isHook": false,
                  "skipped": false
                },
                {
                  "title": "should have proper text sizes",
                  "fullTitle": "Responsive Design Tests Desktop Large (1440x900) should have proper text sizes",
                  "timedOut": null,
                  "duration": 2542,
                  "state": "passed",
                  "speed": "fast",
                  "pass": true,
                  "fail": false,
                  "pending": false,
                  "context": null,
                  "code": "cy.get('h1').should('have.css', 'font-size').and('match', /(1[6-9]|[2-9][0-9])px/);\ncy.get('p').should('have.css', 'font-size').and('match', /(1[4-9]|[2-9][0-9])px/);",
                  "err": {},
                  "uuid": "e78e3609-f553-4bc4-94ca-8d777cf14020",
                  "parentUUID": "3ebf18f5-8f56-4574-9ed7-e4e2c9144839",
                  "isHook": false,
                  "skipped": false
                },
                {
                  "title": "should have proper spacing",
                  "fullTitle": "Responsive Design Tests Desktop Large (1440x900) should have proper spacing",
                  "timedOut": null,
                  "duration": 14250,
                  "state": "failed",
                  "speed": null,
                  "pass": false,
                  "fail": true,
                  "pending": false,
                  "context": null,
                  "code": "cy.get('[data-testid=\"main-content\"]').should('have.css', 'padding');\ncy.get('[data-testid=\"main-content\"]').should('have.css', 'margin');",
                  "err": {
                    "message": "AssertionError: Timed out retrying after 12000ms: Expected to find element: `[data-testid=\"main-content\"]`, but never found it.",
                    "estack": "AssertionError: Timed out retrying after 12000ms: Expected to find element: `[data-testid=\"main-content\"]`, but never found it.\n    at Context.eval (webpack://vite-react-typescript-starter/./cypress/e2e/responsive.cy.ts:81:47)",
                    "diff": null
                  },
                  "uuid": "4e0caf25-a07c-4b9d-87eb-1653b01411e8",
                  "parentUUID": "3ebf18f5-8f56-4574-9ed7-e4e2c9144839",
                  "isHook": false,
                  "skipped": false
                }
              ],
              "suites": [],
              "passes": [
                "abe6f352-9cbb-469a-b06c-f034df788f10",
                "15c761e8-224e-4cc8-b83f-049c41b0b57d",
                "e78e3609-f553-4bc4-94ca-8d777cf14020"
              ],
              "failures": [
                "7f1e3a54-44ac-48c7-8f6d-26e2ab6818da",
                "f97bf3e0-661e-4907-97e8-d54ffa823c07",
                "4e0caf25-a07c-4b9d-87eb-1653b01411e8"
              ],
              "pending": [],
              "skipped": [],
              "duration": 50970,
              "root": false,
              "rootEmpty": false,
              "_timeout": 2000
            },
            {
              "uuid": "c7daa909-6cec-4cba-863d-62df2f30ea71",
              "title": "Mobile Navigation Tests",
              "fullFile": "",
              "file": "",
              "beforeHooks": [],
              "afterHooks": [],
              "tests": [
                {
                  "title": "should open mobile drawer when hamburger menu is clicked",
                  "fullTitle": "Responsive Design Tests Mobile Navigation Tests should open mobile drawer when hamburger menu is clicked",
                  "timedOut": null,
                  "duration": 14459,
                  "state": "failed",
                  "speed": null,
                  "pass": false,
                  "fail": true,
                  "pending": false,
                  "context": null,
                  "code": "cy.get('[data-testid=\"hamburger-menu\"]').click();\ncy.get('[data-testid=\"mobile-drawer\"]').should('be.visible');\ncy.get('[data-testid=\"mobile-drawer\"]').should('have.class', 'translate-x-0');",
                  "err": {
                    "message": "AssertionError: Timed out retrying after 12000ms: Expected to find element: `[data-testid=\"hamburger-menu\"]`, but never found it.",
                    "estack": "AssertionError: Timed out retrying after 12000ms: Expected to find element: `[data-testid=\"hamburger-menu\"]`, but never found it.\n    at Context.eval (webpack://vite-react-typescript-starter/./cypress/e2e/responsive.cy.ts:94:9)",
                    "diff": null
                  },
                  "uuid": "48eff685-feec-48ab-a08a-ed5312c0c964",
                  "parentUUID": "c7daa909-6cec-4cba-863d-62df2f30ea71",
                  "isHook": false,
                  "skipped": false
                },
                {
                  "title": "should close mobile drawer when backdrop is clicked",
                  "fullTitle": "Responsive Design Tests Mobile Navigation Tests should close mobile drawer when backdrop is clicked",
                  "timedOut": null,
                  "duration": 14921,
                  "state": "failed",
                  "speed": null,
                  "pass": false,
                  "fail": true,
                  "pending": false,
                  "context": null,
                  "code": "cy.get('[data-testid=\"hamburger-menu\"]').click();\ncy.get('[data-testid=\"mobile-drawer\"]').should('be.visible');\ncy.get('[data-testid=\"drawer-backdrop\"]').click({ force: true });\ncy.get('[data-testid=\"mobile-drawer\"]').should('not.be.visible');",
                  "err": {
                    "message": "AssertionError: Timed out retrying after 12000ms: Expected to find element: `[data-testid=\"hamburger-menu\"]`, but never found it.",
                    "estack": "AssertionError: Timed out retrying after 12000ms: Expected to find element: `[data-testid=\"hamburger-menu\"]`, but never found it.\n    at Context.eval (webpack://vite-react-typescript-starter/./cypress/e2e/responsive.cy.ts:100:9)",
                    "diff": null
                  },
                  "uuid": "215d4829-9c88-494a-b9c9-deb378aec703",
                  "parentUUID": "c7daa909-6cec-4cba-863d-62df2f30ea71",
                  "isHook": false,
                  "skipped": false
                },
                {
                  "title": "should close mobile drawer when escape key is pressed",
                  "fullTitle": "Responsive Design Tests Mobile Navigation Tests should close mobile drawer when escape key is pressed",
                  "timedOut": null,
                  "duration": 14773,
                  "state": "failed",
                  "speed": null,
                  "pass": false,
                  "fail": true,
                  "pending": false,
                  "context": null,
                  "code": "cy.get('[data-testid=\"hamburger-menu\"]').click();\ncy.get('[data-testid=\"mobile-drawer\"]').should('be.visible');\ncy.get('body').type('{esc}');\ncy.get('[data-testid=\"mobile-drawer\"]').should('not.be.visible');",
                  "err": {
                    "message": "AssertionError: Timed out retrying after 12000ms: Expected to find element: `[data-testid=\"hamburger-menu\"]`, but never found it.",
                    "estack": "AssertionError: Timed out retrying after 12000ms: Expected to find element: `[data-testid=\"hamburger-menu\"]`, but never found it.\n    at Context.eval (webpack://vite-react-typescript-starter/./cypress/e2e/responsive.cy.ts:107:9)",
                    "diff": null
                  },
                  "uuid": "da22f1db-ba75-4bc6-9a24-2220f9c57a4c",
                  "parentUUID": "c7daa909-6cec-4cba-863d-62df2f30ea71",
                  "isHook": false,
                  "skipped": false
                },
                {
                  "title": "should navigate to correct page when menu item is clicked",
                  "fullTitle": "Responsive Design Tests Mobile Navigation Tests should navigate to correct page when menu item is clicked",
                  "timedOut": null,
                  "duration": 15034,
                  "state": "failed",
                  "speed": null,
                  "pass": false,
                  "fail": true,
                  "pending": false,
                  "context": null,
                  "code": "cy.get('[data-testid=\"hamburger-menu\"]').click();\ncy.get('[data-testid=\"mobile-drawer\"]').should('be.visible');\ncy.get('[data-testid=\"nav-schedule\"]').click();\ncy.url().should('include', '/schedule');\ncy.get('[data-testid=\"mobile-drawer\"]').should('not.be.visible');",
                  "err": {
                    "message": "AssertionError: Timed out retrying after 12000ms: Expected to find element: `[data-testid=\"hamburger-menu\"]`, but never found it.",
                    "estack": "AssertionError: Timed out retrying after 12000ms: Expected to find element: `[data-testid=\"hamburger-menu\"]`, but never found it.\n    at Context.eval (webpack://vite-react-typescript-starter/./cypress/e2e/responsive.cy.ts:114:9)",
                    "diff": null
                  },
                  "uuid": "ce348dd9-8fa7-4636-bbd3-02ae1e06b46a",
                  "parentUUID": "c7daa909-6cec-4cba-863d-62df2f30ea71",
                  "isHook": false,
                  "skipped": false
                }
              ],
              "suites": [],
              "passes": [],
              "failures": [
                "48eff685-feec-48ab-a08a-ed5312c0c964",
                "215d4829-9c88-494a-b9c9-deb378aec703",
                "da22f1db-ba75-4bc6-9a24-2220f9c57a4c",
                "ce348dd9-8fa7-4636-bbd3-02ae1e06b46a"
              ],
              "pending": [],
              "skipped": [],
              "duration": 59187,
              "root": false,
              "rootEmpty": false,
              "_timeout": 2000
            },
            {
              "uuid": "9037b8b4-f047-404b-be71-a0d0a6463d26",
              "title": "Table Responsive Tests",
              "fullFile": "",
              "file": "",
              "beforeHooks": [],
              "afterHooks": [],
              "tests": [
                {
                  "title": "should display table as cards on mobile",
                  "fullTitle": "Responsive Design Tests Table Responsive Tests should display table as cards on mobile",
                  "timedOut": null,
                  "duration": 14857,
                  "state": "failed",
                  "speed": null,
                  "pass": false,
                  "fail": true,
                  "pending": false,
                  "context": null,
                  "code": "cy.viewport(375, 667);\ncy.get('[data-testid=\"responsive-table\"]').should('have.class', 'block');\ncy.get('[data-testid=\"table-cards\"]').should('be.visible');",
                  "err": {
                    "message": "AssertionError: Timed out retrying after 12000ms: Expected to find element: `[data-testid=\"responsive-table\"]`, but never found it.",
                    "estack": "AssertionError: Timed out retrying after 12000ms: Expected to find element: `[data-testid=\"responsive-table\"]`, but never found it.\n    at Context.eval (webpack://vite-react-typescript-starter/./cypress/e2e/responsive.cy.ts:129:49)",
                    "diff": null
                  },
                  "uuid": "7045ee13-04ae-4cad-a4b5-3cef5ba654bf",
                  "parentUUID": "9037b8b4-f047-404b-be71-a0d0a6463d26",
                  "isHook": false,
                  "skipped": false
                },
                {
                  "title": "should display table normally on desktop",
                  "fullTitle": "Responsive Design Tests Table Responsive Tests should display table normally on desktop",
                  "timedOut": null,
                  "duration": 15110,
                  "state": "failed",
                  "speed": null,
                  "pass": false,
                  "fail": true,
                  "pending": false,
                  "context": null,
                  "code": "cy.viewport(1024, 768);\ncy.get('[data-testid=\"responsive-table\"]').should('not.have.class', 'block');\ncy.get('[data-testid=\"table-cards\"]').should('not.be.visible');\ncy.get('table').should('be.visible');",
                  "err": {
                    "message": "AssertionError: Timed out retrying after 12000ms: Expected to find element: `[data-testid=\"responsive-table\"]`, but never found it.",
                    "estack": "AssertionError: Timed out retrying after 12000ms: Expected to find element: `[data-testid=\"responsive-table\"]`, but never found it.\n    at Context.eval (webpack://vite-react-typescript-starter/./cypress/e2e/responsive.cy.ts:135:49)",
                    "diff": null
                  },
                  "uuid": "28f3dbf6-3c8f-498e-a58b-062f5f440f9a",
                  "parentUUID": "9037b8b4-f047-404b-be71-a0d0a6463d26",
                  "isHook": false,
                  "skipped": false
                },
                {
                  "title": "should be horizontally scrollable on tablet",
                  "fullTitle": "Responsive Design Tests Table Responsive Tests should be horizontally scrollable on tablet",
                  "timedOut": null,
                  "duration": 14591,
                  "state": "failed",
                  "speed": null,
                  "pass": false,
                  "fail": true,
                  "pending": false,
                  "context": null,
                  "code": "cy.viewport(768, 1024);\ncy.get('[data-testid=\"table-container\"]').should('have.css', 'overflow-x', 'auto');",
                  "err": {
                    "message": "AssertionError: Timed out retrying after 12000ms: Expected to find element: `[data-testid=\"table-container\"]`, but never found it.",
                    "estack": "AssertionError: Timed out retrying after 12000ms: Expected to find element: `[data-testid=\"table-container\"]`, but never found it.\n    at Context.eval (webpack://vite-react-typescript-starter/./cypress/e2e/responsive.cy.ts:142:48)",
                    "diff": null
                  },
                  "uuid": "92beda96-5143-4a20-b40e-f0d4765d7858",
                  "parentUUID": "9037b8b4-f047-404b-be71-a0d0a6463d26",
                  "isHook": false,
                  "skipped": false
                }
              ],
              "suites": [],
              "passes": [],
              "failures": [
                "7045ee13-04ae-4cad-a4b5-3cef5ba654bf",
                "28f3dbf6-3c8f-498e-a58b-062f5f440f9a",
                "92beda96-5143-4a20-b40e-f0d4765d7858"
              ],
              "pending": [],
              "skipped": [],
              "duration": 44558,
              "root": false,
              "rootEmpty": false,
              "_timeout": 2000
            },
            {
              "uuid": "9b9f36f7-3d68-43a1-ae4b-bfa7ebda3ae4",
              "title": "Modal Responsive Tests",
              "fullFile": "",
              "file": "",
              "beforeHooks": [],
              "afterHooks": [],
              "tests": [
                {
                  "title": "should display modal full-screen on mobile",
                  "fullTitle": "Responsive Design Tests Modal Responsive Tests should display modal full-screen on mobile",
                  "timedOut": null,
                  "duration": 15136,
                  "state": "failed",
                  "speed": null,
                  "pass": false,
                  "fail": true,
                  "pending": false,
                  "context": null,
                  "code": "cy.viewport(375, 667);\ncy.get('[data-testid=\"sync-button\"]').click();\ncy.get('[data-testid=\"modal\"]').should('have.class', 'w-full');\ncy.get('[data-testid=\"modal\"]').should('have.class', 'h-full');\ncy.get('[data-testid=\"modal\"]').should('have.class', 'rounded-none');",
                  "err": {
                    "message": "AssertionError: Timed out retrying after 12000ms: Expected to find element: `[data-testid=\"sync-button\"]`, but never found it.",
                    "estack": "AssertionError: Timed out retrying after 12000ms: Expected to find element: `[data-testid=\"sync-button\"]`, but never found it.\n    at Context.eval (webpack://vite-react-typescript-starter/./cypress/e2e/responsive.cy.ts:153:9)",
                    "diff": null
                  },
                  "uuid": "073aa6b0-cde5-4f7a-b7d1-32de92ae8f41",
                  "parentUUID": "9b9f36f7-3d68-43a1-ae4b-bfa7ebda3ae4",
                  "isHook": false,
                  "skipped": false
                },
                {
                  "title": "should display modal normally on desktop",
                  "fullTitle": "Responsive Design Tests Modal Responsive Tests should display modal normally on desktop",
                  "timedOut": null,
                  "duration": 14851,
                  "state": "failed",
                  "speed": null,
                  "pass": false,
                  "fail": true,
                  "pending": false,
                  "context": null,
                  "code": "cy.viewport(1024, 768);\ncy.get('[data-testid=\"sync-button\"]').click();\ncy.get('[data-testid=\"modal\"]').should('not.have.class', 'w-full');\ncy.get('[data-testid=\"modal\"]').should('not.have.class', 'h-full');\ncy.get('[data-testid=\"modal\"]').should('not.have.class', 'rounded-none');",
                  "err": {
                    "message": "AssertionError: Timed out retrying after 12000ms: Expected to find element: `[data-testid=\"sync-button\"]`, but never found it.",
                    "estack": "AssertionError: Timed out retrying after 12000ms: Expected to find element: `[data-testid=\"sync-button\"]`, but never found it.\n    at Context.eval (webpack://vite-react-typescript-starter/./cypress/e2e/responsive.cy.ts:161:9)",
                    "diff": null
                  },
                  "uuid": "9bc31311-27f2-4caa-8b23-dd73065b2f9c",
                  "parentUUID": "9b9f36f7-3d68-43a1-ae4b-bfa7ebda3ae4",
                  "isHook": false,
                  "skipped": false
                }
              ],
              "suites": [],
              "passes": [],
              "failures": [
                "073aa6b0-cde5-4f7a-b7d1-32de92ae8f41",
                "9bc31311-27f2-4caa-8b23-dd73065b2f9c"
              ],
              "pending": [],
              "skipped": [],
              "duration": 29987,
              "root": false,
              "rootEmpty": false,
              "_timeout": 2000
            },
            {
              "uuid": "3074d037-dd9a-4322-aa63-0eacd5632dd5",
              "title": "Form Responsive Tests",
              "fullFile": "",
              "file": "",
              "beforeHooks": [],
              "afterHooks": [],
              "tests": [
                {
                  "title": "should have proper form layout on mobile",
                  "fullTitle": "Responsive Design Tests Form Responsive Tests should have proper form layout on mobile",
                  "timedOut": null,
                  "duration": 15685,
                  "state": "failed",
                  "speed": null,
                  "pass": false,
                  "fail": true,
                  "pending": false,
                  "context": null,
                  "code": "cy.viewport(375, 667);\ncy.get('form').should('have.css', 'padding');\ncy.get('input').each(function ($input) {\n    cy.wrap($input).should(function ($el) {\n        var rect = $el[0].getBoundingClientRect();\n        expect(rect.height).to.be.at.least(44);\n    });\n});",
                  "err": {
                    "message": "AssertionError: Timed out retrying after 12000ms: expected 40 to be at least 44",
                    "estack": "AssertionError: Timed out retrying after 12000ms: expected 40 to be at least 44\n    at Context.eval (webpack://vite-react-typescript-starter/./cypress/e2e/responsive.cy.ts:179:39)\n    at <unknown> (http://localhost:5173/__cypress/runner/cypress_runner.js:121877:17)\n    at tryCatcher (http://localhost:5173/__cypress/runner/cypress_runner.js:1777:23)\n    at Promise.attempt.Promise.try (http://localhost:5173/__cypress/runner/cypress_runner.js:4285:29)\n    at Context.shouldFnWithCallback (http://localhost:5173/__cypress/runner/cypress_runner.js:121874:66)\n    at Context.shouldFn (http://localhost:5173/__cypress/runner/cypress_runner.js:121917:37)",
                    "diff": "- 40\n+ 44\n"
                  },
                  "uuid": "243d8213-88fb-45d2-88f5-a76f6dc2092c",
                  "parentUUID": "3074d037-dd9a-4322-aa63-0eacd5632dd5",
                  "isHook": false,
                  "skipped": false
                },
                {
                  "title": "should have proper form layout on desktop",
                  "fullTitle": "Responsive Design Tests Form Responsive Tests should have proper form layout on desktop",
                  "timedOut": null,
                  "duration": 15337,
                  "state": "failed",
                  "speed": null,
                  "pass": false,
                  "fail": true,
                  "pending": false,
                  "context": null,
                  "code": "cy.viewport(1024, 768);\ncy.get('form').should('have.css', 'max-width');\ncy.get('form').should('have.css', 'margin', '0px auto');",
                  "err": {
                    "message": "AssertionError: Timed out retrying after 12000ms: expected '<form#login-form.space-y-6>' to have CSS property 'margin' with the value '0px auto', but the value was '0px'",
                    "estack": "AssertionError: Timed out retrying after 12000ms: expected '<form#login-form.space-y-6>' to have CSS property 'margin' with the value '0px auto', but the value was '0px'\n    at Context.eval (webpack://vite-react-typescript-starter/./cypress/e2e/responsive.cy.ts:187:21)",
                    "diff": "- '0px'\n+ '0px auto'\n"
                  },
                  "uuid": "523859ed-a25a-490a-9f37-a1c3648b4eaf",
                  "parentUUID": "3074d037-dd9a-4322-aa63-0eacd5632dd5",
                  "isHook": false,
                  "skipped": false
                }
              ],
              "suites": [],
              "passes": [],
              "failures": [
                "243d8213-88fb-45d2-88f5-a76f6dc2092c",
                "523859ed-a25a-490a-9f37-a1c3648b4eaf"
              ],
              "pending": [],
              "skipped": [],
              "duration": 31022,
              "root": false,
              "rootEmpty": false,
              "_timeout": 2000
            },
            {
              "uuid": "147d5690-278c-4b7d-8bbe-04db55e958b6",
              "title": "Touch Interaction Tests",
              "fullFile": "",
              "file": "",
              "beforeHooks": [],
              "afterHooks": [],
              "tests": [
                {
                  "title": "should handle touch events properly",
                  "fullTitle": "Responsive Design Tests Touch Interaction Tests should handle touch events properly",
                  "timedOut": null,
                  "duration": 14640,
                  "state": "failed",
                  "speed": null,
                  "pass": false,
                  "fail": true,
                  "pending": false,
                  "context": null,
                  "code": "cy.get('[data-testid=\"hamburger-menu\"]').trigger('touchstart');\ncy.get('[data-testid=\"hamburger-menu\"]').trigger('touchend');\ncy.get('[data-testid=\"mobile-drawer\"]').should('be.visible');",
                  "err": {
                    "message": "AssertionError: Timed out retrying after 12000ms: Expected to find element: `[data-testid=\"hamburger-menu\"]`, but never found it.",
                    "estack": "AssertionError: Timed out retrying after 12000ms: Expected to find element: `[data-testid=\"hamburger-menu\"]`, but never found it.\n    at Context.eval (webpack://vite-react-typescript-starter/./cypress/e2e/responsive.cy.ts:198:9)",
                    "diff": null
                  },
                  "uuid": "2c3bf1ce-65ad-470f-910b-133d47a9e84c",
                  "parentUUID": "147d5690-278c-4b7d-8bbe-04db55e958b6",
                  "isHook": false,
                  "skipped": false
                },
                {
                  "title": "should have proper touch targets",
                  "fullTitle": "Responsive Design Tests Touch Interaction Tests should have proper touch targets",
                  "timedOut": null,
                  "duration": 14809,
                  "state": "failed",
                  "speed": null,
                  "pass": false,
                  "fail": true,
                  "pending": false,
                  "context": null,
                  "code": "cy.get('button, a, input, select, textarea').each(function ($element) {\n    cy.wrap($element).should(function ($el) {\n        var rect = $el[0].getBoundingClientRect();\n        expect(rect.height).to.be.at.least(44);\n        expect(rect.width).to.be.at.least(44);\n    });\n});",
                  "err": {
                    "message": "AssertionError: Timed out retrying after 12000ms: expected 1 to be at least 44",
                    "estack": "AssertionError: Timed out retrying after 12000ms: expected 1 to be at least 44\n    at Context.eval (webpack://vite-react-typescript-starter/./cypress/e2e/responsive.cy.ts:207:39)\n    at <unknown> (http://localhost:5173/__cypress/runner/cypress_runner.js:121877:17)\n    at tryCatcher (http://localhost:5173/__cypress/runner/cypress_runner.js:1777:23)\n    at Promise.attempt.Promise.try (http://localhost:5173/__cypress/runner/cypress_runner.js:4285:29)\n    at Context.shouldFnWithCallback (http://localhost:5173/__cypress/runner/cypress_runner.js:121874:66)\n    at Context.shouldFn (http://localhost:5173/__cypress/runner/cypress_runner.js:121917:37)",
                    "diff": "- 1\n+ 44\n"
                  },
                  "uuid": "a4f7a4cc-4c28-4c69-81f5-13435e843cd4",
                  "parentUUID": "147d5690-278c-4b7d-8bbe-04db55e958b6",
                  "isHook": false,
                  "skipped": false
                }
              ],
              "suites": [],
              "passes": [],
              "failures": [
                "2c3bf1ce-65ad-470f-910b-133d47a9e84c",
                "a4f7a4cc-4c28-4c69-81f5-13435e843cd4"
              ],
              "pending": [],
              "skipped": [],
              "duration": 29449,
              "root": false,
              "rootEmpty": false,
              "_timeout": 2000
            },
            {
              "uuid": "1fd884e6-49b1-4e9a-8cf5-c9632a858e09",
              "title": "Orientation Tests",
              "fullFile": "",
              "file": "",
              "beforeHooks": [],
              "afterHooks": [],
              "tests": [
                {
                  "title": "should adapt to landscape orientation",
                  "fullTitle": "Responsive Design Tests Orientation Tests should adapt to landscape orientation",
                  "timedOut": null,
                  "duration": 2291,
                  "state": "passed",
                  "speed": "fast",
                  "pass": true,
                  "fail": false,
                  "pending": false,
                  "context": null,
                  "code": "cy.viewport(667, 375); // Landscape mobile\ncy.visit('/student-dashboard');\ncy.get('body').should('not.have.css', 'overflow-x', 'scroll');",
                  "err": {},
                  "uuid": "0c3e7858-7b6c-47bc-b035-35b012b2fd26",
                  "parentUUID": "1fd884e6-49b1-4e9a-8cf5-c9632a858e09",
                  "isHook": false,
                  "skipped": false
                },
                {
                  "title": "should adapt to portrait orientation",
                  "fullTitle": "Responsive Design Tests Orientation Tests should adapt to portrait orientation",
                  "timedOut": null,
                  "duration": 2246,
                  "state": "passed",
                  "speed": "fast",
                  "pass": true,
                  "fail": false,
                  "pending": false,
                  "context": null,
                  "code": "cy.viewport(375, 667); // Portrait mobile\ncy.visit('/student-dashboard');\ncy.get('body').should('not.have.css', 'overflow-x', 'scroll');",
                  "err": {},
                  "uuid": "ab52c5f4-ccfe-4863-b977-e1d7d53bc3db",
                  "parentUUID": "1fd884e6-49b1-4e9a-8cf5-c9632a858e09",
                  "isHook": false,
                  "skipped": false
                }
              ],
              "suites": [],
              "passes": [
                "0c3e7858-7b6c-47bc-b035-35b012b2fd26",
                "ab52c5f4-ccfe-4863-b977-e1d7d53bc3db"
              ],
              "failures": [],
              "pending": [],
              "skipped": [],
              "duration": 4537,
              "root": false,
              "rootEmpty": false,
              "_timeout": 2000
            },
            {
              "uuid": "9d310f0a-7cb4-4b57-8cc1-63809d9e10f6",
              "title": "Performance Tests",
              "fullFile": "",
              "file": "",
              "beforeHooks": [],
              "afterHooks": [],
              "tests": [
                {
                  "title": "should load within acceptable time on mobile",
                  "fullTitle": "Responsive Design Tests Performance Tests should load within acceptable time on mobile",
                  "timedOut": null,
                  "duration": 14507,
                  "state": "failed",
                  "speed": null,
                  "pass": false,
                  "fail": true,
                  "pending": false,
                  "context": null,
                  "code": "cy.viewport(375, 667);\nvar startTime = Date.now();\ncy.visit('/student-dashboard');\ncy.get('[data-testid=\"main-content\"]').should('be.visible').then(function () {\n    var loadTime = Date.now() - startTime;\n    expect(loadTime).to.be.lessThan(3000); // 3 seconds\n});",
                  "err": {
                    "message": "AssertionError: Timed out retrying after 12000ms: Expected to find element: `[data-testid=\"main-content\"]`, but never found it.",
                    "estack": "AssertionError: Timed out retrying after 12000ms: Expected to find element: `[data-testid=\"main-content\"]`, but never found it.\n    at Context.eval (webpack://vite-react-typescript-starter/./cypress/e2e/responsive.cy.ts:233:45)",
                    "diff": null
                  },
                  "uuid": "696cce34-2e9b-48d9-a39d-a2a0e551760e",
                  "parentUUID": "9d310f0a-7cb4-4b57-8cc1-63809d9e10f6",
                  "isHook": false,
                  "skipped": false
                },
                {
                  "title": "should have acceptable bundle size",
                  "fullTitle": "Responsive Design Tests Performance Tests should have acceptable bundle size",
                  "timedOut": null,
                  "duration": 189,
                  "state": "passed",
                  "speed": "fast",
                  "pass": true,
                  "fail": false,
                  "pending": false,
                  "context": null,
                  "code": "cy.window().then(function (win) {\n    var performance = win.performance;\n    var navigation = performance.getEntriesByType('navigation')[0];\n    expect(navigation.transferSize).to.be.lessThan(2 * 1024 * 1024); // 2MB\n});",
                  "err": {},
                  "uuid": "5743032e-49fc-4cd2-999f-162ad35fb75b",
                  "parentUUID": "9d310f0a-7cb4-4b57-8cc1-63809d9e10f6",
                  "isHook": false,
                  "skipped": false
                }
              ],
              "suites": [],
              "passes": [
                "5743032e-49fc-4cd2-999f-162ad35fb75b"
              ],
              "failures": [
                "696cce34-2e9b-48d9-a39d-a2a0e551760e"
              ],
              "pending": [],
              "skipped": [],
              "duration": 14696,
              "root": false,
              "rootEmpty": false,
              "_timeout": 2000
            }
          ],
          "passes": [],
          "failures": [],
          "pending": [],
          "skipped": [],
          "duration": 0,
          "root": false,
          "rootEmpty": false,
          "_timeout": 2000
        }
      ],
      "passes": [],
      "failures": [],
      "pending": [],
      "skipped": [],
      "duration": 0,
      "root": true,
      "rootEmpty": true,
      "_timeout": 2000
    }
  ],
  "meta": {
    "mocha": {
      "version": "7.2.0"
    },
    "mochawesome": {
      "options": {
        "quiet": false,
        "reportFilename": "mochawesome",
        "saveHtml": false,
        "saveJson": true,
        "consoleReporter": "spec",
        "useInlineDiffs": false,
        "code": true
      },
      "version": "7.1.4"
    },
    "marge": {
      "options": {
        "reportDir": "cypress/results",
        "overwrite": false,
        "html": false,
        "json": true
      },
      "version": "6.3.2"
    }
  }
}