{
  "stats": {
    "suites": 14,
    "tests": 53,
    "passes": 21,
    "pending": 0,
    "failures": 32,
    "start": "2025-11-22T01:18:57.017Z",
    "end": "2025-11-22T01:28:17.306Z",
    "duration": 560289,
    "testsRegistered": 53,
    "passPercent": 39.62264150943396,
    "pendingPercent": 0,
    "other": 0,
    "hasOther": false,
    "skipped": 0,
    "hasSkipped": false
  },
  "results": [
    {
      "uuid": "936fc136-f6db-4c0e-a651-d9ffcbb852e3",
      "title": "",
      "fullFile": "cypress\\e2e\\responsive.cy.ts",
      "file": "cypress\\e2e\\responsive.cy.ts",
      "beforeHooks": [],
      "afterHooks": [],
      "tests": [],
      "suites": [
        {
          "uuid": "97df6061-1d3e-44bc-9143-49099e51d0e5",
          "title": "Responsive Design Tests",
          "fullFile": "",
          "file": "",
          "beforeHooks": [],
          "afterHooks": [],
          "tests": [],
          "suites": [
            {
              "uuid": "93af35a6-2117-4efc-b041-97dd3156f04b",
              "title": "Mobile Small (320x568)",
              "fullFile": "",
              "file": "",
              "beforeHooks": [],
              "afterHooks": [],
              "tests": [
                {
                  "title": "should display the page without horizontal scroll",
                  "fullTitle": "Responsive Design Tests Mobile Small (320x568) should display the page without horizontal scroll",
                  "timedOut": null,
                  "duration": 31316,
                  "state": "passed",
                  "speed": "slow",
                  "pass": true,
                  "fail": false,
                  "pending": false,
                  "context": null,
                  "code": "cy.get('body').should('not.have.css', 'overflow-x', 'scroll');\ncy.get('html').should('not.have.css', 'overflow-x', 'scroll');",
                  "err": {},
                  "uuid": "92dfc6f4-3725-4964-8bec-5f80747203ba",
                  "parentUUID": "93af35a6-2117-4efc-b041-97dd3156f04b",
                  "isHook": false,
                  "skipped": false
                },
                {
                  "title": "should have proper navigation layout",
                  "fullTitle": "Responsive Design Tests Mobile Small (320x568) should have proper navigation layout",
                  "timedOut": null,
                  "duration": 14868,
                  "state": "failed",
                  "speed": null,
                  "pass": false,
                  "fail": true,
                  "pending": false,
                  "context": null,
                  "code": "if (width < 768) {\n    // Mobile: should have hamburger menu\n    cy.get('[data-testid=\"hamburger-menu\"]').should('be.visible');\n    cy.get('[data-testid=\"desktop-nav\"]').should('not.be.visible');\n}\nelse {\n    // Desktop: should have desktop navigation\n    cy.get('[data-testid=\"desktop-nav\"]').should('be.visible');\n    cy.get('[data-testid=\"hamburger-menu\"]').should('not.be.visible');\n}",
                  "err": {
                    "message": "AssertionError: Timed out retrying after 12000ms: Expected to find element: `[data-testid=\"hamburger-menu\"]`, but never found it.",
                    "estack": "AssertionError: Timed out retrying after 12000ms: Expected to find element: `[data-testid=\"hamburger-menu\"]`, but never found it.\n    at Context.eval (webpack://vite-react-typescript-starter/./cypress/e2e/responsive.cy.ts:45:51)",
                    "diff": null
                  },
                  "uuid": "85966e97-7fba-4e36-b52f-978176d1a006",
                  "parentUUID": "93af35a6-2117-4efc-b041-97dd3156f04b",
                  "isHook": false,
                  "skipped": false
                },
                {
                  "title": "should have proper search bar layout",
                  "fullTitle": "Responsive Design Tests Mobile Small (320x568) should have proper search bar layout",
                  "timedOut": null,
                  "duration": 14779,
                  "state": "failed",
                  "speed": null,
                  "pass": false,
                  "fail": true,
                  "pending": false,
                  "context": null,
                  "code": "if (width < 768) {\n    // Mobile: search should be hidden or in different location\n    cy.get('[data-testid=\"search-bar\"]').should('not.be.visible');\n    cy.get('[data-testid=\"search-icon\"]').should('be.visible');\n}\nelse {\n    // Desktop: search bar should be visible\n    cy.get('[data-testid=\"search-bar\"]').should('be.visible');\n}",
                  "err": {
                    "message": "AssertionError: Timed out retrying after 12000ms: Expected to find element: `[data-testid=\"search-bar\"]`, but never found it.",
                    "estack": "AssertionError: Timed out retrying after 12000ms: Expected to find element: `[data-testid=\"search-bar\"]`, but never found it.\n    at Context.eval (webpack://vite-react-typescript-starter/./cypress/e2e/responsive.cy.ts:57:47)",
                    "diff": null
                  },
                  "uuid": "a73e22da-d3d7-42a4-b1c3-35de120284f9",
                  "parentUUID": "93af35a6-2117-4efc-b041-97dd3156f04b",
                  "isHook": false,
                  "skipped": false
                },
                {
                  "title": "should have proper button sizes (minimum 44px)",
                  "fullTitle": "Responsive Design Tests Mobile Small (320x568) should have proper button sizes (minimum 44px)",
                  "timedOut": null,
                  "duration": 3209,
                  "state": "passed",
                  "speed": "fast",
                  "pass": true,
                  "fail": false,
                  "pending": false,
                  "context": null,
                  "code": "cy.get('button').each(function ($button) {\n    cy.wrap($button).should(function ($el) {\n        var rect = $el[0].getBoundingClientRect();\n        expect(rect.height).to.be.at.least(44);\n        expect(rect.width).to.be.at.least(44);\n    });\n});",
                  "err": {},
                  "uuid": "b710b375-73ef-475f-b69d-27a9dc91cb58",
                  "parentUUID": "93af35a6-2117-4efc-b041-97dd3156f04b",
                  "isHook": false,
                  "skipped": false
                },
                {
                  "title": "should have proper text sizes",
                  "fullTitle": "Responsive Design Tests Mobile Small (320x568) should have proper text sizes",
                  "timedOut": null,
                  "duration": 2447,
                  "state": "passed",
                  "speed": "fast",
                  "pass": true,
                  "fail": false,
                  "pending": false,
                  "context": null,
                  "code": "cy.get('h1').should('have.css', 'font-size').and('match', /(1[6-9]|[2-9][0-9])px/);\ncy.get('p').should('have.css', 'font-size').and('match', /(1[4-9]|[2-9][0-9])px/);",
                  "err": {},
                  "uuid": "0655cd0e-2e3a-44cc-b66f-e3a8680935ba",
                  "parentUUID": "93af35a6-2117-4efc-b041-97dd3156f04b",
                  "isHook": false,
                  "skipped": false
                },
                {
                  "title": "should have proper spacing",
                  "fullTitle": "Responsive Design Tests Mobile Small (320x568) should have proper spacing",
                  "timedOut": null,
                  "duration": 14851,
                  "state": "failed",
                  "speed": null,
                  "pass": false,
                  "fail": true,
                  "pending": false,
                  "context": null,
                  "code": "cy.get('[data-testid=\"main-content\"]').should('have.css', 'padding');\ncy.get('[data-testid=\"main-content\"]').should('have.css', 'margin');",
                  "err": {
                    "message": "AssertionError: Timed out retrying after 12000ms: Expected to find element: `[data-testid=\"main-content\"]`, but never found it.",
                    "estack": "AssertionError: Timed out retrying after 12000ms: Expected to find element: `[data-testid=\"main-content\"]`, but never found it.\n    at Context.eval (webpack://vite-react-typescript-starter/./cypress/e2e/responsive.cy.ts:81:47)",
                    "diff": null
                  },
                  "uuid": "d39bbd50-758f-4699-97f0-49d5d41864e6",
                  "parentUUID": "93af35a6-2117-4efc-b041-97dd3156f04b",
                  "isHook": false,
                  "skipped": false
                }
              ],
              "suites": [],
              "passes": [
                "92dfc6f4-3725-4964-8bec-5f80747203ba",
                "b710b375-73ef-475f-b69d-27a9dc91cb58",
                "0655cd0e-2e3a-44cc-b66f-e3a8680935ba"
              ],
              "failures": [
                "85966e97-7fba-4e36-b52f-978176d1a006",
                "a73e22da-d3d7-42a4-b1c3-35de120284f9",
                "d39bbd50-758f-4699-97f0-49d5d41864e6"
              ],
              "pending": [],
              "skipped": [],
              "duration": 81470,
              "root": false,
              "rootEmpty": false,
              "_timeout": 2000
            },
            {
              "uuid": "0fd4739b-21ab-45f1-9e80-a29bae3ded51",
              "title": "Mobile Medium (375x667)",
              "fullFile": "",
              "file": "",
              "beforeHooks": [],
              "afterHooks": [],
              "tests": [
                {
                  "title": "should display the page without horizontal scroll",
                  "fullTitle": "Responsive Design Tests Mobile Medium (375x667) should display the page without horizontal scroll",
                  "timedOut": null,
                  "duration": 2630,
                  "state": "passed",
                  "speed": "fast",
                  "pass": true,
                  "fail": false,
                  "pending": false,
                  "context": null,
                  "code": "cy.get('body').should('not.have.css', 'overflow-x', 'scroll');\ncy.get('html').should('not.have.css', 'overflow-x', 'scroll');",
                  "err": {},
                  "uuid": "de883b76-fbaf-43d8-bfcb-f606b3eb8afa",
                  "parentUUID": "0fd4739b-21ab-45f1-9e80-a29bae3ded51",
                  "isHook": false,
                  "skipped": false
                },
                {
                  "title": "should have proper navigation layout",
                  "fullTitle": "Responsive Design Tests Mobile Medium (375x667) should have proper navigation layout",
                  "timedOut": null,
                  "duration": 13977,
                  "state": "failed",
                  "speed": null,
                  "pass": false,
                  "fail": true,
                  "pending": false,
                  "context": null,
                  "code": "if (width < 768) {\n    // Mobile: should have hamburger menu\n    cy.get('[data-testid=\"hamburger-menu\"]').should('be.visible');\n    cy.get('[data-testid=\"desktop-nav\"]').should('not.be.visible');\n}\nelse {\n    // Desktop: should have desktop navigation\n    cy.get('[data-testid=\"desktop-nav\"]').should('be.visible');\n    cy.get('[data-testid=\"hamburger-menu\"]').should('not.be.visible');\n}",
                  "err": {
                    "message": "AssertionError: Timed out retrying after 12000ms: Expected to find element: `[data-testid=\"hamburger-menu\"]`, but never found it.",
                    "estack": "AssertionError: Timed out retrying after 12000ms: Expected to find element: `[data-testid=\"hamburger-menu\"]`, but never found it.\n    at Context.eval (webpack://vite-react-typescript-starter/./cypress/e2e/responsive.cy.ts:45:51)",
                    "diff": null
                  },
                  "uuid": "80f91458-f258-4cb5-af3f-7d2ae3f6cf0f",
                  "parentUUID": "0fd4739b-21ab-45f1-9e80-a29bae3ded51",
                  "isHook": false,
                  "skipped": false
                },
                {
                  "title": "should have proper search bar layout",
                  "fullTitle": "Responsive Design Tests Mobile Medium (375x667) should have proper search bar layout",
                  "timedOut": null,
                  "duration": 14284,
                  "state": "failed",
                  "speed": null,
                  "pass": false,
                  "fail": true,
                  "pending": false,
                  "context": null,
                  "code": "if (width < 768) {\n    // Mobile: search should be hidden or in different location\n    cy.get('[data-testid=\"search-bar\"]').should('not.be.visible');\n    cy.get('[data-testid=\"search-icon\"]').should('be.visible');\n}\nelse {\n    // Desktop: search bar should be visible\n    cy.get('[data-testid=\"search-bar\"]').should('be.visible');\n}",
                  "err": {
                    "message": "AssertionError: Timed out retrying after 12000ms: Expected to find element: `[data-testid=\"search-bar\"]`, but never found it.",
                    "estack": "AssertionError: Timed out retrying after 12000ms: Expected to find element: `[data-testid=\"search-bar\"]`, but never found it.\n    at Context.eval (webpack://vite-react-typescript-starter/./cypress/e2e/responsive.cy.ts:57:47)",
                    "diff": null
                  },
                  "uuid": "a4cdf3ad-4da4-47c2-8b47-b1041e2137c2",
                  "parentUUID": "0fd4739b-21ab-45f1-9e80-a29bae3ded51",
                  "isHook": false,
                  "skipped": false
                },
                {
                  "title": "should have proper button sizes (minimum 44px)",
                  "fullTitle": "Responsive Design Tests Mobile Medium (375x667) should have proper button sizes (minimum 44px)",
                  "timedOut": null,
                  "duration": 2335,
                  "state": "passed",
                  "speed": "fast",
                  "pass": true,
                  "fail": false,
                  "pending": false,
                  "context": null,
                  "code": "cy.get('button').each(function ($button) {\n    cy.wrap($button).should(function ($el) {\n        var rect = $el[0].getBoundingClientRect();\n        expect(rect.height).to.be.at.least(44);\n        expect(rect.width).to.be.at.least(44);\n    });\n});",
                  "err": {},
                  "uuid": "719b2233-813c-4690-94c8-317ce4be25bd",
                  "parentUUID": "0fd4739b-21ab-45f1-9e80-a29bae3ded51",
                  "isHook": false,
                  "skipped": false
                },
                {
                  "title": "should have proper text sizes",
                  "fullTitle": "Responsive Design Tests Mobile Medium (375x667) should have proper text sizes",
                  "timedOut": null,
                  "duration": 2347,
                  "state": "passed",
                  "speed": "fast",
                  "pass": true,
                  "fail": false,
                  "pending": false,
                  "context": null,
                  "code": "cy.get('h1').should('have.css', 'font-size').and('match', /(1[6-9]|[2-9][0-9])px/);\ncy.get('p').should('have.css', 'font-size').and('match', /(1[4-9]|[2-9][0-9])px/);",
                  "err": {},
                  "uuid": "025e211b-f7fa-4fda-b228-06ed1724e162",
                  "parentUUID": "0fd4739b-21ab-45f1-9e80-a29bae3ded51",
                  "isHook": false,
                  "skipped": false
                },
                {
                  "title": "should have proper spacing",
                  "fullTitle": "Responsive Design Tests Mobile Medium (375x667) should have proper spacing",
                  "timedOut": null,
                  "duration": 14127,
                  "state": "failed",
                  "speed": null,
                  "pass": false,
                  "fail": true,
                  "pending": false,
                  "context": null,
                  "code": "cy.get('[data-testid=\"main-content\"]').should('have.css', 'padding');\ncy.get('[data-testid=\"main-content\"]').should('have.css', 'margin');",
                  "err": {
                    "message": "AssertionError: Timed out retrying after 12000ms: Expected to find element: `[data-testid=\"main-content\"]`, but never found it.",
                    "estack": "AssertionError: Timed out retrying after 12000ms: Expected to find element: `[data-testid=\"main-content\"]`, but never found it.\n    at Context.eval (webpack://vite-react-typescript-starter/./cypress/e2e/responsive.cy.ts:81:47)",
                    "diff": null
                  },
                  "uuid": "16847d02-474c-4b46-aed5-5c1068eebd67",
                  "parentUUID": "0fd4739b-21ab-45f1-9e80-a29bae3ded51",
                  "isHook": false,
                  "skipped": false
                }
              ],
              "suites": [],
              "passes": [
                "de883b76-fbaf-43d8-bfcb-f606b3eb8afa",
                "719b2233-813c-4690-94c8-317ce4be25bd",
                "025e211b-f7fa-4fda-b228-06ed1724e162"
              ],
              "failures": [
                "80f91458-f258-4cb5-af3f-7d2ae3f6cf0f",
                "a4cdf3ad-4da4-47c2-8b47-b1041e2137c2",
                "16847d02-474c-4b46-aed5-5c1068eebd67"
              ],
              "pending": [],
              "skipped": [],
              "duration": 49700,
              "root": false,
              "rootEmpty": false,
              "_timeout": 2000
            },
            {
              "uuid": "b88cc8d2-275b-4670-ab35-f518ab6a3aed",
              "title": "Mobile Large (414x896)",
              "fullFile": "",
              "file": "",
              "beforeHooks": [],
              "afterHooks": [],
              "tests": [
                {
                  "title": "should display the page without horizontal scroll",
                  "fullTitle": "Responsive Design Tests Mobile Large (414x896) should display the page without horizontal scroll",
                  "timedOut": null,
                  "duration": 2958,
                  "state": "passed",
                  "speed": "fast",
                  "pass": true,
                  "fail": false,
                  "pending": false,
                  "context": null,
                  "code": "cy.get('body').should('not.have.css', 'overflow-x', 'scroll');\ncy.get('html').should('not.have.css', 'overflow-x', 'scroll');",
                  "err": {},
                  "uuid": "fd1da91e-09f8-4fac-bdb8-0f7ce256b38b",
                  "parentUUID": "b88cc8d2-275b-4670-ab35-f518ab6a3aed",
                  "isHook": false,
                  "skipped": false
                },
                {
                  "title": "should have proper navigation layout",
                  "fullTitle": "Responsive Design Tests Mobile Large (414x896) should have proper navigation layout",
                  "timedOut": null,
                  "duration": 14120,
                  "state": "failed",
                  "speed": null,
                  "pass": false,
                  "fail": true,
                  "pending": false,
                  "context": null,
                  "code": "if (width < 768) {\n    // Mobile: should have hamburger menu\n    cy.get('[data-testid=\"hamburger-menu\"]').should('be.visible');\n    cy.get('[data-testid=\"desktop-nav\"]').should('not.be.visible');\n}\nelse {\n    // Desktop: should have desktop navigation\n    cy.get('[data-testid=\"desktop-nav\"]').should('be.visible');\n    cy.get('[data-testid=\"hamburger-menu\"]').should('not.be.visible');\n}",
                  "err": {
                    "message": "AssertionError: Timed out retrying after 12000ms: Expected to find element: `[data-testid=\"hamburger-menu\"]`, but never found it.",
                    "estack": "AssertionError: Timed out retrying after 12000ms: Expected to find element: `[data-testid=\"hamburger-menu\"]`, but never found it.\n    at Context.eval (webpack://vite-react-typescript-starter/./cypress/e2e/responsive.cy.ts:45:51)",
                    "diff": null
                  },
                  "uuid": "4b4a61d6-92e7-408d-91a8-be4e43b169cd",
                  "parentUUID": "b88cc8d2-275b-4670-ab35-f518ab6a3aed",
                  "isHook": false,
                  "skipped": false
                },
                {
                  "title": "should have proper search bar layout",
                  "fullTitle": "Responsive Design Tests Mobile Large (414x896) should have proper search bar layout",
                  "timedOut": null,
                  "duration": 15300,
                  "state": "failed",
                  "speed": null,
                  "pass": false,
                  "fail": true,
                  "pending": false,
                  "context": null,
                  "code": "if (width < 768) {\n    // Mobile: search should be hidden or in different location\n    cy.get('[data-testid=\"search-bar\"]').should('not.be.visible');\n    cy.get('[data-testid=\"search-icon\"]').should('be.visible');\n}\nelse {\n    // Desktop: search bar should be visible\n    cy.get('[data-testid=\"search-bar\"]').should('be.visible');\n}",
                  "err": {
                    "message": "AssertionError: Timed out retrying after 12000ms: Expected to find element: `[data-testid=\"search-bar\"]`, but never found it.",
                    "estack": "AssertionError: Timed out retrying after 12000ms: Expected to find element: `[data-testid=\"search-bar\"]`, but never found it.\n    at Context.eval (webpack://vite-react-typescript-starter/./cypress/e2e/responsive.cy.ts:57:47)",
                    "diff": null
                  },
                  "uuid": "c903a311-e8d5-4f52-98a2-c08aceaaebb4",
                  "parentUUID": "b88cc8d2-275b-4670-ab35-f518ab6a3aed",
                  "isHook": false,
                  "skipped": false
                },
                {
                  "title": "should have proper button sizes (minimum 44px)",
                  "fullTitle": "Responsive Design Tests Mobile Large (414x896) should have proper button sizes (minimum 44px)",
                  "timedOut": null,
                  "duration": 2915,
                  "state": "passed",
                  "speed": "fast",
                  "pass": true,
                  "fail": false,
                  "pending": false,
                  "context": null,
                  "code": "cy.get('button').each(function ($button) {\n    cy.wrap($button).should(function ($el) {\n        var rect = $el[0].getBoundingClientRect();\n        expect(rect.height).to.be.at.least(44);\n        expect(rect.width).to.be.at.least(44);\n    });\n});",
                  "err": {},
                  "uuid": "884bd36c-dc41-4ee2-83c2-b0bf13966b28",
                  "parentUUID": "b88cc8d2-275b-4670-ab35-f518ab6a3aed",
                  "isHook": false,
                  "skipped": false
                },
                {
                  "title": "should have proper text sizes",
                  "fullTitle": "Responsive Design Tests Mobile Large (414x896) should have proper text sizes",
                  "timedOut": null,
                  "duration": 2744,
                  "state": "passed",
                  "speed": "fast",
                  "pass": true,
                  "fail": false,
                  "pending": false,
                  "context": null,
                  "code": "cy.get('h1').should('have.css', 'font-size').and('match', /(1[6-9]|[2-9][0-9])px/);\ncy.get('p').should('have.css', 'font-size').and('match', /(1[4-9]|[2-9][0-9])px/);",
                  "err": {},
                  "uuid": "80cae280-5cea-4f7a-8ac4-03d52eec9083",
                  "parentUUID": "b88cc8d2-275b-4670-ab35-f518ab6a3aed",
                  "isHook": false,
                  "skipped": false
                },
                {
                  "title": "should have proper spacing",
                  "fullTitle": "Responsive Design Tests Mobile Large (414x896) should have proper spacing",
                  "timedOut": null,
                  "duration": 14810,
                  "state": "failed",
                  "speed": null,
                  "pass": false,
                  "fail": true,
                  "pending": false,
                  "context": null,
                  "code": "cy.get('[data-testid=\"main-content\"]').should('have.css', 'padding');\ncy.get('[data-testid=\"main-content\"]').should('have.css', 'margin');",
                  "err": {
                    "message": "AssertionError: Timed out retrying after 12000ms: Expected to find element: `[data-testid=\"main-content\"]`, but never found it.",
                    "estack": "AssertionError: Timed out retrying after 12000ms: Expected to find element: `[data-testid=\"main-content\"]`, but never found it.\n    at Context.eval (webpack://vite-react-typescript-starter/./cypress/e2e/responsive.cy.ts:81:47)",
                    "diff": null
                  },
                  "uuid": "c2adedbf-10bc-4f73-9528-303bb980fd4e",
                  "parentUUID": "b88cc8d2-275b-4670-ab35-f518ab6a3aed",
                  "isHook": false,
                  "skipped": false
                }
              ],
              "suites": [],
              "passes": [
                "fd1da91e-09f8-4fac-bdb8-0f7ce256b38b",
                "884bd36c-dc41-4ee2-83c2-b0bf13966b28",
                "80cae280-5cea-4f7a-8ac4-03d52eec9083"
              ],
              "failures": [
                "4b4a61d6-92e7-408d-91a8-be4e43b169cd",
                "c903a311-e8d5-4f52-98a2-c08aceaaebb4",
                "c2adedbf-10bc-4f73-9528-303bb980fd4e"
              ],
              "pending": [],
              "skipped": [],
              "duration": 52847,
              "root": false,
              "rootEmpty": false,
              "_timeout": 2000
            },
            {
              "uuid": "c7736822-0569-4b5c-9ec8-68d5d0c5faa8",
              "title": "Tablet (768x1024)",
              "fullFile": "",
              "file": "",
              "beforeHooks": [],
              "afterHooks": [],
              "tests": [
                {
                  "title": "should display the page without horizontal scroll",
                  "fullTitle": "Responsive Design Tests Tablet (768x1024) should display the page without horizontal scroll",
                  "timedOut": null,
                  "duration": 2037,
                  "state": "passed",
                  "speed": "fast",
                  "pass": true,
                  "fail": false,
                  "pending": false,
                  "context": null,
                  "code": "cy.get('body').should('not.have.css', 'overflow-x', 'scroll');\ncy.get('html').should('not.have.css', 'overflow-x', 'scroll');",
                  "err": {},
                  "uuid": "2bd4816a-c393-4821-91f2-7e23c34d4500",
                  "parentUUID": "c7736822-0569-4b5c-9ec8-68d5d0c5faa8",
                  "isHook": false,
                  "skipped": false
                },
                {
                  "title": "should have proper navigation layout",
                  "fullTitle": "Responsive Design Tests Tablet (768x1024) should have proper navigation layout",
                  "timedOut": null,
                  "duration": 14664,
                  "state": "failed",
                  "speed": null,
                  "pass": false,
                  "fail": true,
                  "pending": false,
                  "context": null,
                  "code": "if (width < 768) {\n    // Mobile: should have hamburger menu\n    cy.get('[data-testid=\"hamburger-menu\"]').should('be.visible');\n    cy.get('[data-testid=\"desktop-nav\"]').should('not.be.visible');\n}\nelse {\n    // Desktop: should have desktop navigation\n    cy.get('[data-testid=\"desktop-nav\"]').should('be.visible');\n    cy.get('[data-testid=\"hamburger-menu\"]').should('not.be.visible');\n}",
                  "err": {
                    "message": "AssertionError: Timed out retrying after 12000ms: Expected to find element: `[data-testid=\"desktop-nav\"]`, but never found it.",
                    "estack": "AssertionError: Timed out retrying after 12000ms: Expected to find element: `[data-testid=\"desktop-nav\"]`, but never found it.\n    at Context.eval (webpack://vite-react-typescript-starter/./cypress/e2e/responsive.cy.ts:49:48)",
                    "diff": null
                  },
                  "uuid": "a2b3c568-89e3-40de-97ef-f60dd0df3d2d",
                  "parentUUID": "c7736822-0569-4b5c-9ec8-68d5d0c5faa8",
                  "isHook": false,
                  "skipped": false
                },
                {
                  "title": "should have proper search bar layout",
                  "fullTitle": "Responsive Design Tests Tablet (768x1024) should have proper search bar layout",
                  "timedOut": null,
                  "duration": 14357,
                  "state": "failed",
                  "speed": null,
                  "pass": false,
                  "fail": true,
                  "pending": false,
                  "context": null,
                  "code": "if (width < 768) {\n    // Mobile: search should be hidden or in different location\n    cy.get('[data-testid=\"search-bar\"]').should('not.be.visible');\n    cy.get('[data-testid=\"search-icon\"]').should('be.visible');\n}\nelse {\n    // Desktop: search bar should be visible\n    cy.get('[data-testid=\"search-bar\"]').should('be.visible');\n}",
                  "err": {
                    "message": "AssertionError: Timed out retrying after 12000ms: Expected to find element: `[data-testid=\"search-bar\"]`, but never found it.",
                    "estack": "AssertionError: Timed out retrying after 12000ms: Expected to find element: `[data-testid=\"search-bar\"]`, but never found it.\n    at Context.eval (webpack://vite-react-typescript-starter/./cypress/e2e/responsive.cy.ts:61:47)",
                    "diff": null
                  },
                  "uuid": "a0bed914-1ba5-4529-b1ae-7b1cccb70345",
                  "parentUUID": "c7736822-0569-4b5c-9ec8-68d5d0c5faa8",
                  "isHook": false,
                  "skipped": false
                },
                {
                  "title": "should have proper button sizes (minimum 44px)",
                  "fullTitle": "Responsive Design Tests Tablet (768x1024) should have proper button sizes (minimum 44px)",
                  "timedOut": null,
                  "duration": 3064,
                  "state": "passed",
                  "speed": "fast",
                  "pass": true,
                  "fail": false,
                  "pending": false,
                  "context": null,
                  "code": "cy.get('button').each(function ($button) {\n    cy.wrap($button).should(function ($el) {\n        var rect = $el[0].getBoundingClientRect();\n        expect(rect.height).to.be.at.least(44);\n        expect(rect.width).to.be.at.least(44);\n    });\n});",
                  "err": {},
                  "uuid": "83fc0ea9-ebbf-44fc-ab67-7ff1d71c9400",
                  "parentUUID": "c7736822-0569-4b5c-9ec8-68d5d0c5faa8",
                  "isHook": false,
                  "skipped": false
                },
                {
                  "title": "should have proper text sizes",
                  "fullTitle": "Responsive Design Tests Tablet (768x1024) should have proper text sizes",
                  "timedOut": null,
                  "duration": 2981,
                  "state": "passed",
                  "speed": "fast",
                  "pass": true,
                  "fail": false,
                  "pending": false,
                  "context": null,
                  "code": "cy.get('h1').should('have.css', 'font-size').and('match', /(1[6-9]|[2-9][0-9])px/);\ncy.get('p').should('have.css', 'font-size').and('match', /(1[4-9]|[2-9][0-9])px/);",
                  "err": {},
                  "uuid": "01a031f4-4f4f-444a-ad26-b2fbe994705f",
                  "parentUUID": "c7736822-0569-4b5c-9ec8-68d5d0c5faa8",
                  "isHook": false,
                  "skipped": false
                },
                {
                  "title": "should have proper spacing",
                  "fullTitle": "Responsive Design Tests Tablet (768x1024) should have proper spacing",
                  "timedOut": null,
                  "duration": 14179,
                  "state": "failed",
                  "speed": null,
                  "pass": false,
                  "fail": true,
                  "pending": false,
                  "context": null,
                  "code": "cy.get('[data-testid=\"main-content\"]').should('have.css', 'padding');\ncy.get('[data-testid=\"main-content\"]').should('have.css', 'margin');",
                  "err": {
                    "message": "AssertionError: Timed out retrying after 12000ms: Expected to find element: `[data-testid=\"main-content\"]`, but never found it.",
                    "estack": "AssertionError: Timed out retrying after 12000ms: Expected to find element: `[data-testid=\"main-content\"]`, but never found it.\n    at Context.eval (webpack://vite-react-typescript-starter/./cypress/e2e/responsive.cy.ts:81:47)",
                    "diff": null
                  },
                  "uuid": "7984bec9-007f-4604-b43d-a6327cb336c3",
                  "parentUUID": "c7736822-0569-4b5c-9ec8-68d5d0c5faa8",
                  "isHook": false,
                  "skipped": false
                }
              ],
              "suites": [],
              "passes": [
                "2bd4816a-c393-4821-91f2-7e23c34d4500",
                "83fc0ea9-ebbf-44fc-ab67-7ff1d71c9400",
                "01a031f4-4f4f-444a-ad26-b2fbe994705f"
              ],
              "failures": [
                "a2b3c568-89e3-40de-97ef-f60dd0df3d2d",
                "a0bed914-1ba5-4529-b1ae-7b1cccb70345",
                "7984bec9-007f-4604-b43d-a6327cb336c3"
              ],
              "pending": [],
              "skipped": [],
              "duration": 51282,
              "root": false,
              "rootEmpty": false,
              "_timeout": 2000
            },
            {
              "uuid": "342970bf-5fef-4b8f-bfe2-7c843dc397a0",
              "title": "Desktop Small (1024x768)",
              "fullFile": "",
              "file": "",
              "beforeHooks": [],
              "afterHooks": [],
              "tests": [
                {
                  "title": "should display the page without horizontal scroll",
                  "fullTitle": "Responsive Design Tests Desktop Small (1024x768) should display the page without horizontal scroll",
                  "timedOut": null,
                  "duration": 2660,
                  "state": "passed",
                  "speed": "fast",
                  "pass": true,
                  "fail": false,
                  "pending": false,
                  "context": null,
                  "code": "cy.get('body').should('not.have.css', 'overflow-x', 'scroll');\ncy.get('html').should('not.have.css', 'overflow-x', 'scroll');",
                  "err": {},
                  "uuid": "36e2c82a-d118-4c19-8e47-6f6d2dda5eeb",
                  "parentUUID": "342970bf-5fef-4b8f-bfe2-7c843dc397a0",
                  "isHook": false,
                  "skipped": false
                },
                {
                  "title": "should have proper navigation layout",
                  "fullTitle": "Responsive Design Tests Desktop Small (1024x768) should have proper navigation layout",
                  "timedOut": null,
                  "duration": 13913,
                  "state": "failed",
                  "speed": null,
                  "pass": false,
                  "fail": true,
                  "pending": false,
                  "context": null,
                  "code": "if (width < 768) {\n    // Mobile: should have hamburger menu\n    cy.get('[data-testid=\"hamburger-menu\"]').should('be.visible');\n    cy.get('[data-testid=\"desktop-nav\"]').should('not.be.visible');\n}\nelse {\n    // Desktop: should have desktop navigation\n    cy.get('[data-testid=\"desktop-nav\"]').should('be.visible');\n    cy.get('[data-testid=\"hamburger-menu\"]').should('not.be.visible');\n}",
                  "err": {
                    "message": "AssertionError: Timed out retrying after 12000ms: Expected to find element: `[data-testid=\"desktop-nav\"]`, but never found it.",
                    "estack": "AssertionError: Timed out retrying after 12000ms: Expected to find element: `[data-testid=\"desktop-nav\"]`, but never found it.\n    at Context.eval (webpack://vite-react-typescript-starter/./cypress/e2e/responsive.cy.ts:49:48)",
                    "diff": null
                  },
                  "uuid": "07b779ef-18b4-43ed-813b-27e078efce20",
                  "parentUUID": "342970bf-5fef-4b8f-bfe2-7c843dc397a0",
                  "isHook": false,
                  "skipped": false
                },
                {
                  "title": "should have proper search bar layout",
                  "fullTitle": "Responsive Design Tests Desktop Small (1024x768) should have proper search bar layout",
                  "timedOut": null,
                  "duration": 12763,
                  "state": "failed",
                  "speed": null,
                  "pass": false,
                  "fail": true,
                  "pending": false,
                  "context": null,
                  "code": "if (width < 768) {\n    // Mobile: search should be hidden or in different location\n    cy.get('[data-testid=\"search-bar\"]').should('not.be.visible');\n    cy.get('[data-testid=\"search-icon\"]').should('be.visible');\n}\nelse {\n    // Desktop: search bar should be visible\n    cy.get('[data-testid=\"search-bar\"]').should('be.visible');\n}",
                  "err": {
                    "message": "AssertionError: Timed out retrying after 12000ms: Expected to find element: `[data-testid=\"search-bar\"]`, but never found it.",
                    "estack": "AssertionError: Timed out retrying after 12000ms: Expected to find element: `[data-testid=\"search-bar\"]`, but never found it.\n    at Context.eval (webpack://vite-react-typescript-starter/./cypress/e2e/responsive.cy.ts:61:47)",
                    "diff": null
                  },
                  "uuid": "5bdb4543-8f7a-4ad9-8593-99e86d55268c",
                  "parentUUID": "342970bf-5fef-4b8f-bfe2-7c843dc397a0",
                  "isHook": false,
                  "skipped": false
                },
                {
                  "title": "should have proper button sizes (minimum 44px)",
                  "fullTitle": "Responsive Design Tests Desktop Small (1024x768) should have proper button sizes (minimum 44px)",
                  "timedOut": null,
                  "duration": 3123,
                  "state": "passed",
                  "speed": "fast",
                  "pass": true,
                  "fail": false,
                  "pending": false,
                  "context": null,
                  "code": "cy.get('button').each(function ($button) {\n    cy.wrap($button).should(function ($el) {\n        var rect = $el[0].getBoundingClientRect();\n        expect(rect.height).to.be.at.least(44);\n        expect(rect.width).to.be.at.least(44);\n    });\n});",
                  "err": {},
                  "uuid": "cf5caf7e-ce40-4d2f-a111-710f3645759a",
                  "parentUUID": "342970bf-5fef-4b8f-bfe2-7c843dc397a0",
                  "isHook": false,
                  "skipped": false
                },
                {
                  "title": "should have proper text sizes",
                  "fullTitle": "Responsive Design Tests Desktop Small (1024x768) should have proper text sizes",
                  "timedOut": null,
                  "duration": 2593,
                  "state": "passed",
                  "speed": "fast",
                  "pass": true,
                  "fail": false,
                  "pending": false,
                  "context": null,
                  "code": "cy.get('h1').should('have.css', 'font-size').and('match', /(1[6-9]|[2-9][0-9])px/);\ncy.get('p').should('have.css', 'font-size').and('match', /(1[4-9]|[2-9][0-9])px/);",
                  "err": {},
                  "uuid": "970b07c3-7dc5-4b5e-bbd7-77d591934616",
                  "parentUUID": "342970bf-5fef-4b8f-bfe2-7c843dc397a0",
                  "isHook": false,
                  "skipped": false
                },
                {
                  "title": "should have proper spacing",
                  "fullTitle": "Responsive Design Tests Desktop Small (1024x768) should have proper spacing",
                  "timedOut": null,
                  "duration": 14209,
                  "state": "failed",
                  "speed": null,
                  "pass": false,
                  "fail": true,
                  "pending": false,
                  "context": null,
                  "code": "cy.get('[data-testid=\"main-content\"]').should('have.css', 'padding');\ncy.get('[data-testid=\"main-content\"]').should('have.css', 'margin');",
                  "err": {
                    "message": "AssertionError: Timed out retrying after 12000ms: Expected to find element: `[data-testid=\"main-content\"]`, but never found it.",
                    "estack": "AssertionError: Timed out retrying after 12000ms: Expected to find element: `[data-testid=\"main-content\"]`, but never found it.\n    at Context.eval (webpack://vite-react-typescript-starter/./cypress/e2e/responsive.cy.ts:81:47)",
                    "diff": null
                  },
                  "uuid": "1c2e6e1a-5889-4ba6-b026-b73ecbf1521a",
                  "parentUUID": "342970bf-5fef-4b8f-bfe2-7c843dc397a0",
                  "isHook": false,
                  "skipped": false
                }
              ],
              "suites": [],
              "passes": [
                "36e2c82a-d118-4c19-8e47-6f6d2dda5eeb",
                "cf5caf7e-ce40-4d2f-a111-710f3645759a",
                "970b07c3-7dc5-4b5e-bbd7-77d591934616"
              ],
              "failures": [
                "07b779ef-18b4-43ed-813b-27e078efce20",
                "5bdb4543-8f7a-4ad9-8593-99e86d55268c",
                "1c2e6e1a-5889-4ba6-b026-b73ecbf1521a"
              ],
              "pending": [],
              "skipped": [],
              "duration": 49261,
              "root": false,
              "rootEmpty": false,
              "_timeout": 2000
            },
            {
              "uuid": "9a70cc98-38a1-4371-9d99-f9f328245d1f",
              "title": "Desktop Large (1440x900)",
              "fullFile": "",
              "file": "",
              "beforeHooks": [],
              "afterHooks": [],
              "tests": [
                {
                  "title": "should display the page without horizontal scroll",
                  "fullTitle": "Responsive Design Tests Desktop Large (1440x900) should display the page without horizontal scroll",
                  "timedOut": null,
                  "duration": 2756,
                  "state": "passed",
                  "speed": "fast",
                  "pass": true,
                  "fail": false,
                  "pending": false,
                  "context": null,
                  "code": "cy.get('body').should('not.have.css', 'overflow-x', 'scroll');\ncy.get('html').should('not.have.css', 'overflow-x', 'scroll');",
                  "err": {},
                  "uuid": "cddc2f95-e09f-466d-860e-72bf7cbc2075",
                  "parentUUID": "9a70cc98-38a1-4371-9d99-f9f328245d1f",
                  "isHook": false,
                  "skipped": false
                },
                {
                  "title": "should have proper navigation layout",
                  "fullTitle": "Responsive Design Tests Desktop Large (1440x900) should have proper navigation layout",
                  "timedOut": null,
                  "duration": 14603,
                  "state": "failed",
                  "speed": null,
                  "pass": false,
                  "fail": true,
                  "pending": false,
                  "context": null,
                  "code": "if (width < 768) {\n    // Mobile: should have hamburger menu\n    cy.get('[data-testid=\"hamburger-menu\"]').should('be.visible');\n    cy.get('[data-testid=\"desktop-nav\"]').should('not.be.visible');\n}\nelse {\n    // Desktop: should have desktop navigation\n    cy.get('[data-testid=\"desktop-nav\"]').should('be.visible');\n    cy.get('[data-testid=\"hamburger-menu\"]').should('not.be.visible');\n}",
                  "err": {
                    "message": "AssertionError: Timed out retrying after 12000ms: Expected to find element: `[data-testid=\"desktop-nav\"]`, but never found it.",
                    "estack": "AssertionError: Timed out retrying after 12000ms: Expected to find element: `[data-testid=\"desktop-nav\"]`, but never found it.\n    at Context.eval (webpack://vite-react-typescript-starter/./cypress/e2e/responsive.cy.ts:49:48)",
                    "diff": null
                  },
                  "uuid": "7d65d7a9-2faf-47b5-ad2a-56a18778634e",
                  "parentUUID": "9a70cc98-38a1-4371-9d99-f9f328245d1f",
                  "isHook": false,
                  "skipped": false
                },
                {
                  "title": "should have proper search bar layout",
                  "fullTitle": "Responsive Design Tests Desktop Large (1440x900) should have proper search bar layout",
                  "timedOut": null,
                  "duration": 14112,
                  "state": "failed",
                  "speed": null,
                  "pass": false,
                  "fail": true,
                  "pending": false,
                  "context": null,
                  "code": "if (width < 768) {\n    // Mobile: search should be hidden or in different location\n    cy.get('[data-testid=\"search-bar\"]').should('not.be.visible');\n    cy.get('[data-testid=\"search-icon\"]').should('be.visible');\n}\nelse {\n    // Desktop: search bar should be visible\n    cy.get('[data-testid=\"search-bar\"]').should('be.visible');\n}",
                  "err": {
                    "message": "AssertionError: Timed out retrying after 12000ms: Expected to find element: `[data-testid=\"search-bar\"]`, but never found it.",
                    "estack": "AssertionError: Timed out retrying after 12000ms: Expected to find element: `[data-testid=\"search-bar\"]`, but never found it.\n    at Context.eval (webpack://vite-react-typescript-starter/./cypress/e2e/responsive.cy.ts:61:47)",
                    "diff": null
                  },
                  "uuid": "4a886424-a7be-405b-8ad5-f8f733b2ed29",
                  "parentUUID": "9a70cc98-38a1-4371-9d99-f9f328245d1f",
                  "isHook": false,
                  "skipped": false
                },
                {
                  "title": "should have proper button sizes (minimum 44px)",
                  "fullTitle": "Responsive Design Tests Desktop Large (1440x900) should have proper button sizes (minimum 44px)",
                  "timedOut": null,
                  "duration": 2436,
                  "state": "passed",
                  "speed": "fast",
                  "pass": true,
                  "fail": false,
                  "pending": false,
                  "context": null,
                  "code": "cy.get('button').each(function ($button) {\n    cy.wrap($button).should(function ($el) {\n        var rect = $el[0].getBoundingClientRect();\n        expect(rect.height).to.be.at.least(44);\n        expect(rect.width).to.be.at.least(44);\n    });\n});",
                  "err": {},
                  "uuid": "55b36e03-b04c-44af-bafe-a9d5cf911f2d",
                  "parentUUID": "9a70cc98-38a1-4371-9d99-f9f328245d1f",
                  "isHook": false,
                  "skipped": false
                },
                {
                  "title": "should have proper text sizes",
                  "fullTitle": "Responsive Design Tests Desktop Large (1440x900) should have proper text sizes",
                  "timedOut": null,
                  "duration": 2466,
                  "state": "passed",
                  "speed": "fast",
                  "pass": true,
                  "fail": false,
                  "pending": false,
                  "context": null,
                  "code": "cy.get('h1').should('have.css', 'font-size').and('match', /(1[6-9]|[2-9][0-9])px/);\ncy.get('p').should('have.css', 'font-size').and('match', /(1[4-9]|[2-9][0-9])px/);",
                  "err": {},
                  "uuid": "41dda867-ed9b-41e0-a5ae-ad7033289c68",
                  "parentUUID": "9a70cc98-38a1-4371-9d99-f9f328245d1f",
                  "isHook": false,
                  "skipped": false
                },
                {
                  "title": "should have proper spacing",
                  "fullTitle": "Responsive Design Tests Desktop Large (1440x900) should have proper spacing",
                  "timedOut": null,
                  "duration": 14255,
                  "state": "failed",
                  "speed": null,
                  "pass": false,
                  "fail": true,
                  "pending": false,
                  "context": null,
                  "code": "cy.get('[data-testid=\"main-content\"]').should('have.css', 'padding');\ncy.get('[data-testid=\"main-content\"]').should('have.css', 'margin');",
                  "err": {
                    "message": "AssertionError: Timed out retrying after 12000ms: Expected to find element: `[data-testid=\"main-content\"]`, but never found it.",
                    "estack": "AssertionError: Timed out retrying after 12000ms: Expected to find element: `[data-testid=\"main-content\"]`, but never found it.\n    at Context.eval (webpack://vite-react-typescript-starter/./cypress/e2e/responsive.cy.ts:81:47)",
                    "diff": null
                  },
                  "uuid": "9f90bf6a-5b67-4921-af2b-6ca9d2d1e7fd",
                  "parentUUID": "9a70cc98-38a1-4371-9d99-f9f328245d1f",
                  "isHook": false,
                  "skipped": false
                }
              ],
              "suites": [],
              "passes": [
                "cddc2f95-e09f-466d-860e-72bf7cbc2075",
                "55b36e03-b04c-44af-bafe-a9d5cf911f2d",
                "41dda867-ed9b-41e0-a5ae-ad7033289c68"
              ],
              "failures": [
                "7d65d7a9-2faf-47b5-ad2a-56a18778634e",
                "4a886424-a7be-405b-8ad5-f8f733b2ed29",
                "9f90bf6a-5b67-4921-af2b-6ca9d2d1e7fd"
              ],
              "pending": [],
              "skipped": [],
              "duration": 50628,
              "root": false,
              "rootEmpty": false,
              "_timeout": 2000
            },
            {
              "uuid": "932b3bd4-5197-4102-ab95-db79712d09d8",
              "title": "Mobile Navigation Tests",
              "fullFile": "",
              "file": "",
              "beforeHooks": [],
              "afterHooks": [],
              "tests": [
                {
                  "title": "should open mobile drawer when hamburger menu is clicked",
                  "fullTitle": "Responsive Design Tests Mobile Navigation Tests should open mobile drawer when hamburger menu is clicked",
                  "timedOut": null,
                  "duration": 14376,
                  "state": "failed",
                  "speed": null,
                  "pass": false,
                  "fail": true,
                  "pending": false,
                  "context": null,
                  "code": "cy.get('[data-testid=\"hamburger-menu\"]').click();\ncy.get('[data-testid=\"mobile-drawer\"]').should('have.attr', 'aria-hidden', 'false');",
                  "err": {
                    "message": "AssertionError: Timed out retrying after 12000ms: Expected to find element: `[data-testid=\"hamburger-menu\"]`, but never found it.",
                    "estack": "AssertionError: Timed out retrying after 12000ms: Expected to find element: `[data-testid=\"hamburger-menu\"]`, but never found it.\n    at Context.eval (webpack://vite-react-typescript-starter/./cypress/e2e/responsive.cy.ts:94:9)",
                    "diff": null
                  },
                  "uuid": "9a6fe304-9903-4fe9-9333-7a23f7c1d41e",
                  "parentUUID": "932b3bd4-5197-4102-ab95-db79712d09d8",
                  "isHook": false,
                  "skipped": false
                },
                {
                  "title": "should close mobile drawer when backdrop is clicked",
                  "fullTitle": "Responsive Design Tests Mobile Navigation Tests should close mobile drawer when backdrop is clicked",
                  "timedOut": null,
                  "duration": 14950,
                  "state": "failed",
                  "speed": null,
                  "pass": false,
                  "fail": true,
                  "pending": false,
                  "context": null,
                  "code": "cy.get('[data-testid=\"hamburger-menu\"]').click();\ncy.get('[data-testid=\"mobile-drawer\"]').should('have.attr', 'aria-hidden', 'false');\ncy.get('[data-testid=\"drawer-backdrop\"]').click({ force: true });\ncy.get('[data-testid=\"mobile-drawer\"]').should('have.attr', 'aria-hidden', 'true');",
                  "err": {
                    "message": "AssertionError: Timed out retrying after 12000ms: Expected to find element: `[data-testid=\"hamburger-menu\"]`, but never found it.",
                    "estack": "AssertionError: Timed out retrying after 12000ms: Expected to find element: `[data-testid=\"hamburger-menu\"]`, but never found it.\n    at Context.eval (webpack://vite-react-typescript-starter/./cypress/e2e/responsive.cy.ts:99:9)",
                    "diff": null
                  },
                  "uuid": "0393dd82-3470-4659-b179-9cc1af3788c8",
                  "parentUUID": "932b3bd4-5197-4102-ab95-db79712d09d8",
                  "isHook": false,
                  "skipped": false
                },
                {
                  "title": "should close mobile drawer when escape key is pressed",
                  "fullTitle": "Responsive Design Tests Mobile Navigation Tests should close mobile drawer when escape key is pressed",
                  "timedOut": null,
                  "duration": 14803,
                  "state": "failed",
                  "speed": null,
                  "pass": false,
                  "fail": true,
                  "pending": false,
                  "context": null,
                  "code": "cy.get('[data-testid=\"hamburger-menu\"]').click();\ncy.get('[data-testid=\"mobile-drawer\"]').should('have.attr', 'aria-hidden', 'false');\ncy.get('body').type('{esc}');\ncy.get('[data-testid=\"mobile-drawer\"]').should('have.attr', 'aria-hidden', 'true');",
                  "err": {
                    "message": "AssertionError: Timed out retrying after 12000ms: Expected to find element: `[data-testid=\"hamburger-menu\"]`, but never found it.",
                    "estack": "AssertionError: Timed out retrying after 12000ms: Expected to find element: `[data-testid=\"hamburger-menu\"]`, but never found it.\n    at Context.eval (webpack://vite-react-typescript-starter/./cypress/e2e/responsive.cy.ts:106:9)",
                    "diff": null
                  },
                  "uuid": "339a8a51-11e2-4d54-b0aa-be16f27083d4",
                  "parentUUID": "932b3bd4-5197-4102-ab95-db79712d09d8",
                  "isHook": false,
                  "skipped": false
                },
                {
                  "title": "should navigate to correct page when menu item is clicked",
                  "fullTitle": "Responsive Design Tests Mobile Navigation Tests should navigate to correct page when menu item is clicked",
                  "timedOut": null,
                  "duration": 14716,
                  "state": "failed",
                  "speed": null,
                  "pass": false,
                  "fail": true,
                  "pending": false,
                  "context": null,
                  "code": "cy.get('[data-testid=\"hamburger-menu\"]').click();\ncy.get('[data-testid=\"mobile-drawer\"]').should('have.attr', 'aria-hidden', 'false');\ncy.get('[data-testid=\"nav-schedule\"]').click();\ncy.url().should('include', '/schedule');\ncy.get('[data-testid=\"mobile-drawer\"]').should('have.attr', 'aria-hidden', 'true');",
                  "err": {
                    "message": "AssertionError: Timed out retrying after 12000ms: Expected to find element: `[data-testid=\"hamburger-menu\"]`, but never found it.",
                    "estack": "AssertionError: Timed out retrying after 12000ms: Expected to find element: `[data-testid=\"hamburger-menu\"]`, but never found it.\n    at Context.eval (webpack://vite-react-typescript-starter/./cypress/e2e/responsive.cy.ts:113:9)",
                    "diff": null
                  },
                  "uuid": "dc1e4565-d2f7-453b-afef-99bab54ec881",
                  "parentUUID": "932b3bd4-5197-4102-ab95-db79712d09d8",
                  "isHook": false,
                  "skipped": false
                }
              ],
              "suites": [],
              "passes": [],
              "failures": [
                "9a6fe304-9903-4fe9-9333-7a23f7c1d41e",
                "0393dd82-3470-4659-b179-9cc1af3788c8",
                "339a8a51-11e2-4d54-b0aa-be16f27083d4",
                "dc1e4565-d2f7-453b-afef-99bab54ec881"
              ],
              "pending": [],
              "skipped": [],
              "duration": 58845,
              "root": false,
              "rootEmpty": false,
              "_timeout": 2000
            },
            {
              "uuid": "780fe488-4029-4a78-8e95-4e229291925f",
              "title": "Table Responsive Tests",
              "fullFile": "",
              "file": "",
              "beforeHooks": [],
              "afterHooks": [],
              "tests": [
                {
                  "title": "should display table as cards on mobile",
                  "fullTitle": "Responsive Design Tests Table Responsive Tests should display table as cards on mobile",
                  "timedOut": null,
                  "duration": 14685,
                  "state": "failed",
                  "speed": null,
                  "pass": false,
                  "fail": true,
                  "pending": false,
                  "context": null,
                  "code": "cy.viewport(375, 667);\ncy.get('[data-testid=\"responsive-table\"]').should('have.class', 'block');\ncy.get('[data-testid=\"table-cards\"]').should('be.visible');",
                  "err": {
                    "message": "AssertionError: Timed out retrying after 12000ms: Expected to find element: `[data-testid=\"responsive-table\"]`, but never found it.",
                    "estack": "AssertionError: Timed out retrying after 12000ms: Expected to find element: `[data-testid=\"responsive-table\"]`, but never found it.\n    at Context.eval (webpack://vite-react-typescript-starter/./cypress/e2e/responsive.cy.ts:128:49)",
                    "diff": null
                  },
                  "uuid": "31abbcf1-feff-4a32-ae7f-a51d2cbff282",
                  "parentUUID": "780fe488-4029-4a78-8e95-4e229291925f",
                  "isHook": false,
                  "skipped": false
                },
                {
                  "title": "should display table normally on desktop",
                  "fullTitle": "Responsive Design Tests Table Responsive Tests should display table normally on desktop",
                  "timedOut": null,
                  "duration": 14878,
                  "state": "failed",
                  "speed": null,
                  "pass": false,
                  "fail": true,
                  "pending": false,
                  "context": null,
                  "code": "cy.viewport(1024, 768);\ncy.get('[data-testid=\"responsive-table\"]').should('not.have.class', 'block');\ncy.get('[data-testid=\"table-cards\"]').should('not.be.visible');\ncy.get('table').should('be.visible');",
                  "err": {
                    "message": "AssertionError: Timed out retrying after 12000ms: Expected to find element: `[data-testid=\"responsive-table\"]`, but never found it.",
                    "estack": "AssertionError: Timed out retrying after 12000ms: Expected to find element: `[data-testid=\"responsive-table\"]`, but never found it.\n    at Context.eval (webpack://vite-react-typescript-starter/./cypress/e2e/responsive.cy.ts:134:49)",
                    "diff": null
                  },
                  "uuid": "1f23df2e-021d-4964-b29e-ba395e917546",
                  "parentUUID": "780fe488-4029-4a78-8e95-4e229291925f",
                  "isHook": false,
                  "skipped": false
                },
                {
                  "title": "should be horizontally scrollable on tablet",
                  "fullTitle": "Responsive Design Tests Table Responsive Tests should be horizontally scrollable on tablet",
                  "timedOut": null,
                  "duration": 14728,
                  "state": "failed",
                  "speed": null,
                  "pass": false,
                  "fail": true,
                  "pending": false,
                  "context": null,
                  "code": "cy.viewport(768, 1024);\ncy.get('[data-testid=\"table-container\"]').should('have.css', 'overflow-x', 'auto');",
                  "err": {
                    "message": "AssertionError: Timed out retrying after 12000ms: Expected to find element: `[data-testid=\"table-container\"]`, but never found it.",
                    "estack": "AssertionError: Timed out retrying after 12000ms: Expected to find element: `[data-testid=\"table-container\"]`, but never found it.\n    at Context.eval (webpack://vite-react-typescript-starter/./cypress/e2e/responsive.cy.ts:141:48)",
                    "diff": null
                  },
                  "uuid": "392f2813-a08d-46af-a6e8-68d8ae1e7cee",
                  "parentUUID": "780fe488-4029-4a78-8e95-4e229291925f",
                  "isHook": false,
                  "skipped": false
                }
              ],
              "suites": [],
              "passes": [],
              "failures": [
                "31abbcf1-feff-4a32-ae7f-a51d2cbff282",
                "1f23df2e-021d-4964-b29e-ba395e917546",
                "392f2813-a08d-46af-a6e8-68d8ae1e7cee"
              ],
              "pending": [],
              "skipped": [],
              "duration": 44291,
              "root": false,
              "rootEmpty": false,
              "_timeout": 2000
            },
            {
              "uuid": "3fad2da6-b1c5-40dd-b475-2eb9f920c5ee",
              "title": "Modal Responsive Tests",
              "fullFile": "",
              "file": "",
              "beforeHooks": [],
              "afterHooks": [],
              "tests": [
                {
                  "title": "should display modal full-screen on mobile",
                  "fullTitle": "Responsive Design Tests Modal Responsive Tests should display modal full-screen on mobile",
                  "timedOut": null,
                  "duration": 14676,
                  "state": "failed",
                  "speed": null,
                  "pass": false,
                  "fail": true,
                  "pending": false,
                  "context": null,
                  "code": "cy.viewport(375, 667);\ncy.get('[data-testid=\"sync-button\"]').click();\ncy.get('[data-testid=\"modal\"]').should('have.class', 'w-full');\ncy.get('[data-testid=\"modal\"]').should('have.class', 'h-full');\ncy.get('[data-testid=\"modal\"]').should('have.class', 'rounded-none');",
                  "err": {
                    "message": "AssertionError: Timed out retrying after 12000ms: Expected to find element: `[data-testid=\"sync-button\"]`, but never found it.",
                    "estack": "AssertionError: Timed out retrying after 12000ms: Expected to find element: `[data-testid=\"sync-button\"]`, but never found it.\n    at Context.eval (webpack://vite-react-typescript-starter/./cypress/e2e/responsive.cy.ts:152:9)",
                    "diff": null
                  },
                  "uuid": "70ccf475-f8f3-44c5-90d5-42e8078d8731",
                  "parentUUID": "3fad2da6-b1c5-40dd-b475-2eb9f920c5ee",
                  "isHook": false,
                  "skipped": false
                },
                {
                  "title": "should display modal normally on desktop",
                  "fullTitle": "Responsive Design Tests Modal Responsive Tests should display modal normally on desktop",
                  "timedOut": null,
                  "duration": 14536,
                  "state": "failed",
                  "speed": null,
                  "pass": false,
                  "fail": true,
                  "pending": false,
                  "context": null,
                  "code": "cy.viewport(1024, 768);\ncy.get('[data-testid=\"sync-button\"]').click();\ncy.get('[data-testid=\"modal\"]').should('not.have.class', 'w-full');\ncy.get('[data-testid=\"modal\"]').should('not.have.class', 'h-full');\ncy.get('[data-testid=\"modal\"]').should('not.have.class', 'rounded-none');",
                  "err": {
                    "message": "AssertionError: Timed out retrying after 12000ms: Expected to find element: `[data-testid=\"sync-button\"]`, but never found it.",
                    "estack": "AssertionError: Timed out retrying after 12000ms: Expected to find element: `[data-testid=\"sync-button\"]`, but never found it.\n    at Context.eval (webpack://vite-react-typescript-starter/./cypress/e2e/responsive.cy.ts:160:9)",
                    "diff": null
                  },
                  "uuid": "72492083-84a5-4fae-80c8-c376bb5322d3",
                  "parentUUID": "3fad2da6-b1c5-40dd-b475-2eb9f920c5ee",
                  "isHook": false,
                  "skipped": false
                }
              ],
              "suites": [],
              "passes": [],
              "failures": [
                "70ccf475-f8f3-44c5-90d5-42e8078d8731",
                "72492083-84a5-4fae-80c8-c376bb5322d3"
              ],
              "pending": [],
              "skipped": [],
              "duration": 29212,
              "root": false,
              "rootEmpty": false,
              "_timeout": 2000
            },
            {
              "uuid": "03f46025-aefd-4919-98de-0d140e46da8e",
              "title": "Form Responsive Tests",
              "fullFile": "",
              "file": "",
              "beforeHooks": [],
              "afterHooks": [],
              "tests": [
                {
                  "title": "should have proper form layout on mobile",
                  "fullTitle": "Responsive Design Tests Form Responsive Tests should have proper form layout on mobile",
                  "timedOut": null,
                  "duration": 14895,
                  "state": "failed",
                  "speed": null,
                  "pass": false,
                  "fail": true,
                  "pending": false,
                  "context": null,
                  "code": "cy.viewport(375, 667);\ncy.get('form').should('have.css', 'padding');\ncy.get('input').each(function ($input) {\n    cy.wrap($input).should(function ($el) {\n        var rect = $el[0].getBoundingClientRect();\n        expect(rect.height).to.be.at.least(44);\n    });\n});",
                  "err": {
                    "message": "AssertionError: Timed out retrying after 12000ms: expected 40 to be at least 44",
                    "estack": "AssertionError: Timed out retrying after 12000ms: expected 40 to be at least 44\n    at Context.eval (webpack://vite-react-typescript-starter/./cypress/e2e/responsive.cy.ts:178:39)\n    at <unknown> (http://localhost:5173/__cypress/runner/cypress_runner.js:121877:17)\n    at tryCatcher (http://localhost:5173/__cypress/runner/cypress_runner.js:1777:23)\n    at Promise.attempt.Promise.try (http://localhost:5173/__cypress/runner/cypress_runner.js:4285:29)\n    at Context.shouldFnWithCallback (http://localhost:5173/__cypress/runner/cypress_runner.js:121874:66)\n    at Context.shouldFn (http://localhost:5173/__cypress/runner/cypress_runner.js:121917:37)",
                    "diff": "- 40\n+ 44\n"
                  },
                  "uuid": "a652778c-f3c8-4fee-91cf-48ce06ec7609",
                  "parentUUID": "03f46025-aefd-4919-98de-0d140e46da8e",
                  "isHook": false,
                  "skipped": false
                },
                {
                  "title": "should have proper form layout on desktop",
                  "fullTitle": "Responsive Design Tests Form Responsive Tests should have proper form layout on desktop",
                  "timedOut": null,
                  "duration": 15270,
                  "state": "failed",
                  "speed": null,
                  "pass": false,
                  "fail": true,
                  "pending": false,
                  "context": null,
                  "code": "cy.viewport(1024, 768);\ncy.get('form').should('have.css', 'max-width');\ncy.get('form').should('have.css', 'margin', '0px auto');",
                  "err": {
                    "message": "AssertionError: Timed out retrying after 12000ms: expected '<form#login-form.space-y-6>' to have CSS property 'margin' with the value '0px auto', but the value was '0px'",
                    "estack": "AssertionError: Timed out retrying after 12000ms: expected '<form#login-form.space-y-6>' to have CSS property 'margin' with the value '0px auto', but the value was '0px'\n    at Context.eval (webpack://vite-react-typescript-starter/./cypress/e2e/responsive.cy.ts:186:21)",
                    "diff": "- '0px'\n+ '0px auto'\n"
                  },
                  "uuid": "99425e91-33d4-4582-8dd1-5fccc1cfdbad",
                  "parentUUID": "03f46025-aefd-4919-98de-0d140e46da8e",
                  "isHook": false,
                  "skipped": false
                }
              ],
              "suites": [],
              "passes": [],
              "failures": [
                "a652778c-f3c8-4fee-91cf-48ce06ec7609",
                "99425e91-33d4-4582-8dd1-5fccc1cfdbad"
              ],
              "pending": [],
              "skipped": [],
              "duration": 30165,
              "root": false,
              "rootEmpty": false,
              "_timeout": 2000
            },
            {
              "uuid": "40040eb1-43bc-42f5-add0-3eeb54a654a1",
              "title": "Touch Interaction Tests",
              "fullFile": "",
              "file": "",
              "beforeHooks": [],
              "afterHooks": [],
              "tests": [
                {
                  "title": "should handle touch events properly",
                  "fullTitle": "Responsive Design Tests Touch Interaction Tests should handle touch events properly",
                  "timedOut": null,
                  "duration": 14899,
                  "state": "failed",
                  "speed": null,
                  "pass": false,
                  "fail": true,
                  "pending": false,
                  "context": null,
                  "code": "cy.get('[data-testid=\"hamburger-menu\"]').trigger('touchstart');\ncy.get('[data-testid=\"hamburger-menu\"]').trigger('touchend');\ncy.get('[data-testid=\"mobile-drawer\"]').should('be.visible');",
                  "err": {
                    "message": "AssertionError: Timed out retrying after 12000ms: Expected to find element: `[data-testid=\"hamburger-menu\"]`, but never found it.",
                    "estack": "AssertionError: Timed out retrying after 12000ms: Expected to find element: `[data-testid=\"hamburger-menu\"]`, but never found it.\n    at Context.eval (webpack://vite-react-typescript-starter/./cypress/e2e/responsive.cy.ts:197:9)",
                    "diff": null
                  },
                  "uuid": "3c0da735-9747-4e38-81cd-550d90d1cbdb",
                  "parentUUID": "40040eb1-43bc-42f5-add0-3eeb54a654a1",
                  "isHook": false,
                  "skipped": false
                },
                {
                  "title": "should have proper touch targets",
                  "fullTitle": "Responsive Design Tests Touch Interaction Tests should have proper touch targets",
                  "timedOut": null,
                  "duration": 15346,
                  "state": "failed",
                  "speed": null,
                  "pass": false,
                  "fail": true,
                  "pending": false,
                  "context": null,
                  "code": "cy.get('button, a, input, select, textarea').each(function ($element) {\n    cy.wrap($element).should(function ($el) {\n        var rect = $el[0].getBoundingClientRect();\n        expect(rect.height).to.be.at.least(44);\n        expect(rect.width).to.be.at.least(44);\n    });\n});",
                  "err": {
                    "message": "AssertionError: Timed out retrying after 12000ms: expected 1 to be at least 44",
                    "estack": "AssertionError: Timed out retrying after 12000ms: expected 1 to be at least 44\n    at Context.eval (webpack://vite-react-typescript-starter/./cypress/e2e/responsive.cy.ts:206:39)\n    at <unknown> (http://localhost:5173/__cypress/runner/cypress_runner.js:121877:17)\n    at tryCatcher (http://localhost:5173/__cypress/runner/cypress_runner.js:1777:23)\n    at Promise.attempt.Promise.try (http://localhost:5173/__cypress/runner/cypress_runner.js:4285:29)\n    at Context.shouldFnWithCallback (http://localhost:5173/__cypress/runner/cypress_runner.js:121874:66)\n    at Context.shouldFn (http://localhost:5173/__cypress/runner/cypress_runner.js:121917:37)",
                    "diff": "- 1\n+ 44\n"
                  },
                  "uuid": "d806f6de-5647-43a7-8b9c-7c47c79062e9",
                  "parentUUID": "40040eb1-43bc-42f5-add0-3eeb54a654a1",
                  "isHook": false,
                  "skipped": false
                }
              ],
              "suites": [],
              "passes": [],
              "failures": [
                "3c0da735-9747-4e38-81cd-550d90d1cbdb",
                "d806f6de-5647-43a7-8b9c-7c47c79062e9"
              ],
              "pending": [],
              "skipped": [],
              "duration": 30245,
              "root": false,
              "rootEmpty": false,
              "_timeout": 2000
            },
            {
              "uuid": "64f5af5e-eee6-4f51-b153-e9c8f17bf9c4",
              "title": "Orientation Tests",
              "fullFile": "",
              "file": "",
              "beforeHooks": [],
              "afterHooks": [],
              "tests": [
                {
                  "title": "should adapt to landscape orientation",
                  "fullTitle": "Responsive Design Tests Orientation Tests should adapt to landscape orientation",
                  "timedOut": null,
                  "duration": 2483,
                  "state": "passed",
                  "speed": "fast",
                  "pass": true,
                  "fail": false,
                  "pending": false,
                  "context": null,
                  "code": "cy.viewport(667, 375); // Landscape mobile\ncy.visit('/student-dashboard');\ncy.get('body').should('not.have.css', 'overflow-x', 'scroll');",
                  "err": {},
                  "uuid": "32f7019e-238f-4e12-8936-56e40c9ab00e",
                  "parentUUID": "64f5af5e-eee6-4f51-b153-e9c8f17bf9c4",
                  "isHook": false,
                  "skipped": false
                },
                {
                  "title": "should adapt to portrait orientation",
                  "fullTitle": "Responsive Design Tests Orientation Tests should adapt to portrait orientation",
                  "timedOut": null,
                  "duration": 2277,
                  "state": "passed",
                  "speed": "fast",
                  "pass": true,
                  "fail": false,
                  "pending": false,
                  "context": null,
                  "code": "cy.viewport(375, 667); // Portrait mobile\ncy.visit('/student-dashboard');\ncy.get('body').should('not.have.css', 'overflow-x', 'scroll');",
                  "err": {},
                  "uuid": "c4d61ff7-76b6-4bbe-a50d-1033535889ed",
                  "parentUUID": "64f5af5e-eee6-4f51-b153-e9c8f17bf9c4",
                  "isHook": false,
                  "skipped": false
                }
              ],
              "suites": [],
              "passes": [
                "32f7019e-238f-4e12-8936-56e40c9ab00e",
                "c4d61ff7-76b6-4bbe-a50d-1033535889ed"
              ],
              "failures": [],
              "pending": [],
              "skipped": [],
              "duration": 4760,
              "root": false,
              "rootEmpty": false,
              "_timeout": 2000
            },
            {
              "uuid": "0984d098-8a94-4f24-8c13-4ba3d77495b1",
              "title": "Performance Tests",
              "fullFile": "",
              "file": "",
              "beforeHooks": [],
              "afterHooks": [],
              "tests": [
                {
                  "title": "should load within acceptable time on mobile",
                  "fullTitle": "Responsive Design Tests Performance Tests should load within acceptable time on mobile",
                  "timedOut": null,
                  "duration": 14824,
                  "state": "failed",
                  "speed": null,
                  "pass": false,
                  "fail": true,
                  "pending": false,
                  "context": null,
                  "code": "cy.viewport(375, 667);\nvar startTime = Date.now();\ncy.visit('/student-dashboard');\ncy.get('[data-testid=\"main-content\"]').should('be.visible').then(function () {\n    var loadTime = Date.now() - startTime;\n    expect(loadTime).to.be.lessThan(3000); // 3 seconds\n});",
                  "err": {
                    "message": "AssertionError: Timed out retrying after 12000ms: Expected to find element: `[data-testid=\"main-content\"]`, but never found it.",
                    "estack": "AssertionError: Timed out retrying after 12000ms: Expected to find element: `[data-testid=\"main-content\"]`, but never found it.\n    at Context.eval (webpack://vite-react-typescript-starter/./cypress/e2e/responsive.cy.ts:232:45)",
                    "diff": null
                  },
                  "uuid": "a820c7de-b0c6-4803-8699-cca932d7b2f5",
                  "parentUUID": "0984d098-8a94-4f24-8c13-4ba3d77495b1",
                  "isHook": false,
                  "skipped": false
                },
                {
                  "title": "should have acceptable bundle size",
                  "fullTitle": "Responsive Design Tests Performance Tests should have acceptable bundle size",
                  "timedOut": null,
                  "duration": 125,
                  "state": "passed",
                  "speed": "fast",
                  "pass": true,
                  "fail": false,
                  "pending": false,
                  "context": null,
                  "code": "cy.window().then(function (win) {\n    var performance = win.performance;\n    var navigation = performance.getEntriesByType('navigation')[0];\n    expect(navigation.transferSize).to.be.lessThan(2 * 1024 * 1024); // 2MB\n});",
                  "err": {},
                  "uuid": "0cab0f08-fef9-40c7-bc33-534bb139ac07",
                  "parentUUID": "0984d098-8a94-4f24-8c13-4ba3d77495b1",
                  "isHook": false,
                  "skipped": false
                }
              ],
              "suites": [],
              "passes": [
                "0cab0f08-fef9-40c7-bc33-534bb139ac07"
              ],
              "failures": [
                "a820c7de-b0c6-4803-8699-cca932d7b2f5"
              ],
              "pending": [],
              "skipped": [],
              "duration": 14949,
              "root": false,
              "rootEmpty": false,
              "_timeout": 2000
            }
          ],
          "passes": [],
          "failures": [],
          "pending": [],
          "skipped": [],
          "duration": 0,
          "root": false,
          "rootEmpty": false,
          "_timeout": 2000
        }
      ],
      "passes": [],
      "failures": [],
      "pending": [],
      "skipped": [],
      "duration": 0,
      "root": true,
      "rootEmpty": true,
      "_timeout": 2000
    }
  ],
  "meta": {
    "mocha": {
      "version": "7.2.0"
    },
    "mochawesome": {
      "options": {
        "quiet": false,
        "reportFilename": "mochawesome",
        "saveHtml": false,
        "saveJson": true,
        "consoleReporter": "spec",
        "useInlineDiffs": false,
        "code": true
      },
      "version": "7.1.4"
    },
    "marge": {
      "options": {
        "reportDir": "cypress/results",
        "overwrite": false,
        "html": false,
        "json": true
      },
      "version": "6.3.2"
    }
  }
}