{
  "stats": {
    "suites": 1,
    "tests": 1,
    "passes": 0,
    "pending": 0,
    "failures": 1,
    "start": "2025-11-21T20:14:44.043Z",
    "end": "2025-11-21T20:15:44.899Z",
    "duration": 60856,
    "testsRegistered": 1,
    "passPercent": 0,
    "pendingPercent": 0,
    "other": 0,
    "hasOther": false,
    "skipped": 0,
    "hasSkipped": false
  },
  "results": [
    {
      "uuid": "ac8f7e7a-204c-4c17-b7ac-3d6401989eb9",
      "title": "",
      "fullFile": "cypress\\e2e\\auth_refresh.cy.ts",
      "file": "cypress\\e2e\\auth_refresh.cy.ts",
      "beforeHooks": [],
      "afterHooks": [],
      "tests": [],
      "suites": [
        {
          "uuid": "ce6f16be-40b7-48ae-9384-1a362c44f964",
          "title": "Auth Token Refresh Flow",
          "fullFile": "",
          "file": "",
          "beforeHooks": [],
          "afterHooks": [],
          "tests": [
            {
              "title": "handles 401 by refreshing token and retrying request",
              "fullTitle": "Auth Token Refresh Flow handles 401 by refreshing token and retrying request",
              "timedOut": null,
              "duration": 60627,
              "state": "failed",
              "speed": null,
              "pass": false,
              "fail": true,
              "pending": false,
              "context": null,
              "code": "var apiBase = Cypress.env('API_BASE') || 'http://localhost:3001';\n// Seed expired access token and valid refresh token\ncy.visit('/');\ncy.window().then(function (win) {\n    win.localStorage.setItem('accessToken', 'expired-token');\n    win.localStorage.setItem('refreshToken', 'valid-refresh');\n    // expiresAt in the past forces refresh\n    win.localStorage.setItem('expiresAt', String(Date.now() - 60000));\n});\n// First authenticated call returns 401\ncy.intercept('GET', '**/api/notifications', function (req) {\n    if (!req._retried) {\n        req._retried = true;\n        req.reply({ statusCode: 401, body: { success: false, message: 'Unauthorized' } });\n    }\n    else {\n        req.reply({ statusCode: 200, body: { success: true, data: { notifications: [] } } });\n    }\n}).as('getNotifications');\n// Refresh endpoint returns new tokens\ncy.intercept('POST', '**/api/auth/refresh', {\n    statusCode: 200,\n    body: {\n        success: true,\n        data: {\n            accessToken: 'new-access',\n            refreshToken: 'new-refresh',\n            expiresIn: 900\n        }\n    }\n}).as('refresh');\ncy.visit('/student-notifications');\ncy.log('Visiting /student-notifications');\ncy.log('Waiting for first getNotifications');\ncy.log('Waiting for second getNotifications');\ncy.wait('@getNotifications');\ncy.log('Second getNotifications completed');\ncy.log('First getNotifications completed');\ncy.log('Waiting for refresh');\ncy.wait('@refresh');\ncy.log('Refresh completed');\ncy.wait('@getNotifications');\n// Verify new tokens persisted\ncy.window().then(function (win) {\n    expect(win.localStorage.getItem('accessToken')).to.eq('new-access');\n    expect(win.localStorage.getItem('refreshToken')).to.eq('new-refresh');\n});",
              "err": {
                "message": "CypressError: Timed out after waiting `60000ms` for your remote page to load.\n\nYour page did not fire its `load` event within `60000ms`.\n\nYou can try increasing the `pageLoadTimeout` value in `cypress.config.ts` to wait longer.\n\nBrowsers will not fire the `load` event until all stylesheets and scripts are done downloading.\n\nWhen this `load` event occurs, Cypress will continue running commands.",
                "estack": "CypressError: Timed out after waiting `60000ms` for your remote page to load.\n\nYour page did not fire its `load` event within `60000ms`.\n\nYou can try increasing the `pageLoadTimeout` value in `cypress.config.ts` to wait longer.\n\nBrowsers will not fire the `load` event until all stylesheets and scripts are done downloading.\n\nWhen this `load` event occurs, Cypress will continue running commands.\n    at timedOutWaitingForPageLoad (http://localhost:5173/__cypress/runner/cypress_runner.js:133659:64)\n    at <unknown> (http://localhost:5173/__cypress/runner/cypress_runner.js:134655:16)\n    at tryCatcher (http://localhost:5173/__cypress/runner/cypress_runner.js:1777:23)\n    at <unknown> (http://localhost:5173/__cypress/runner/cypress_runner.js:4156:41)\n    at tryCatcher (http://localhost:5173/__cypress/runner/cypress_runner.js:1777:23)\n    at Promise._settlePromiseFromHandler (http://localhost:5173/__cypress/runner/cypress_runner.js:1489:31)\n    at Promise._settlePromise (http://localhost:5173/__cypress/runner/cypress_runner.js:1546:18)\n    at Promise._settlePromise0 (http://localhost:5173/__cypress/runner/cypress_runner.js:1591:10)\n    at Promise._settlePromises (http://localhost:5173/__cypress/runner/cypress_runner.js:1667:18)\n    at _drainQueueStep (http://localhost:5173/__cypress/runner/cypress_runner.js:2377:12)\n    at _drainQueue (http://localhost:5173/__cypress/runner/cypress_runner.js:2370:9)\n    at Async._drainQueues (http://localhost:5173/__cypress/runner/cypress_runner.js:2386:5)\n    at Async.drainQueues (http://localhost:5173/__cypress/runner/cypress_runner.js:2256:14)\nFrom Your Spec Code:\n    at Context.eval (webpack://vite-react-typescript-starter/./cypress/e2e/auth_refresh.cy.ts:8:7)",
                "diff": null
              },
              "uuid": "9da6d2ff-0eed-4416-976d-1048b71a0a04",
              "parentUUID": "ce6f16be-40b7-48ae-9384-1a362c44f964",
              "isHook": false,
              "skipped": false
            }
          ],
          "suites": [],
          "passes": [],
          "failures": [
            "9da6d2ff-0eed-4416-976d-1048b71a0a04"
          ],
          "pending": [],
          "skipped": [],
          "duration": 60627,
          "root": false,
          "rootEmpty": false,
          "_timeout": 2000
        }
      ],
      "passes": [],
      "failures": [],
      "pending": [],
      "skipped": [],
      "duration": 0,
      "root": true,
      "rootEmpty": true,
      "_timeout": 2000
    }
  ],
  "meta": {
    "mocha": {
      "version": "7.2.0"
    },
    "mochawesome": {
      "options": {
        "quiet": false,
        "reportFilename": "mochawesome",
        "saveHtml": false,
        "saveJson": true,
        "consoleReporter": "spec",
        "useInlineDiffs": false,
        "code": true
      },
      "version": "7.1.4"
    },
    "marge": {
      "options": {
        "reportDir": "cypress/results",
        "overwrite": false,
        "html": false,
        "json": true
      },
      "version": "6.3.2"
    }
  }
}