{
  "stats": {
    "suites": 14,
    "tests": 48,
    "passes": 18,
    "pending": 0,
    "failures": 30,
    "start": "2025-11-22T00:40:11.786Z",
    "end": "2025-11-22T00:49:09.907Z",
    "duration": 538121,
    "testsRegistered": 53,
    "passPercent": 33.9622641509434,
    "pendingPercent": 0,
    "other": 0,
    "hasOther": false,
    "skipped": 5,
    "hasSkipped": true
  },
  "results": [
    {
      "uuid": "d0c72ee4-39ae-48d3-a78e-fcf32396e588",
      "title": "",
      "fullFile": "cypress\\e2e\\responsive.cy.ts",
      "file": "cypress\\e2e\\responsive.cy.ts",
      "beforeHooks": [],
      "afterHooks": [],
      "tests": [],
      "suites": [
        {
          "uuid": "c84952fd-0118-42c0-869a-98b3f320cb08",
          "title": "Responsive Design Tests",
          "fullFile": "",
          "file": "",
          "beforeHooks": [],
          "afterHooks": [],
          "tests": [],
          "suites": [
            {
              "uuid": "77314bcf-5375-4358-8d39-8e6f3cc3dc8f",
              "title": "Mobile Small (320x568)",
              "fullFile": "",
              "file": "",
              "beforeHooks": [],
              "afterHooks": [],
              "tests": [
                {
                  "title": "should display the page without horizontal scroll",
                  "fullTitle": "Responsive Design Tests Mobile Small (320x568) should display the page without horizontal scroll",
                  "timedOut": null,
                  "duration": 60535,
                  "state": "failed",
                  "speed": null,
                  "pass": false,
                  "fail": true,
                  "pending": false,
                  "context": null,
                  "code": "cy.get('body').should('not.have.css', 'overflow-x', 'scroll');\ncy.get('html').should('not.have.css', 'overflow-x', 'scroll');",
                  "err": {
                    "message": "CypressError: Timed out after waiting `60000ms` for your remote page to load.\n\nYour page did not fire its `load` event within `60000ms`.\n\nYou can try increasing the `pageLoadTimeout` value in `cypress.config.ts` to wait longer.\n\nBrowsers will not fire the `load` event until all stylesheets and scripts are done downloading.\n\nWhen this `load` event occurs, Cypress will continue running commands.\n\nBecause this error occurred during a `before each` hook we are skipping the remaining tests in the current suite: `Mobile Small (320x568)`",
                    "estack": "CypressError: Timed out after waiting `60000ms` for your remote page to load.\n\nYour page did not fire its `load` event within `60000ms`.\n\nYou can try increasing the `pageLoadTimeout` value in `cypress.config.ts` to wait longer.\n\nBrowsers will not fire the `load` event until all stylesheets and scripts are done downloading.\n\nWhen this `load` event occurs, Cypress will continue running commands.\n\nBecause this error occurred during a `before each` hook we are skipping the remaining tests in the current suite: `Mobile Small (320x568)`\n    at timedOutWaitingForPageLoad (http://localhost:5173/__cypress/runner/cypress_runner.js:133659:64)\n    at <unknown> (http://localhost:5173/__cypress/runner/cypress_runner.js:134655:16)\n    at tryCatcher (http://localhost:5173/__cypress/runner/cypress_runner.js:1777:23)\n    at <unknown> (http://localhost:5173/__cypress/runner/cypress_runner.js:4156:41)\n    at tryCatcher (http://localhost:5173/__cypress/runner/cypress_runner.js:1777:23)\n    at Promise._settlePromiseFromHandler (http://localhost:5173/__cypress/runner/cypress_runner.js:1489:31)\n    at Promise._settlePromise (http://localhost:5173/__cypress/runner/cypress_runner.js:1546:18)\n    at Promise._settlePromise0 (http://localhost:5173/__cypress/runner/cypress_runner.js:1591:10)\n    at Promise._settlePromises (http://localhost:5173/__cypress/runner/cypress_runner.js:1667:18)\n    at _drainQueueStep (http://localhost:5173/__cypress/runner/cypress_runner.js:2377:12)\n    at _drainQueue (http://localhost:5173/__cypress/runner/cypress_runner.js:2370:9)\n    at Async._drainQueues (http://localhost:5173/__cypress/runner/cypress_runner.js:2386:5)\n    at Async.drainQueues (http://localhost:5173/__cypress/runner/cypress_runner.js:2256:14)\nFrom Your Spec Code:\n    at Context.eval (webpack://vite-react-typescript-starter/./cypress/e2e/responsive.cy.ts:34:11)",
                    "diff": null
                  },
                  "uuid": "684f7c00-5a39-4629-a89c-01144fd72820",
                  "parentUUID": "77314bcf-5375-4358-8d39-8e6f3cc3dc8f",
                  "isHook": false,
                  "skipped": false
                },
                {
                  "title": "should have proper navigation layout",
                  "fullTitle": "Responsive Design Tests Mobile Small (320x568) should have proper navigation layout",
                  "timedOut": null,
                  "duration": 0,
                  "state": "skipped",
                  "speed": null,
                  "pass": false,
                  "fail": false,
                  "pending": false,
                  "context": null,
                  "code": "if (width < 768) {\n    // Mobile: should have hamburger menu\n    cy.get('[data-testid=\"hamburger-menu\"]').should('be.visible');\n    cy.get('[data-testid=\"desktop-nav\"]').should('not.be.visible');\n}\nelse {\n    // Desktop: should have desktop navigation\n    cy.get('[data-testid=\"desktop-nav\"]').should('be.visible');\n    cy.get('[data-testid=\"hamburger-menu\"]').should('not.be.visible');\n}",
                  "err": {},
                  "uuid": "f6f2a2ba-0b33-4eda-aa7f-4f305f70ef08",
                  "parentUUID": "77314bcf-5375-4358-8d39-8e6f3cc3dc8f",
                  "isHook": false,
                  "skipped": true
                },
                {
                  "title": "should have proper search bar layout",
                  "fullTitle": "Responsive Design Tests Mobile Small (320x568) should have proper search bar layout",
                  "timedOut": null,
                  "duration": 0,
                  "state": "skipped",
                  "speed": null,
                  "pass": false,
                  "fail": false,
                  "pending": false,
                  "context": null,
                  "code": "if (width < 768) {\n    // Mobile: search should be hidden or in different location\n    cy.get('[data-testid=\"search-bar\"]').should('not.be.visible');\n    cy.get('[data-testid=\"search-icon\"]').should('be.visible');\n}\nelse {\n    // Desktop: search bar should be visible\n    cy.get('[data-testid=\"search-bar\"]').should('be.visible');\n}",
                  "err": {},
                  "uuid": "579defa3-6468-4cf6-aeee-79df01add0bc",
                  "parentUUID": "77314bcf-5375-4358-8d39-8e6f3cc3dc8f",
                  "isHook": false,
                  "skipped": true
                },
                {
                  "title": "should have proper button sizes (minimum 44px)",
                  "fullTitle": "Responsive Design Tests Mobile Small (320x568) should have proper button sizes (minimum 44px)",
                  "timedOut": null,
                  "duration": 0,
                  "state": "skipped",
                  "speed": null,
                  "pass": false,
                  "fail": false,
                  "pending": false,
                  "context": null,
                  "code": "cy.get('button').each(function ($button) {\n    cy.wrap($button).should(function ($el) {\n        var rect = $el[0].getBoundingClientRect();\n        expect(rect.height).to.be.at.least(44);\n        expect(rect.width).to.be.at.least(44);\n    });\n});",
                  "err": {},
                  "uuid": "720706e0-1c7b-47ea-bc87-34b682a2cc3d",
                  "parentUUID": "77314bcf-5375-4358-8d39-8e6f3cc3dc8f",
                  "isHook": false,
                  "skipped": true
                },
                {
                  "title": "should have proper text sizes",
                  "fullTitle": "Responsive Design Tests Mobile Small (320x568) should have proper text sizes",
                  "timedOut": null,
                  "duration": 0,
                  "state": "skipped",
                  "speed": null,
                  "pass": false,
                  "fail": false,
                  "pending": false,
                  "context": null,
                  "code": "cy.get('h1').should('have.css', 'font-size').and('match', /(1[6-9]|[2-9][0-9])px/);\ncy.get('p').should('have.css', 'font-size').and('match', /(1[4-9]|[2-9][0-9])px/);",
                  "err": {},
                  "uuid": "1c763c23-4629-41f0-b258-823dad2ebcb9",
                  "parentUUID": "77314bcf-5375-4358-8d39-8e6f3cc3dc8f",
                  "isHook": false,
                  "skipped": true
                },
                {
                  "title": "should have proper spacing",
                  "fullTitle": "Responsive Design Tests Mobile Small (320x568) should have proper spacing",
                  "timedOut": null,
                  "duration": 0,
                  "state": "skipped",
                  "speed": null,
                  "pass": false,
                  "fail": false,
                  "pending": false,
                  "context": null,
                  "code": "cy.get('[data-testid=\"main-content\"]').should('have.css', 'padding');\ncy.get('[data-testid=\"main-content\"]').should('have.css', 'margin');",
                  "err": {},
                  "uuid": "15c8cfd5-6775-4294-b37a-72fa42830cdd",
                  "parentUUID": "77314bcf-5375-4358-8d39-8e6f3cc3dc8f",
                  "isHook": false,
                  "skipped": true
                }
              ],
              "suites": [],
              "passes": [],
              "failures": [
                "684f7c00-5a39-4629-a89c-01144fd72820"
              ],
              "pending": [],
              "skipped": [
                "f6f2a2ba-0b33-4eda-aa7f-4f305f70ef08",
                "579defa3-6468-4cf6-aeee-79df01add0bc",
                "720706e0-1c7b-47ea-bc87-34b682a2cc3d",
                "1c763c23-4629-41f0-b258-823dad2ebcb9",
                "15c8cfd5-6775-4294-b37a-72fa42830cdd"
              ],
              "duration": 60535,
              "root": false,
              "rootEmpty": false,
              "_timeout": 2000
            },
            {
              "uuid": "df286c39-5b8a-4e29-8287-c671a17ef0dc",
              "title": "Mobile Medium (375x667)",
              "fullFile": "",
              "file": "",
              "beforeHooks": [],
              "afterHooks": [],
              "tests": [
                {
                  "title": "should display the page without horizontal scroll",
                  "fullTitle": "Responsive Design Tests Mobile Medium (375x667) should display the page without horizontal scroll",
                  "timedOut": null,
                  "duration": 6048,
                  "state": "passed",
                  "speed": "medium",
                  "pass": true,
                  "fail": false,
                  "pending": false,
                  "context": null,
                  "code": "cy.get('body').should('not.have.css', 'overflow-x', 'scroll');\ncy.get('html').should('not.have.css', 'overflow-x', 'scroll');",
                  "err": {},
                  "uuid": "d8ddecfb-691b-4310-b23f-724c68a1f713",
                  "parentUUID": "df286c39-5b8a-4e29-8287-c671a17ef0dc",
                  "isHook": false,
                  "skipped": false
                },
                {
                  "title": "should have proper navigation layout",
                  "fullTitle": "Responsive Design Tests Mobile Medium (375x667) should have proper navigation layout",
                  "timedOut": null,
                  "duration": 14399,
                  "state": "failed",
                  "speed": null,
                  "pass": false,
                  "fail": true,
                  "pending": false,
                  "context": null,
                  "code": "if (width < 768) {\n    // Mobile: should have hamburger menu\n    cy.get('[data-testid=\"hamburger-menu\"]').should('be.visible');\n    cy.get('[data-testid=\"desktop-nav\"]').should('not.be.visible');\n}\nelse {\n    // Desktop: should have desktop navigation\n    cy.get('[data-testid=\"desktop-nav\"]').should('be.visible');\n    cy.get('[data-testid=\"hamburger-menu\"]').should('not.be.visible');\n}",
                  "err": {
                    "message": "AssertionError: Timed out retrying after 12000ms: Expected to find element: `[data-testid=\"hamburger-menu\"]`, but never found it.",
                    "estack": "AssertionError: Timed out retrying after 12000ms: Expected to find element: `[data-testid=\"hamburger-menu\"]`, but never found it.\n    at Context.eval (webpack://vite-react-typescript-starter/./cypress/e2e/responsive.cy.ts:45:51)",
                    "diff": null
                  },
                  "uuid": "2b323389-5d86-4b14-b27d-a631252ec2cb",
                  "parentUUID": "df286c39-5b8a-4e29-8287-c671a17ef0dc",
                  "isHook": false,
                  "skipped": false
                },
                {
                  "title": "should have proper search bar layout",
                  "fullTitle": "Responsive Design Tests Mobile Medium (375x667) should have proper search bar layout",
                  "timedOut": null,
                  "duration": 13941,
                  "state": "failed",
                  "speed": null,
                  "pass": false,
                  "fail": true,
                  "pending": false,
                  "context": null,
                  "code": "if (width < 768) {\n    // Mobile: search should be hidden or in different location\n    cy.get('[data-testid=\"search-bar\"]').should('not.be.visible');\n    cy.get('[data-testid=\"search-icon\"]').should('be.visible');\n}\nelse {\n    // Desktop: search bar should be visible\n    cy.get('[data-testid=\"search-bar\"]').should('be.visible');\n}",
                  "err": {
                    "message": "AssertionError: Timed out retrying after 12000ms: Expected to find element: `[data-testid=\"search-bar\"]`, but never found it.",
                    "estack": "AssertionError: Timed out retrying after 12000ms: Expected to find element: `[data-testid=\"search-bar\"]`, but never found it.\n    at Context.eval (webpack://vite-react-typescript-starter/./cypress/e2e/responsive.cy.ts:57:47)",
                    "diff": null
                  },
                  "uuid": "20f9f3a7-11a5-4158-80f7-1e3da8029e92",
                  "parentUUID": "df286c39-5b8a-4e29-8287-c671a17ef0dc",
                  "isHook": false,
                  "skipped": false
                },
                {
                  "title": "should have proper button sizes (minimum 44px)",
                  "fullTitle": "Responsive Design Tests Mobile Medium (375x667) should have proper button sizes (minimum 44px)",
                  "timedOut": null,
                  "duration": 2565,
                  "state": "passed",
                  "speed": "fast",
                  "pass": true,
                  "fail": false,
                  "pending": false,
                  "context": null,
                  "code": "cy.get('button').each(function ($button) {\n    cy.wrap($button).should(function ($el) {\n        var rect = $el[0].getBoundingClientRect();\n        expect(rect.height).to.be.at.least(44);\n        expect(rect.width).to.be.at.least(44);\n    });\n});",
                  "err": {},
                  "uuid": "e0e3f149-3a65-4446-a1bc-ab160ee33282",
                  "parentUUID": "df286c39-5b8a-4e29-8287-c671a17ef0dc",
                  "isHook": false,
                  "skipped": false
                },
                {
                  "title": "should have proper text sizes",
                  "fullTitle": "Responsive Design Tests Mobile Medium (375x667) should have proper text sizes",
                  "timedOut": null,
                  "duration": 2615,
                  "state": "passed",
                  "speed": "fast",
                  "pass": true,
                  "fail": false,
                  "pending": false,
                  "context": null,
                  "code": "cy.get('h1').should('have.css', 'font-size').and('match', /(1[6-9]|[2-9][0-9])px/);\ncy.get('p').should('have.css', 'font-size').and('match', /(1[4-9]|[2-9][0-9])px/);",
                  "err": {},
                  "uuid": "c4712f6d-ac23-4cd7-8fd4-505e89eaf6ae",
                  "parentUUID": "df286c39-5b8a-4e29-8287-c671a17ef0dc",
                  "isHook": false,
                  "skipped": false
                },
                {
                  "title": "should have proper spacing",
                  "fullTitle": "Responsive Design Tests Mobile Medium (375x667) should have proper spacing",
                  "timedOut": null,
                  "duration": 14371,
                  "state": "failed",
                  "speed": null,
                  "pass": false,
                  "fail": true,
                  "pending": false,
                  "context": null,
                  "code": "cy.get('[data-testid=\"main-content\"]').should('have.css', 'padding');\ncy.get('[data-testid=\"main-content\"]').should('have.css', 'margin');",
                  "err": {
                    "message": "AssertionError: Timed out retrying after 12000ms: Expected to find element: `[data-testid=\"main-content\"]`, but never found it.",
                    "estack": "AssertionError: Timed out retrying after 12000ms: Expected to find element: `[data-testid=\"main-content\"]`, but never found it.\n    at Context.eval (webpack://vite-react-typescript-starter/./cypress/e2e/responsive.cy.ts:81:47)",
                    "diff": null
                  },
                  "uuid": "9d807bf8-1575-44d0-bdc2-62ee9f51bec5",
                  "parentUUID": "df286c39-5b8a-4e29-8287-c671a17ef0dc",
                  "isHook": false,
                  "skipped": false
                }
              ],
              "suites": [],
              "passes": [
                "d8ddecfb-691b-4310-b23f-724c68a1f713",
                "e0e3f149-3a65-4446-a1bc-ab160ee33282",
                "c4712f6d-ac23-4cd7-8fd4-505e89eaf6ae"
              ],
              "failures": [
                "2b323389-5d86-4b14-b27d-a631252ec2cb",
                "20f9f3a7-11a5-4158-80f7-1e3da8029e92",
                "9d807bf8-1575-44d0-bdc2-62ee9f51bec5"
              ],
              "pending": [],
              "skipped": [],
              "duration": 53939,
              "root": false,
              "rootEmpty": false,
              "_timeout": 2000
            },
            {
              "uuid": "610d43bd-2003-4931-97cf-6f8c9e87d4f9",
              "title": "Mobile Large (414x896)",
              "fullFile": "",
              "file": "",
              "beforeHooks": [],
              "afterHooks": [],
              "tests": [
                {
                  "title": "should display the page without horizontal scroll",
                  "fullTitle": "Responsive Design Tests Mobile Large (414x896) should display the page without horizontal scroll",
                  "timedOut": null,
                  "duration": 2794,
                  "state": "passed",
                  "speed": "fast",
                  "pass": true,
                  "fail": false,
                  "pending": false,
                  "context": null,
                  "code": "cy.get('body').should('not.have.css', 'overflow-x', 'scroll');\ncy.get('html').should('not.have.css', 'overflow-x', 'scroll');",
                  "err": {},
                  "uuid": "d4a718b9-36af-42bf-adfe-2365006b6e30",
                  "parentUUID": "610d43bd-2003-4931-97cf-6f8c9e87d4f9",
                  "isHook": false,
                  "skipped": false
                },
                {
                  "title": "should have proper navigation layout",
                  "fullTitle": "Responsive Design Tests Mobile Large (414x896) should have proper navigation layout",
                  "timedOut": null,
                  "duration": 14263,
                  "state": "failed",
                  "speed": null,
                  "pass": false,
                  "fail": true,
                  "pending": false,
                  "context": null,
                  "code": "if (width < 768) {\n    // Mobile: should have hamburger menu\n    cy.get('[data-testid=\"hamburger-menu\"]').should('be.visible');\n    cy.get('[data-testid=\"desktop-nav\"]').should('not.be.visible');\n}\nelse {\n    // Desktop: should have desktop navigation\n    cy.get('[data-testid=\"desktop-nav\"]').should('be.visible');\n    cy.get('[data-testid=\"hamburger-menu\"]').should('not.be.visible');\n}",
                  "err": {
                    "message": "AssertionError: Timed out retrying after 12000ms: Expected to find element: `[data-testid=\"hamburger-menu\"]`, but never found it.",
                    "estack": "AssertionError: Timed out retrying after 12000ms: Expected to find element: `[data-testid=\"hamburger-menu\"]`, but never found it.\n    at Context.eval (webpack://vite-react-typescript-starter/./cypress/e2e/responsive.cy.ts:45:51)",
                    "diff": null
                  },
                  "uuid": "944c67f4-5ef9-4a60-97d0-cab17d6dbdcc",
                  "parentUUID": "610d43bd-2003-4931-97cf-6f8c9e87d4f9",
                  "isHook": false,
                  "skipped": false
                },
                {
                  "title": "should have proper search bar layout",
                  "fullTitle": "Responsive Design Tests Mobile Large (414x896) should have proper search bar layout",
                  "timedOut": null,
                  "duration": 14796,
                  "state": "failed",
                  "speed": null,
                  "pass": false,
                  "fail": true,
                  "pending": false,
                  "context": null,
                  "code": "if (width < 768) {\n    // Mobile: search should be hidden or in different location\n    cy.get('[data-testid=\"search-bar\"]').should('not.be.visible');\n    cy.get('[data-testid=\"search-icon\"]').should('be.visible');\n}\nelse {\n    // Desktop: search bar should be visible\n    cy.get('[data-testid=\"search-bar\"]').should('be.visible');\n}",
                  "err": {
                    "message": "AssertionError: Timed out retrying after 12000ms: Expected to find element: `[data-testid=\"search-bar\"]`, but never found it.",
                    "estack": "AssertionError: Timed out retrying after 12000ms: Expected to find element: `[data-testid=\"search-bar\"]`, but never found it.\n    at Context.eval (webpack://vite-react-typescript-starter/./cypress/e2e/responsive.cy.ts:57:47)",
                    "diff": null
                  },
                  "uuid": "9301bc54-00c6-40ad-8e33-b55529e8d3ab",
                  "parentUUID": "610d43bd-2003-4931-97cf-6f8c9e87d4f9",
                  "isHook": false,
                  "skipped": false
                },
                {
                  "title": "should have proper button sizes (minimum 44px)",
                  "fullTitle": "Responsive Design Tests Mobile Large (414x896) should have proper button sizes (minimum 44px)",
                  "timedOut": null,
                  "duration": 2893,
                  "state": "passed",
                  "speed": "fast",
                  "pass": true,
                  "fail": false,
                  "pending": false,
                  "context": null,
                  "code": "cy.get('button').each(function ($button) {\n    cy.wrap($button).should(function ($el) {\n        var rect = $el[0].getBoundingClientRect();\n        expect(rect.height).to.be.at.least(44);\n        expect(rect.width).to.be.at.least(44);\n    });\n});",
                  "err": {},
                  "uuid": "a4821b53-a523-4842-bf85-61326fc37fd2",
                  "parentUUID": "610d43bd-2003-4931-97cf-6f8c9e87d4f9",
                  "isHook": false,
                  "skipped": false
                },
                {
                  "title": "should have proper text sizes",
                  "fullTitle": "Responsive Design Tests Mobile Large (414x896) should have proper text sizes",
                  "timedOut": null,
                  "duration": 2412,
                  "state": "passed",
                  "speed": "fast",
                  "pass": true,
                  "fail": false,
                  "pending": false,
                  "context": null,
                  "code": "cy.get('h1').should('have.css', 'font-size').and('match', /(1[6-9]|[2-9][0-9])px/);\ncy.get('p').should('have.css', 'font-size').and('match', /(1[4-9]|[2-9][0-9])px/);",
                  "err": {},
                  "uuid": "1d9e894b-1703-40ef-8e76-939e4c5ced21",
                  "parentUUID": "610d43bd-2003-4931-97cf-6f8c9e87d4f9",
                  "isHook": false,
                  "skipped": false
                },
                {
                  "title": "should have proper spacing",
                  "fullTitle": "Responsive Design Tests Mobile Large (414x896) should have proper spacing",
                  "timedOut": null,
                  "duration": 13944,
                  "state": "failed",
                  "speed": null,
                  "pass": false,
                  "fail": true,
                  "pending": false,
                  "context": null,
                  "code": "cy.get('[data-testid=\"main-content\"]').should('have.css', 'padding');\ncy.get('[data-testid=\"main-content\"]').should('have.css', 'margin');",
                  "err": {
                    "message": "AssertionError: Timed out retrying after 12000ms: Expected to find element: `[data-testid=\"main-content\"]`, but never found it.",
                    "estack": "AssertionError: Timed out retrying after 12000ms: Expected to find element: `[data-testid=\"main-content\"]`, but never found it.\n    at Context.eval (webpack://vite-react-typescript-starter/./cypress/e2e/responsive.cy.ts:81:47)",
                    "diff": null
                  },
                  "uuid": "11888d7f-93bf-4d0b-a901-bcab61d947c6",
                  "parentUUID": "610d43bd-2003-4931-97cf-6f8c9e87d4f9",
                  "isHook": false,
                  "skipped": false
                }
              ],
              "suites": [],
              "passes": [
                "d4a718b9-36af-42bf-adfe-2365006b6e30",
                "a4821b53-a523-4842-bf85-61326fc37fd2",
                "1d9e894b-1703-40ef-8e76-939e4c5ced21"
              ],
              "failures": [
                "944c67f4-5ef9-4a60-97d0-cab17d6dbdcc",
                "9301bc54-00c6-40ad-8e33-b55529e8d3ab",
                "11888d7f-93bf-4d0b-a901-bcab61d947c6"
              ],
              "pending": [],
              "skipped": [],
              "duration": 51102,
              "root": false,
              "rootEmpty": false,
              "_timeout": 2000
            },
            {
              "uuid": "2f9b1471-a8d9-41b8-963b-00119dea8309",
              "title": "Tablet (768x1024)",
              "fullFile": "",
              "file": "",
              "beforeHooks": [],
              "afterHooks": [],
              "tests": [
                {
                  "title": "should display the page without horizontal scroll",
                  "fullTitle": "Responsive Design Tests Tablet (768x1024) should display the page without horizontal scroll",
                  "timedOut": null,
                  "duration": 2013,
                  "state": "passed",
                  "speed": "fast",
                  "pass": true,
                  "fail": false,
                  "pending": false,
                  "context": null,
                  "code": "cy.get('body').should('not.have.css', 'overflow-x', 'scroll');\ncy.get('html').should('not.have.css', 'overflow-x', 'scroll');",
                  "err": {},
                  "uuid": "d88dd2e0-aa85-4f78-a1b9-e38470b7e0bf",
                  "parentUUID": "2f9b1471-a8d9-41b8-963b-00119dea8309",
                  "isHook": false,
                  "skipped": false
                },
                {
                  "title": "should have proper navigation layout",
                  "fullTitle": "Responsive Design Tests Tablet (768x1024) should have proper navigation layout",
                  "timedOut": null,
                  "duration": 13951,
                  "state": "failed",
                  "speed": null,
                  "pass": false,
                  "fail": true,
                  "pending": false,
                  "context": null,
                  "code": "if (width < 768) {\n    // Mobile: should have hamburger menu\n    cy.get('[data-testid=\"hamburger-menu\"]').should('be.visible');\n    cy.get('[data-testid=\"desktop-nav\"]').should('not.be.visible');\n}\nelse {\n    // Desktop: should have desktop navigation\n    cy.get('[data-testid=\"desktop-nav\"]').should('be.visible');\n    cy.get('[data-testid=\"hamburger-menu\"]').should('not.be.visible');\n}",
                  "err": {
                    "message": "AssertionError: Timed out retrying after 12000ms: Expected to find element: `[data-testid=\"desktop-nav\"]`, but never found it.",
                    "estack": "AssertionError: Timed out retrying after 12000ms: Expected to find element: `[data-testid=\"desktop-nav\"]`, but never found it.\n    at Context.eval (webpack://vite-react-typescript-starter/./cypress/e2e/responsive.cy.ts:49:48)",
                    "diff": null
                  },
                  "uuid": "69034554-562d-4715-8eb0-5551d92a96ca",
                  "parentUUID": "2f9b1471-a8d9-41b8-963b-00119dea8309",
                  "isHook": false,
                  "skipped": false
                },
                {
                  "title": "should have proper search bar layout",
                  "fullTitle": "Responsive Design Tests Tablet (768x1024) should have proper search bar layout",
                  "timedOut": null,
                  "duration": 14794,
                  "state": "failed",
                  "speed": null,
                  "pass": false,
                  "fail": true,
                  "pending": false,
                  "context": null,
                  "code": "if (width < 768) {\n    // Mobile: search should be hidden or in different location\n    cy.get('[data-testid=\"search-bar\"]').should('not.be.visible');\n    cy.get('[data-testid=\"search-icon\"]').should('be.visible');\n}\nelse {\n    // Desktop: search bar should be visible\n    cy.get('[data-testid=\"search-bar\"]').should('be.visible');\n}",
                  "err": {
                    "message": "AssertionError: Timed out retrying after 12000ms: Expected to find element: `[data-testid=\"search-bar\"]`, but never found it.",
                    "estack": "AssertionError: Timed out retrying after 12000ms: Expected to find element: `[data-testid=\"search-bar\"]`, but never found it.\n    at Context.eval (webpack://vite-react-typescript-starter/./cypress/e2e/responsive.cy.ts:61:47)",
                    "diff": null
                  },
                  "uuid": "39209dbf-2a42-4edf-b912-8f162a566ce5",
                  "parentUUID": "2f9b1471-a8d9-41b8-963b-00119dea8309",
                  "isHook": false,
                  "skipped": false
                },
                {
                  "title": "should have proper button sizes (minimum 44px)",
                  "fullTitle": "Responsive Design Tests Tablet (768x1024) should have proper button sizes (minimum 44px)",
                  "timedOut": null,
                  "duration": 402,
                  "state": "passed",
                  "speed": "fast",
                  "pass": true,
                  "fail": false,
                  "pending": false,
                  "context": null,
                  "code": "cy.get('button').each(function ($button) {\n    cy.wrap($button).should(function ($el) {\n        var rect = $el[0].getBoundingClientRect();\n        expect(rect.height).to.be.at.least(44);\n        expect(rect.width).to.be.at.least(44);\n    });\n});",
                  "err": {},
                  "uuid": "083c6e07-c515-4701-9df3-0626b8f485fb",
                  "parentUUID": "2f9b1471-a8d9-41b8-963b-00119dea8309",
                  "isHook": false,
                  "skipped": false
                },
                {
                  "title": "should have proper text sizes",
                  "fullTitle": "Responsive Design Tests Tablet (768x1024) should have proper text sizes",
                  "timedOut": null,
                  "duration": 358,
                  "state": "passed",
                  "speed": "fast",
                  "pass": true,
                  "fail": false,
                  "pending": false,
                  "context": null,
                  "code": "cy.get('h1').should('have.css', 'font-size').and('match', /(1[6-9]|[2-9][0-9])px/);\ncy.get('p').should('have.css', 'font-size').and('match', /(1[4-9]|[2-9][0-9])px/);",
                  "err": {},
                  "uuid": "148adf68-2a2f-410c-80cd-a2d874ce4de6",
                  "parentUUID": "2f9b1471-a8d9-41b8-963b-00119dea8309",
                  "isHook": false,
                  "skipped": false
                },
                {
                  "title": "should have proper spacing",
                  "fullTitle": "Responsive Design Tests Tablet (768x1024) should have proper spacing",
                  "timedOut": null,
                  "duration": 12567,
                  "state": "failed",
                  "speed": null,
                  "pass": false,
                  "fail": true,
                  "pending": false,
                  "context": null,
                  "code": "cy.get('[data-testid=\"main-content\"]').should('have.css', 'padding');\ncy.get('[data-testid=\"main-content\"]').should('have.css', 'margin');",
                  "err": {
                    "message": "AssertionError: Timed out retrying after 12000ms: Expected to find element: `[data-testid=\"main-content\"]`, but never found it.",
                    "estack": "AssertionError: Timed out retrying after 12000ms: Expected to find element: `[data-testid=\"main-content\"]`, but never found it.\n    at Context.eval (webpack://vite-react-typescript-starter/./cypress/e2e/responsive.cy.ts:81:47)",
                    "diff": null
                  },
                  "uuid": "716f5927-fad0-4363-9579-4dff0fe7f3de",
                  "parentUUID": "2f9b1471-a8d9-41b8-963b-00119dea8309",
                  "isHook": false,
                  "skipped": false
                }
              ],
              "suites": [],
              "passes": [
                "d88dd2e0-aa85-4f78-a1b9-e38470b7e0bf",
                "083c6e07-c515-4701-9df3-0626b8f485fb",
                "148adf68-2a2f-410c-80cd-a2d874ce4de6"
              ],
              "failures": [
                "69034554-562d-4715-8eb0-5551d92a96ca",
                "39209dbf-2a42-4edf-b912-8f162a566ce5",
                "716f5927-fad0-4363-9579-4dff0fe7f3de"
              ],
              "pending": [],
              "skipped": [],
              "duration": 44085,
              "root": false,
              "rootEmpty": false,
              "_timeout": 2000
            },
            {
              "uuid": "8b50ad28-8c9f-4f67-bf2d-321d872b2c72",
              "title": "Desktop Small (1024x768)",
              "fullFile": "",
              "file": "",
              "beforeHooks": [],
              "afterHooks": [],
              "tests": [
                {
                  "title": "should display the page without horizontal scroll",
                  "fullTitle": "Responsive Design Tests Desktop Small (1024x768) should display the page without horizontal scroll",
                  "timedOut": null,
                  "duration": 2767,
                  "state": "passed",
                  "speed": "fast",
                  "pass": true,
                  "fail": false,
                  "pending": false,
                  "context": null,
                  "code": "cy.get('body').should('not.have.css', 'overflow-x', 'scroll');\ncy.get('html').should('not.have.css', 'overflow-x', 'scroll');",
                  "err": {},
                  "uuid": "5c5252ef-6167-41e7-b942-2f78b2c7ac21",
                  "parentUUID": "8b50ad28-8c9f-4f67-bf2d-321d872b2c72",
                  "isHook": false,
                  "skipped": false
                },
                {
                  "title": "should have proper navigation layout",
                  "fullTitle": "Responsive Design Tests Desktop Small (1024x768) should have proper navigation layout",
                  "timedOut": null,
                  "duration": 14220,
                  "state": "failed",
                  "speed": null,
                  "pass": false,
                  "fail": true,
                  "pending": false,
                  "context": null,
                  "code": "if (width < 768) {\n    // Mobile: should have hamburger menu\n    cy.get('[data-testid=\"hamburger-menu\"]').should('be.visible');\n    cy.get('[data-testid=\"desktop-nav\"]').should('not.be.visible');\n}\nelse {\n    // Desktop: should have desktop navigation\n    cy.get('[data-testid=\"desktop-nav\"]').should('be.visible');\n    cy.get('[data-testid=\"hamburger-menu\"]').should('not.be.visible');\n}",
                  "err": {
                    "message": "AssertionError: Timed out retrying after 12000ms: Expected to find element: `[data-testid=\"desktop-nav\"]`, but never found it.",
                    "estack": "AssertionError: Timed out retrying after 12000ms: Expected to find element: `[data-testid=\"desktop-nav\"]`, but never found it.\n    at Context.eval (webpack://vite-react-typescript-starter/./cypress/e2e/responsive.cy.ts:49:48)",
                    "diff": null
                  },
                  "uuid": "33723b00-9439-45c7-926b-e59fab699bf1",
                  "parentUUID": "8b50ad28-8c9f-4f67-bf2d-321d872b2c72",
                  "isHook": false,
                  "skipped": false
                },
                {
                  "title": "should have proper search bar layout",
                  "fullTitle": "Responsive Design Tests Desktop Small (1024x768) should have proper search bar layout",
                  "timedOut": null,
                  "duration": 14727,
                  "state": "failed",
                  "speed": null,
                  "pass": false,
                  "fail": true,
                  "pending": false,
                  "context": null,
                  "code": "if (width < 768) {\n    // Mobile: search should be hidden or in different location\n    cy.get('[data-testid=\"search-bar\"]').should('not.be.visible');\n    cy.get('[data-testid=\"search-icon\"]').should('be.visible');\n}\nelse {\n    // Desktop: search bar should be visible\n    cy.get('[data-testid=\"search-bar\"]').should('be.visible');\n}",
                  "err": {
                    "message": "AssertionError: Timed out retrying after 12000ms: Expected to find element: `[data-testid=\"search-bar\"]`, but never found it.",
                    "estack": "AssertionError: Timed out retrying after 12000ms: Expected to find element: `[data-testid=\"search-bar\"]`, but never found it.\n    at Context.eval (webpack://vite-react-typescript-starter/./cypress/e2e/responsive.cy.ts:61:47)",
                    "diff": null
                  },
                  "uuid": "57afccbb-85e7-4adc-a153-94abc9a483bc",
                  "parentUUID": "8b50ad28-8c9f-4f67-bf2d-321d872b2c72",
                  "isHook": false,
                  "skipped": false
                },
                {
                  "title": "should have proper button sizes (minimum 44px)",
                  "fullTitle": "Responsive Design Tests Desktop Small (1024x768) should have proper button sizes (minimum 44px)",
                  "timedOut": null,
                  "duration": 3169,
                  "state": "passed",
                  "speed": "fast",
                  "pass": true,
                  "fail": false,
                  "pending": false,
                  "context": null,
                  "code": "cy.get('button').each(function ($button) {\n    cy.wrap($button).should(function ($el) {\n        var rect = $el[0].getBoundingClientRect();\n        expect(rect.height).to.be.at.least(44);\n        expect(rect.width).to.be.at.least(44);\n    });\n});",
                  "err": {},
                  "uuid": "c6f62830-a916-4355-92f1-e714c4cd49f0",
                  "parentUUID": "8b50ad28-8c9f-4f67-bf2d-321d872b2c72",
                  "isHook": false,
                  "skipped": false
                },
                {
                  "title": "should have proper text sizes",
                  "fullTitle": "Responsive Design Tests Desktop Small (1024x768) should have proper text sizes",
                  "timedOut": null,
                  "duration": 3189,
                  "state": "passed",
                  "speed": "fast",
                  "pass": true,
                  "fail": false,
                  "pending": false,
                  "context": null,
                  "code": "cy.get('h1').should('have.css', 'font-size').and('match', /(1[6-9]|[2-9][0-9])px/);\ncy.get('p').should('have.css', 'font-size').and('match', /(1[4-9]|[2-9][0-9])px/);",
                  "err": {},
                  "uuid": "2a918ec3-db91-4882-a2b1-fea6c3653fcd",
                  "parentUUID": "8b50ad28-8c9f-4f67-bf2d-321d872b2c72",
                  "isHook": false,
                  "skipped": false
                },
                {
                  "title": "should have proper spacing",
                  "fullTitle": "Responsive Design Tests Desktop Small (1024x768) should have proper spacing",
                  "timedOut": null,
                  "duration": 14949,
                  "state": "failed",
                  "speed": null,
                  "pass": false,
                  "fail": true,
                  "pending": false,
                  "context": null,
                  "code": "cy.get('[data-testid=\"main-content\"]').should('have.css', 'padding');\ncy.get('[data-testid=\"main-content\"]').should('have.css', 'margin');",
                  "err": {
                    "message": "AssertionError: Timed out retrying after 12000ms: Expected to find element: `[data-testid=\"main-content\"]`, but never found it.",
                    "estack": "AssertionError: Timed out retrying after 12000ms: Expected to find element: `[data-testid=\"main-content\"]`, but never found it.\n    at Context.eval (webpack://vite-react-typescript-starter/./cypress/e2e/responsive.cy.ts:81:47)",
                    "diff": null
                  },
                  "uuid": "640efc5c-1f72-4c0e-98f3-d6b85a2cecac",
                  "parentUUID": "8b50ad28-8c9f-4f67-bf2d-321d872b2c72",
                  "isHook": false,
                  "skipped": false
                }
              ],
              "suites": [],
              "passes": [
                "5c5252ef-6167-41e7-b942-2f78b2c7ac21",
                "c6f62830-a916-4355-92f1-e714c4cd49f0",
                "2a918ec3-db91-4882-a2b1-fea6c3653fcd"
              ],
              "failures": [
                "33723b00-9439-45c7-926b-e59fab699bf1",
                "57afccbb-85e7-4adc-a153-94abc9a483bc",
                "640efc5c-1f72-4c0e-98f3-d6b85a2cecac"
              ],
              "pending": [],
              "skipped": [],
              "duration": 53021,
              "root": false,
              "rootEmpty": false,
              "_timeout": 2000
            },
            {
              "uuid": "38612027-b2d7-4e2c-9444-354f370cbd28",
              "title": "Desktop Large (1440x900)",
              "fullFile": "",
              "file": "",
              "beforeHooks": [],
              "afterHooks": [],
              "tests": [
                {
                  "title": "should display the page without horizontal scroll",
                  "fullTitle": "Responsive Design Tests Desktop Large (1440x900) should display the page without horizontal scroll",
                  "timedOut": null,
                  "duration": 2690,
                  "state": "passed",
                  "speed": "fast",
                  "pass": true,
                  "fail": false,
                  "pending": false,
                  "context": null,
                  "code": "cy.get('body').should('not.have.css', 'overflow-x', 'scroll');\ncy.get('html').should('not.have.css', 'overflow-x', 'scroll');",
                  "err": {},
                  "uuid": "8cb3fd43-9bc2-44f9-a3a7-630f96c2411a",
                  "parentUUID": "38612027-b2d7-4e2c-9444-354f370cbd28",
                  "isHook": false,
                  "skipped": false
                },
                {
                  "title": "should have proper navigation layout",
                  "fullTitle": "Responsive Design Tests Desktop Large (1440x900) should have proper navigation layout",
                  "timedOut": null,
                  "duration": 14708,
                  "state": "failed",
                  "speed": null,
                  "pass": false,
                  "fail": true,
                  "pending": false,
                  "context": null,
                  "code": "if (width < 768) {\n    // Mobile: should have hamburger menu\n    cy.get('[data-testid=\"hamburger-menu\"]').should('be.visible');\n    cy.get('[data-testid=\"desktop-nav\"]').should('not.be.visible');\n}\nelse {\n    // Desktop: should have desktop navigation\n    cy.get('[data-testid=\"desktop-nav\"]').should('be.visible');\n    cy.get('[data-testid=\"hamburger-menu\"]').should('not.be.visible');\n}",
                  "err": {
                    "message": "AssertionError: Timed out retrying after 12000ms: Expected to find element: `[data-testid=\"desktop-nav\"]`, but never found it.",
                    "estack": "AssertionError: Timed out retrying after 12000ms: Expected to find element: `[data-testid=\"desktop-nav\"]`, but never found it.\n    at Context.eval (webpack://vite-react-typescript-starter/./cypress/e2e/responsive.cy.ts:49:48)",
                    "diff": null
                  },
                  "uuid": "a88a63c5-d00e-4d83-87da-aaff0addbe1b",
                  "parentUUID": "38612027-b2d7-4e2c-9444-354f370cbd28",
                  "isHook": false,
                  "skipped": false
                },
                {
                  "title": "should have proper search bar layout",
                  "fullTitle": "Responsive Design Tests Desktop Large (1440x900) should have proper search bar layout",
                  "timedOut": null,
                  "duration": 15071,
                  "state": "failed",
                  "speed": null,
                  "pass": false,
                  "fail": true,
                  "pending": false,
                  "context": null,
                  "code": "if (width < 768) {\n    // Mobile: search should be hidden or in different location\n    cy.get('[data-testid=\"search-bar\"]').should('not.be.visible');\n    cy.get('[data-testid=\"search-icon\"]').should('be.visible');\n}\nelse {\n    // Desktop: search bar should be visible\n    cy.get('[data-testid=\"search-bar\"]').should('be.visible');\n}",
                  "err": {
                    "message": "AssertionError: Timed out retrying after 12000ms: Expected to find element: `[data-testid=\"search-bar\"]`, but never found it.",
                    "estack": "AssertionError: Timed out retrying after 12000ms: Expected to find element: `[data-testid=\"search-bar\"]`, but never found it.\n    at Context.eval (webpack://vite-react-typescript-starter/./cypress/e2e/responsive.cy.ts:61:47)",
                    "diff": null
                  },
                  "uuid": "8c4ffe71-f6d8-4648-9a8b-813701464515",
                  "parentUUID": "38612027-b2d7-4e2c-9444-354f370cbd28",
                  "isHook": false,
                  "skipped": false
                },
                {
                  "title": "should have proper button sizes (minimum 44px)",
                  "fullTitle": "Responsive Design Tests Desktop Large (1440x900) should have proper button sizes (minimum 44px)",
                  "timedOut": null,
                  "duration": 3062,
                  "state": "passed",
                  "speed": "fast",
                  "pass": true,
                  "fail": false,
                  "pending": false,
                  "context": null,
                  "code": "cy.get('button').each(function ($button) {\n    cy.wrap($button).should(function ($el) {\n        var rect = $el[0].getBoundingClientRect();\n        expect(rect.height).to.be.at.least(44);\n        expect(rect.width).to.be.at.least(44);\n    });\n});",
                  "err": {},
                  "uuid": "b4784f05-f606-4655-b101-2d8842bd7784",
                  "parentUUID": "38612027-b2d7-4e2c-9444-354f370cbd28",
                  "isHook": false,
                  "skipped": false
                },
                {
                  "title": "should have proper text sizes",
                  "fullTitle": "Responsive Design Tests Desktop Large (1440x900) should have proper text sizes",
                  "timedOut": null,
                  "duration": 2880,
                  "state": "passed",
                  "speed": "fast",
                  "pass": true,
                  "fail": false,
                  "pending": false,
                  "context": null,
                  "code": "cy.get('h1').should('have.css', 'font-size').and('match', /(1[6-9]|[2-9][0-9])px/);\ncy.get('p').should('have.css', 'font-size').and('match', /(1[4-9]|[2-9][0-9])px/);",
                  "err": {},
                  "uuid": "6eb47942-cbb6-42c0-b380-43e79885dee9",
                  "parentUUID": "38612027-b2d7-4e2c-9444-354f370cbd28",
                  "isHook": false,
                  "skipped": false
                },
                {
                  "title": "should have proper spacing",
                  "fullTitle": "Responsive Design Tests Desktop Large (1440x900) should have proper spacing",
                  "timedOut": null,
                  "duration": 12698,
                  "state": "failed",
                  "speed": null,
                  "pass": false,
                  "fail": true,
                  "pending": false,
                  "context": null,
                  "code": "cy.get('[data-testid=\"main-content\"]').should('have.css', 'padding');\ncy.get('[data-testid=\"main-content\"]').should('have.css', 'margin');",
                  "err": {
                    "message": "AssertionError: Timed out retrying after 12000ms: Expected to find element: `[data-testid=\"main-content\"]`, but never found it.",
                    "estack": "AssertionError: Timed out retrying after 12000ms: Expected to find element: `[data-testid=\"main-content\"]`, but never found it.\n    at Context.eval (webpack://vite-react-typescript-starter/./cypress/e2e/responsive.cy.ts:81:47)",
                    "diff": null
                  },
                  "uuid": "78a3cb58-a4f9-4787-b861-facbae3a7d75",
                  "parentUUID": "38612027-b2d7-4e2c-9444-354f370cbd28",
                  "isHook": false,
                  "skipped": false
                }
              ],
              "suites": [],
              "passes": [
                "8cb3fd43-9bc2-44f9-a3a7-630f96c2411a",
                "b4784f05-f606-4655-b101-2d8842bd7784",
                "6eb47942-cbb6-42c0-b380-43e79885dee9"
              ],
              "failures": [
                "a88a63c5-d00e-4d83-87da-aaff0addbe1b",
                "8c4ffe71-f6d8-4648-9a8b-813701464515",
                "78a3cb58-a4f9-4787-b861-facbae3a7d75"
              ],
              "pending": [],
              "skipped": [],
              "duration": 51109,
              "root": false,
              "rootEmpty": false,
              "_timeout": 2000
            },
            {
              "uuid": "2a119e05-7121-4622-ba21-3695e886aaca",
              "title": "Mobile Navigation Tests",
              "fullFile": "",
              "file": "",
              "beforeHooks": [],
              "afterHooks": [],
              "tests": [
                {
                  "title": "should open mobile drawer when hamburger menu is clicked",
                  "fullTitle": "Responsive Design Tests Mobile Navigation Tests should open mobile drawer when hamburger menu is clicked",
                  "timedOut": null,
                  "duration": 15247,
                  "state": "failed",
                  "speed": null,
                  "pass": false,
                  "fail": true,
                  "pending": false,
                  "context": null,
                  "code": "cy.get('[data-testid=\"hamburger-menu\"]').click();\ncy.get('[data-testid=\"mobile-drawer\"]').should('be.visible');\ncy.get('[data-testid=\"mobile-drawer\"]').should('have.class', 'translate-x-0');",
                  "err": {
                    "message": "AssertionError: Timed out retrying after 12000ms: Expected to find element: `[data-testid=\"hamburger-menu\"]`, but never found it.",
                    "estack": "AssertionError: Timed out retrying after 12000ms: Expected to find element: `[data-testid=\"hamburger-menu\"]`, but never found it.\n    at Context.eval (webpack://vite-react-typescript-starter/./cypress/e2e/responsive.cy.ts:94:9)",
                    "diff": null
                  },
                  "uuid": "67bf16d0-c8d2-40d9-8257-83fc50cbd07c",
                  "parentUUID": "2a119e05-7121-4622-ba21-3695e886aaca",
                  "isHook": false,
                  "skipped": false
                },
                {
                  "title": "should close mobile drawer when backdrop is clicked",
                  "fullTitle": "Responsive Design Tests Mobile Navigation Tests should close mobile drawer when backdrop is clicked",
                  "timedOut": null,
                  "duration": 14884,
                  "state": "failed",
                  "speed": null,
                  "pass": false,
                  "fail": true,
                  "pending": false,
                  "context": null,
                  "code": "cy.get('[data-testid=\"hamburger-menu\"]').click();\ncy.get('[data-testid=\"mobile-drawer\"]').should('be.visible');\ncy.get('[data-testid=\"drawer-backdrop\"]').click({ force: true });\ncy.get('[data-testid=\"mobile-drawer\"]').should('not.be.visible');",
                  "err": {
                    "message": "AssertionError: Timed out retrying after 12000ms: Expected to find element: `[data-testid=\"hamburger-menu\"]`, but never found it.",
                    "estack": "AssertionError: Timed out retrying after 12000ms: Expected to find element: `[data-testid=\"hamburger-menu\"]`, but never found it.\n    at Context.eval (webpack://vite-react-typescript-starter/./cypress/e2e/responsive.cy.ts:100:9)",
                    "diff": null
                  },
                  "uuid": "1c59ff9b-15b2-4d8f-be78-66bbb0f86c57",
                  "parentUUID": "2a119e05-7121-4622-ba21-3695e886aaca",
                  "isHook": false,
                  "skipped": false
                },
                {
                  "title": "should close mobile drawer when escape key is pressed",
                  "fullTitle": "Responsive Design Tests Mobile Navigation Tests should close mobile drawer when escape key is pressed",
                  "timedOut": null,
                  "duration": 14819,
                  "state": "failed",
                  "speed": null,
                  "pass": false,
                  "fail": true,
                  "pending": false,
                  "context": null,
                  "code": "cy.get('[data-testid=\"hamburger-menu\"]').click();\ncy.get('[data-testid=\"mobile-drawer\"]').should('be.visible');\ncy.get('body').type('{esc}');\ncy.get('[data-testid=\"mobile-drawer\"]').should('not.be.visible');",
                  "err": {
                    "message": "AssertionError: Timed out retrying after 12000ms: Expected to find element: `[data-testid=\"hamburger-menu\"]`, but never found it.",
                    "estack": "AssertionError: Timed out retrying after 12000ms: Expected to find element: `[data-testid=\"hamburger-menu\"]`, but never found it.\n    at Context.eval (webpack://vite-react-typescript-starter/./cypress/e2e/responsive.cy.ts:107:9)",
                    "diff": null
                  },
                  "uuid": "3c94197e-7e7b-40f1-ad03-2e52267878ca",
                  "parentUUID": "2a119e05-7121-4622-ba21-3695e886aaca",
                  "isHook": false,
                  "skipped": false
                },
                {
                  "title": "should navigate to correct page when menu item is clicked",
                  "fullTitle": "Responsive Design Tests Mobile Navigation Tests should navigate to correct page when menu item is clicked",
                  "timedOut": null,
                  "duration": 14654,
                  "state": "failed",
                  "speed": null,
                  "pass": false,
                  "fail": true,
                  "pending": false,
                  "context": null,
                  "code": "cy.get('[data-testid=\"hamburger-menu\"]').click();\ncy.get('[data-testid=\"mobile-drawer\"]').should('be.visible');\ncy.get('[data-testid=\"nav-schedule\"]').click();\ncy.url().should('include', '/schedule');\ncy.get('[data-testid=\"mobile-drawer\"]').should('not.be.visible');",
                  "err": {
                    "message": "AssertionError: Timed out retrying after 12000ms: Expected to find element: `[data-testid=\"hamburger-menu\"]`, but never found it.",
                    "estack": "AssertionError: Timed out retrying after 12000ms: Expected to find element: `[data-testid=\"hamburger-menu\"]`, but never found it.\n    at Context.eval (webpack://vite-react-typescript-starter/./cypress/e2e/responsive.cy.ts:114:9)",
                    "diff": null
                  },
                  "uuid": "dc5f9e73-29af-4f00-8543-22e4b2e1772d",
                  "parentUUID": "2a119e05-7121-4622-ba21-3695e886aaca",
                  "isHook": false,
                  "skipped": false
                }
              ],
              "suites": [],
              "passes": [],
              "failures": [
                "67bf16d0-c8d2-40d9-8257-83fc50cbd07c",
                "1c59ff9b-15b2-4d8f-be78-66bbb0f86c57",
                "3c94197e-7e7b-40f1-ad03-2e52267878ca",
                "dc5f9e73-29af-4f00-8543-22e4b2e1772d"
              ],
              "pending": [],
              "skipped": [],
              "duration": 59604,
              "root": false,
              "rootEmpty": false,
              "_timeout": 2000
            },
            {
              "uuid": "87c5083d-671b-4017-9caf-38455fff460d",
              "title": "Table Responsive Tests",
              "fullFile": "",
              "file": "",
              "beforeHooks": [],
              "afterHooks": [],
              "tests": [
                {
                  "title": "should display table as cards on mobile",
                  "fullTitle": "Responsive Design Tests Table Responsive Tests should display table as cards on mobile",
                  "timedOut": null,
                  "duration": 14914,
                  "state": "failed",
                  "speed": null,
                  "pass": false,
                  "fail": true,
                  "pending": false,
                  "context": null,
                  "code": "cy.viewport(375, 667);\ncy.get('[data-testid=\"responsive-table\"]').should('have.class', 'block');\ncy.get('[data-testid=\"table-cards\"]').should('be.visible');",
                  "err": {
                    "message": "AssertionError: Timed out retrying after 12000ms: Expected to find element: `[data-testid=\"responsive-table\"]`, but never found it.",
                    "estack": "AssertionError: Timed out retrying after 12000ms: Expected to find element: `[data-testid=\"responsive-table\"]`, but never found it.\n    at Context.eval (webpack://vite-react-typescript-starter/./cypress/e2e/responsive.cy.ts:129:49)",
                    "diff": null
                  },
                  "uuid": "60013421-c00f-42e6-88fd-c19f29fa84c9",
                  "parentUUID": "87c5083d-671b-4017-9caf-38455fff460d",
                  "isHook": false,
                  "skipped": false
                },
                {
                  "title": "should display table normally on desktop",
                  "fullTitle": "Responsive Design Tests Table Responsive Tests should display table normally on desktop",
                  "timedOut": null,
                  "duration": 14683,
                  "state": "failed",
                  "speed": null,
                  "pass": false,
                  "fail": true,
                  "pending": false,
                  "context": null,
                  "code": "cy.viewport(1024, 768);\ncy.get('[data-testid=\"responsive-table\"]').should('not.have.class', 'block');\ncy.get('[data-testid=\"table-cards\"]').should('not.be.visible');\ncy.get('table').should('be.visible');",
                  "err": {
                    "message": "AssertionError: Timed out retrying after 12000ms: Expected to find element: `[data-testid=\"responsive-table\"]`, but never found it.",
                    "estack": "AssertionError: Timed out retrying after 12000ms: Expected to find element: `[data-testid=\"responsive-table\"]`, but never found it.\n    at Context.eval (webpack://vite-react-typescript-starter/./cypress/e2e/responsive.cy.ts:135:49)",
                    "diff": null
                  },
                  "uuid": "9a9c04c7-215f-49c9-8329-1a6e6d1f0cad",
                  "parentUUID": "87c5083d-671b-4017-9caf-38455fff460d",
                  "isHook": false,
                  "skipped": false
                },
                {
                  "title": "should be horizontally scrollable on tablet",
                  "fullTitle": "Responsive Design Tests Table Responsive Tests should be horizontally scrollable on tablet",
                  "timedOut": null,
                  "duration": 14807,
                  "state": "failed",
                  "speed": null,
                  "pass": false,
                  "fail": true,
                  "pending": false,
                  "context": null,
                  "code": "cy.viewport(768, 1024);\ncy.get('[data-testid=\"table-container\"]').should('have.css', 'overflow-x', 'auto');",
                  "err": {
                    "message": "AssertionError: Timed out retrying after 12000ms: Expected to find element: `[data-testid=\"table-container\"]`, but never found it.",
                    "estack": "AssertionError: Timed out retrying after 12000ms: Expected to find element: `[data-testid=\"table-container\"]`, but never found it.\n    at Context.eval (webpack://vite-react-typescript-starter/./cypress/e2e/responsive.cy.ts:142:48)",
                    "diff": null
                  },
                  "uuid": "5007a306-66ab-4f1f-a8bb-9094447c93e7",
                  "parentUUID": "87c5083d-671b-4017-9caf-38455fff460d",
                  "isHook": false,
                  "skipped": false
                }
              ],
              "suites": [],
              "passes": [],
              "failures": [
                "60013421-c00f-42e6-88fd-c19f29fa84c9",
                "9a9c04c7-215f-49c9-8329-1a6e6d1f0cad",
                "5007a306-66ab-4f1f-a8bb-9094447c93e7"
              ],
              "pending": [],
              "skipped": [],
              "duration": 44404,
              "root": false,
              "rootEmpty": false,
              "_timeout": 2000
            },
            {
              "uuid": "b7e4fa32-9cde-4936-a323-e430c255e068",
              "title": "Modal Responsive Tests",
              "fullFile": "",
              "file": "",
              "beforeHooks": [],
              "afterHooks": [],
              "tests": [
                {
                  "title": "should display modal full-screen on mobile",
                  "fullTitle": "Responsive Design Tests Modal Responsive Tests should display modal full-screen on mobile",
                  "timedOut": null,
                  "duration": 14655,
                  "state": "failed",
                  "speed": null,
                  "pass": false,
                  "fail": true,
                  "pending": false,
                  "context": null,
                  "code": "cy.viewport(375, 667);\ncy.get('[data-testid=\"sync-button\"]').click();\ncy.get('[data-testid=\"modal\"]').should('have.class', 'w-full');\ncy.get('[data-testid=\"modal\"]').should('have.class', 'h-full');\ncy.get('[data-testid=\"modal\"]').should('have.class', 'rounded-none');",
                  "err": {
                    "message": "AssertionError: Timed out retrying after 12000ms: Expected to find element: `[data-testid=\"sync-button\"]`, but never found it.",
                    "estack": "AssertionError: Timed out retrying after 12000ms: Expected to find element: `[data-testid=\"sync-button\"]`, but never found it.\n    at Context.eval (webpack://vite-react-typescript-starter/./cypress/e2e/responsive.cy.ts:153:9)",
                    "diff": null
                  },
                  "uuid": "610fa1be-aa31-471b-9d9e-26bac475f265",
                  "parentUUID": "b7e4fa32-9cde-4936-a323-e430c255e068",
                  "isHook": false,
                  "skipped": false
                },
                {
                  "title": "should display modal normally on desktop",
                  "fullTitle": "Responsive Design Tests Modal Responsive Tests should display modal normally on desktop",
                  "timedOut": null,
                  "duration": 14191,
                  "state": "failed",
                  "speed": null,
                  "pass": false,
                  "fail": true,
                  "pending": false,
                  "context": null,
                  "code": "cy.viewport(1024, 768);\ncy.get('[data-testid=\"sync-button\"]').click();\ncy.get('[data-testid=\"modal\"]').should('not.have.class', 'w-full');\ncy.get('[data-testid=\"modal\"]').should('not.have.class', 'h-full');\ncy.get('[data-testid=\"modal\"]').should('not.have.class', 'rounded-none');",
                  "err": {
                    "message": "AssertionError: Timed out retrying after 12000ms: Expected to find element: `[data-testid=\"sync-button\"]`, but never found it.",
                    "estack": "AssertionError: Timed out retrying after 12000ms: Expected to find element: `[data-testid=\"sync-button\"]`, but never found it.\n    at Context.eval (webpack://vite-react-typescript-starter/./cypress/e2e/responsive.cy.ts:161:9)",
                    "diff": null
                  },
                  "uuid": "8bdb80ae-5532-4447-bcb1-ba32d4e5df32",
                  "parentUUID": "b7e4fa32-9cde-4936-a323-e430c255e068",
                  "isHook": false,
                  "skipped": false
                }
              ],
              "suites": [],
              "passes": [],
              "failures": [
                "610fa1be-aa31-471b-9d9e-26bac475f265",
                "8bdb80ae-5532-4447-bcb1-ba32d4e5df32"
              ],
              "pending": [],
              "skipped": [],
              "duration": 28846,
              "root": false,
              "rootEmpty": false,
              "_timeout": 2000
            },
            {
              "uuid": "89945e0f-03f8-469a-a772-40d1bcad030c",
              "title": "Form Responsive Tests",
              "fullFile": "",
              "file": "",
              "beforeHooks": [],
              "afterHooks": [],
              "tests": [
                {
                  "title": "should have proper form layout on mobile",
                  "fullTitle": "Responsive Design Tests Form Responsive Tests should have proper form layout on mobile",
                  "timedOut": null,
                  "duration": 15586,
                  "state": "failed",
                  "speed": null,
                  "pass": false,
                  "fail": true,
                  "pending": false,
                  "context": null,
                  "code": "cy.viewport(375, 667);\ncy.get('form').should('have.css', 'padding');\ncy.get('input').each(function ($input) {\n    cy.wrap($input).should(function ($el) {\n        var rect = $el[0].getBoundingClientRect();\n        expect(rect.height).to.be.at.least(44);\n    });\n});",
                  "err": {
                    "message": "AssertionError: Timed out retrying after 12000ms: expected 40 to be at least 44",
                    "estack": "AssertionError: Timed out retrying after 12000ms: expected 40 to be at least 44\n    at Context.eval (webpack://vite-react-typescript-starter/./cypress/e2e/responsive.cy.ts:179:39)\n    at <unknown> (http://localhost:5173/__cypress/runner/cypress_runner.js:121877:17)\n    at tryCatcher (http://localhost:5173/__cypress/runner/cypress_runner.js:1777:23)\n    at Promise.attempt.Promise.try (http://localhost:5173/__cypress/runner/cypress_runner.js:4285:29)\n    at Context.shouldFnWithCallback (http://localhost:5173/__cypress/runner/cypress_runner.js:121874:66)\n    at Context.shouldFn (http://localhost:5173/__cypress/runner/cypress_runner.js:121917:37)",
                    "diff": "- 40\n+ 44\n"
                  },
                  "uuid": "c2433b83-cb59-44be-aea0-a6aa03c95144",
                  "parentUUID": "89945e0f-03f8-469a-a772-40d1bcad030c",
                  "isHook": false,
                  "skipped": false
                },
                {
                  "title": "should have proper form layout on desktop",
                  "fullTitle": "Responsive Design Tests Form Responsive Tests should have proper form layout on desktop",
                  "timedOut": null,
                  "duration": 15525,
                  "state": "failed",
                  "speed": null,
                  "pass": false,
                  "fail": true,
                  "pending": false,
                  "context": null,
                  "code": "cy.viewport(1024, 768);\ncy.get('form').should('have.css', 'max-width');\ncy.get('form').should('have.css', 'margin', '0px auto');",
                  "err": {
                    "message": "AssertionError: Timed out retrying after 12000ms: expected '<form#login-form.space-y-6>' to have CSS property 'margin' with the value '0px auto', but the value was '0px'",
                    "estack": "AssertionError: Timed out retrying after 12000ms: expected '<form#login-form.space-y-6>' to have CSS property 'margin' with the value '0px auto', but the value was '0px'\n    at Context.eval (webpack://vite-react-typescript-starter/./cypress/e2e/responsive.cy.ts:187:21)",
                    "diff": "- '0px'\n+ '0px auto'\n"
                  },
                  "uuid": "fc3fea42-b504-4e0b-b83c-b7c5e12a9b57",
                  "parentUUID": "89945e0f-03f8-469a-a772-40d1bcad030c",
                  "isHook": false,
                  "skipped": false
                }
              ],
              "suites": [],
              "passes": [],
              "failures": [
                "c2433b83-cb59-44be-aea0-a6aa03c95144",
                "fc3fea42-b504-4e0b-b83c-b7c5e12a9b57"
              ],
              "pending": [],
              "skipped": [],
              "duration": 31111,
              "root": false,
              "rootEmpty": false,
              "_timeout": 2000
            },
            {
              "uuid": "0b64dead-8e21-489e-8cb3-601c2b6db217",
              "title": "Touch Interaction Tests",
              "fullFile": "",
              "file": "",
              "beforeHooks": [],
              "afterHooks": [],
              "tests": [
                {
                  "title": "should handle touch events properly",
                  "fullTitle": "Responsive Design Tests Touch Interaction Tests should handle touch events properly",
                  "timedOut": null,
                  "duration": 14973,
                  "state": "failed",
                  "speed": null,
                  "pass": false,
                  "fail": true,
                  "pending": false,
                  "context": null,
                  "code": "cy.get('[data-testid=\"hamburger-menu\"]').trigger('touchstart');\ncy.get('[data-testid=\"hamburger-menu\"]').trigger('touchend');\ncy.get('[data-testid=\"mobile-drawer\"]').should('be.visible');",
                  "err": {
                    "message": "AssertionError: Timed out retrying after 12000ms: Expected to find element: `[data-testid=\"hamburger-menu\"]`, but never found it.",
                    "estack": "AssertionError: Timed out retrying after 12000ms: Expected to find element: `[data-testid=\"hamburger-menu\"]`, but never found it.\n    at Context.eval (webpack://vite-react-typescript-starter/./cypress/e2e/responsive.cy.ts:198:9)",
                    "diff": null
                  },
                  "uuid": "e3bb9e42-7ab6-4fbb-8398-76bb9eebd5cc",
                  "parentUUID": "0b64dead-8e21-489e-8cb3-601c2b6db217",
                  "isHook": false,
                  "skipped": false
                },
                {
                  "title": "should have proper touch targets",
                  "fullTitle": "Responsive Design Tests Touch Interaction Tests should have proper touch targets",
                  "timedOut": null,
                  "duration": 14671,
                  "state": "failed",
                  "speed": null,
                  "pass": false,
                  "fail": true,
                  "pending": false,
                  "context": null,
                  "code": "cy.get('button, a, input, select, textarea').each(function ($element) {\n    cy.wrap($element).should(function ($el) {\n        var rect = $el[0].getBoundingClientRect();\n        expect(rect.height).to.be.at.least(44);\n        expect(rect.width).to.be.at.least(44);\n    });\n});",
                  "err": {
                    "message": "AssertionError: Timed out retrying after 12000ms: expected 1 to be at least 44",
                    "estack": "AssertionError: Timed out retrying after 12000ms: expected 1 to be at least 44\n    at Context.eval (webpack://vite-react-typescript-starter/./cypress/e2e/responsive.cy.ts:207:39)\n    at <unknown> (http://localhost:5173/__cypress/runner/cypress_runner.js:121877:17)\n    at tryCatcher (http://localhost:5173/__cypress/runner/cypress_runner.js:1777:23)\n    at Promise.attempt.Promise.try (http://localhost:5173/__cypress/runner/cypress_runner.js:4285:29)\n    at Context.shouldFnWithCallback (http://localhost:5173/__cypress/runner/cypress_runner.js:121874:66)\n    at Context.shouldFn (http://localhost:5173/__cypress/runner/cypress_runner.js:121917:37)",
                    "diff": "- 1\n+ 44\n"
                  },
                  "uuid": "c89f0284-900a-4db2-968b-3729f52badb6",
                  "parentUUID": "0b64dead-8e21-489e-8cb3-601c2b6db217",
                  "isHook": false,
                  "skipped": false
                }
              ],
              "suites": [],
              "passes": [],
              "failures": [
                "e3bb9e42-7ab6-4fbb-8398-76bb9eebd5cc",
                "c89f0284-900a-4db2-968b-3729f52badb6"
              ],
              "pending": [],
              "skipped": [],
              "duration": 29644,
              "root": false,
              "rootEmpty": false,
              "_timeout": 2000
            },
            {
              "uuid": "ec02ed2e-4fd0-4a67-986a-5a189dad2536",
              "title": "Orientation Tests",
              "fullFile": "",
              "file": "",
              "beforeHooks": [],
              "afterHooks": [],
              "tests": [
                {
                  "title": "should adapt to landscape orientation",
                  "fullTitle": "Responsive Design Tests Orientation Tests should adapt to landscape orientation",
                  "timedOut": null,
                  "duration": 2590,
                  "state": "passed",
                  "speed": "fast",
                  "pass": true,
                  "fail": false,
                  "pending": false,
                  "context": null,
                  "code": "cy.viewport(667, 375); // Landscape mobile\ncy.visit('/student-dashboard');\ncy.get('body').should('not.have.css', 'overflow-x', 'scroll');",
                  "err": {},
                  "uuid": "7a24d86e-26f1-4366-a3bc-1ce62b99128e",
                  "parentUUID": "ec02ed2e-4fd0-4a67-986a-5a189dad2536",
                  "isHook": false,
                  "skipped": false
                },
                {
                  "title": "should adapt to portrait orientation",
                  "fullTitle": "Responsive Design Tests Orientation Tests should adapt to portrait orientation",
                  "timedOut": null,
                  "duration": 2233,
                  "state": "passed",
                  "speed": "fast",
                  "pass": true,
                  "fail": false,
                  "pending": false,
                  "context": null,
                  "code": "cy.viewport(375, 667); // Portrait mobile\ncy.visit('/student-dashboard');\ncy.get('body').should('not.have.css', 'overflow-x', 'scroll');",
                  "err": {},
                  "uuid": "203c0e18-beab-45d7-b53b-ef9c71024b22",
                  "parentUUID": "ec02ed2e-4fd0-4a67-986a-5a189dad2536",
                  "isHook": false,
                  "skipped": false
                }
              ],
              "suites": [],
              "passes": [
                "7a24d86e-26f1-4366-a3bc-1ce62b99128e",
                "203c0e18-beab-45d7-b53b-ef9c71024b22"
              ],
              "failures": [],
              "pending": [],
              "skipped": [],
              "duration": 4823,
              "root": false,
              "rootEmpty": false,
              "_timeout": 2000
            },
            {
              "uuid": "5bc2681e-8aa7-4486-9066-438f81b3a635",
              "title": "Performance Tests",
              "fullFile": "",
              "file": "",
              "beforeHooks": [],
              "afterHooks": [],
              "tests": [
                {
                  "title": "should load within acceptable time on mobile",
                  "fullTitle": "Responsive Design Tests Performance Tests should load within acceptable time on mobile",
                  "timedOut": null,
                  "duration": 14813,
                  "state": "failed",
                  "speed": null,
                  "pass": false,
                  "fail": true,
                  "pending": false,
                  "context": null,
                  "code": "cy.viewport(375, 667);\nvar startTime = Date.now();\ncy.visit('/student-dashboard');\ncy.get('[data-testid=\"main-content\"]').should('be.visible').then(function () {\n    var loadTime = Date.now() - startTime;\n    expect(loadTime).to.be.lessThan(3000); // 3 seconds\n});",
                  "err": {
                    "message": "AssertionError: Timed out retrying after 12000ms: Expected to find element: `[data-testid=\"main-content\"]`, but never found it.",
                    "estack": "AssertionError: Timed out retrying after 12000ms: Expected to find element: `[data-testid=\"main-content\"]`, but never found it.\n    at Context.eval (webpack://vite-react-typescript-starter/./cypress/e2e/responsive.cy.ts:233:45)",
                    "diff": null
                  },
                  "uuid": "225a1ed2-b700-4a38-ac3e-db7a16a82f8c",
                  "parentUUID": "5bc2681e-8aa7-4486-9066-438f81b3a635",
                  "isHook": false,
                  "skipped": false
                },
                {
                  "title": "should have acceptable bundle size",
                  "fullTitle": "Responsive Design Tests Performance Tests should have acceptable bundle size",
                  "timedOut": null,
                  "duration": 341,
                  "state": "passed",
                  "speed": "fast",
                  "pass": true,
                  "fail": false,
                  "pending": false,
                  "context": null,
                  "code": "cy.window().then(function (win) {\n    var performance = win.performance;\n    var navigation = performance.getEntriesByType('navigation')[0];\n    expect(navigation.transferSize).to.be.lessThan(2 * 1024 * 1024); // 2MB\n});",
                  "err": {},
                  "uuid": "429bef88-e404-43ee-9cf8-1e525522e7e5",
                  "parentUUID": "5bc2681e-8aa7-4486-9066-438f81b3a635",
                  "isHook": false,
                  "skipped": false
                }
              ],
              "suites": [],
              "passes": [
                "429bef88-e404-43ee-9cf8-1e525522e7e5"
              ],
              "failures": [
                "225a1ed2-b700-4a38-ac3e-db7a16a82f8c"
              ],
              "pending": [],
              "skipped": [],
              "duration": 15154,
              "root": false,
              "rootEmpty": false,
              "_timeout": 2000
            }
          ],
          "passes": [],
          "failures": [],
          "pending": [],
          "skipped": [],
          "duration": 0,
          "root": false,
          "rootEmpty": false,
          "_timeout": 2000
        }
      ],
      "passes": [],
      "failures": [],
      "pending": [],
      "skipped": [],
      "duration": 0,
      "root": true,
      "rootEmpty": true,
      "_timeout": 2000
    }
  ],
  "meta": {
    "mocha": {
      "version": "7.2.0"
    },
    "mochawesome": {
      "options": {
        "quiet": false,
        "reportFilename": "mochawesome",
        "saveHtml": false,
        "saveJson": true,
        "consoleReporter": "spec",
        "useInlineDiffs": false,
        "code": true
      },
      "version": "7.1.4"
    },
    "marge": {
      "options": {
        "reportDir": "cypress/results",
        "overwrite": false,
        "html": false,
        "json": true
      },
      "version": "6.3.2"
    }
  }
}